RUN	20121023103415	run	run
ACTION	Send GET requests to Queue Manager	1	Start of scenario	1350981258372	1350981258372	1350981258372	1350981258372	OK	 
ACTION	Send GET requests to Queue Manager	1	Request GET request	1350981258590	1350981258577	1350981258590	1350981258590	OK	 
ACTION	Send GET requests to Queue Manager	1	Request GET request	1350981258619	1350981258639	1350981258622	1350981258639	OK	 
ACTION	Send GET requests to Queue Manager	1	Request GET request	1350981258641	1350981258653	1350981258643	1350981258653	OK	 
ACTION	Send GET requests to Queue Manager	1	Request GET request	1350981258655	1350981258662	1350981258656	1350981258662	OK	 
ACTION	Send GET requests to Queue Manager	1	Request GET request	1350981258666	1350981258681	1350981258667	1350981258681	OK	 
ACTION	Send GET requests to Queue Manager	1	Request GET request	1350981258696	1350981258729	1350981258697	1350981258729	OK	 
ACTION	Send GET requests to Queue Manager	1	Request GET request	1350981258732	1350981258783	1350981258736	1350981258783	OK	 
ACTION	Send GET requests to Queue Manager	1	Request GET request	1350981258784	1350981258849	1350981258798	1350981258849	OK	 
ACTION	Send GET requests to Queue Manager	1	Request GET request	1350981258851	1350981258897	1350981258852	1350981258897	OK	 
ACTION	Send GET requests to Queue Manager	1	Request GET request	1350981258901	1350981258934	1350981258902	1350981258934	OK	 
ACTION	Send GET requests to Queue Manager	1	Request GET request	1350981258936	1350981258960	1350981258952	1350981258960	OK	 
ACTION	Send GET requests to Queue Manager	1	Request GET request	1350981258962	1350981258987	1350981258973	1350981258987	OK	 
ACTION	Send GET requests to Queue Manager	1	Request GET request	1350981259000	1350981259033	1350981259003	1350981259033	OK	 
ACTION	Send GET requests to Queue Manager	1	Request GET request	1350981259036	1350981259103	1350981259050	1350981259103	OK	 
ACTION	Send GET requests to Queue Manager	1	Request GET request	1350981259108	1350981259144	1350981259113	1350981259144	OK	 
ACTION	Send GET requests to Queue Manager	1	Request GET request	1350981259149	1350981259225	1350981259224	1350981259225	OK	 
ACTION	Send GET requests to Queue Manager	1	Request GET request	1350981259232	1350981259249	1350981259233	1350981259249	OK	 
ACTION	Send GET requests to Queue Manager	1	Request GET request	1350981259251	1350981259300	1350981259269	1350981259300	OK	 
ACTION	Send GET requests to Queue Manager	1	Request GET request	1350981259302	1350981259328	1350981259311	1350981259328	OK	 
ACTION	Send GET requests to Queue Manager	1	Request GET request	1350981259331	1350981259356	1350981259337	1350981259356	OK	 
ACTION	Send GET requests to Queue Manager	1	Request GET request	1350981259358	1350981259412	1350981259360	1350981259412	OK	 
ACTION	Send GET requests to Queue Manager	1	Request GET request	1350981259413	1350981259449	1350981259415	1350981259449	OK	 
ACTION	Send GET requests to Queue Manager	1	Request GET request	1350981259451	1350981259469	1350981259454	1350981259469	OK	 
ACTION	Send GET requests to Queue Manager	1	Request GET request	1350981259471	1350981259512	1350981259472	1350981259512	OK	 
ACTION	Send GET requests to Queue Manager	1	Request GET request	1350981259515	1350981259570	1350981259516	1350981259569	OK	 
ACTION	Send GET requests to Queue Manager	1	Request GET request	1350981259571	1350981259615	1350981259588	1350981259615	OK	 
ACTION	Send GET requests to Queue Manager	1	Request GET request	1350981259616	1350981259654	1350981259618	1350981259654	OK	 
ACTION	Send GET requests to Queue Manager	1	Request GET request	1350981259655	1350981259722	1350981259660	1350981259722	OK	 
ACTION	Send GET requests to Queue Manager	1	Request GET request	1350981259725	1350981259753	1350981259741	1350981259753	OK	 
ACTION	Send GET requests to Queue Manager	1	Request GET request	1350981259754	1350981259780	1350981259755	1350981259779	OK	 
ACTION	Send GET requests to Queue Manager	1	Request GET request	1350981259782	1350981259812	1350981259785	1350981259812	OK	 
ACTION	Send GET requests to Queue Manager	1	Request GET request	1350981259815	1350981259830	1350981259825	1350981259830	OK	 
ACTION	Send GET requests to Queue Manager	1	Request GET request	1350981259832	1350981259862	1350981259834	1350981259862	OK	 
ACTION	Send GET requests to Queue Manager	1	Request GET request	1350981259864	1350981259875	1350981259865	1350981259875	OK	 
ACTION	Send GET requests to Queue Manager	1	Request GET request	1350981259877	1350981259947	1350981259878	1350981259946	OK	 
ACTION	Send GET requests to Queue Manager	1	Request GET request	1350981259948	1350981259968	1350981259961	1350981259968	OK	 
ACTION	Send GET requests to Queue Manager	1	Request GET request	1350981259969	1350981260002	1350981259971	1350981260002	OK	 
ACTION	Send GET requests to Queue Manager	1	Request GET request	1350981260004	1350981260022	1350981260008	1350981260022	OK	 
ACTION	Send GET requests to Queue Manager	1	Request GET request	1350981260023	1350981260053	1350981260025	1350981260053	OK	 
ACTION	Send GET requests to Queue Manager	1	Request GET request	1350981260054	1350981260070	1350981260054	1350981260070	OK	 
ACTION	Send GET requests to Queue Manager	1	Request GET request	1350981260077	1350981260085	1350981260077	1350981260085	OK	 
ACTION	Send GET requests to Queue Manager	1	Request GET request	1350981260086	1350981260095	1350981260086	1350981260095	OK	 
ACTION	Send GET requests to Queue Manager	1	Request GET request	1350981260098	1350981260118	1350981260098	1350981260118	OK	 
ACTION	Send GET requests to Queue Manager	1	Request GET request	1350981260120	1350981260140	1350981260120	1350981260140	OK	 
ACTION	Send GET requests to Queue Manager	1	Request GET request	1350981260149	1350981260161	1350981260152	1350981260161	OK	 
ACTION	Send GET requests to Queue Manager	1	Request GET request	1350981260164	1350981260184	1350981260164	1350981260184	OK	 
ACTION	Send GET requests to Queue Manager	1	Request GET request	1350981260191	1350981260210	1350981260191	1350981260210	OK	 
ACTION	Send GET requests to Queue Manager	1	Request GET request	1350981260213	1350981260226	1350981260213	1350981260226	OK	 
ACTION	Send GET requests to Queue Manager	1	Request GET request	1350981260228	1350981260258	1350981260228	1350981260258	OK	 
ACTION	Send GET requests to Queue Manager	1	Request GET request	1350981260263	1350981260284	1350981260263	1350981260284	OK	 
ACTION	Send GET requests to Queue Manager	1	Request GET request	1350981260286	1350981260295	1350981260286	1350981260295	OK	 
ACTION	Send GET requests to Queue Manager	1	Request GET request	1350981260297	1350981260305	1350981260297	1350981260305	OK	 
ACTION	Send GET requests to Queue Manager	1	Request GET request	1350981260307	1350981260318	1350981260307	1350981260318	OK	 
ACTION	Send GET requests to Queue Manager	1	Request GET request	1350981260320	1350981260329	1350981260320	1350981260329	OK	 
ACTION	Send GET requests to Queue Manager	1	Request GET request	1350981260332	1350981260341	1350981260332	1350981260341	OK	 
ACTION	Send GET requests to Queue Manager	1	Request GET request	1350981260343	1350981260352	1350981260343	1350981260351	OK	 
ACTION	Send GET requests to Queue Manager	1	Request GET request	1350981260354	1350981260377	1350981260355	1350981260377	OK	 
ACTION	Send GET requests to Queue Manager	1	Request GET request	1350981260378	1350981260396	1350981260378	1350981260396	OK	 
ACTION	Send GET requests to Queue Manager	1	Request GET request	1350981260399	1350981260425	1350981260399	1350981260425	OK	 
ACTION	Send GET requests to Queue Manager	1	Request GET request	1350981260428	1350981260444	1350981260428	1350981260444	OK	 
ACTION	Send GET requests to Queue Manager	1	Request GET request	1350981260447	1350981260455	1350981260447	1350981260455	OK	 
ACTION	Send GET requests to Queue Manager	1	Request GET request	1350981260456	1350981260464	1350981260456	1350981260464	OK	 
ACTION	Send GET requests to Queue Manager	1	Request GET request	1350981260466	1350981260475	1350981260466	1350981260474	OK	 
ACTION	Send GET requests to Queue Manager	1	Request GET request	1350981260477	1350981260488	1350981260477	1350981260487	OK	 
ACTION	Send GET requests to Queue Manager	1	Request GET request	1350981260489	1350981260503	1350981260489	1350981260503	OK	 
ACTION	Send GET requests to Queue Manager	1	Request GET request	1350981260504	1350981260539	1350981260504	1350981260539	OK	 
ACTION	Send GET requests to Queue Manager	1	Request GET request	1350981260541	1350981260552	1350981260541	1350981260551	OK	 
ACTION	Send GET requests to Queue Manager	1	Request GET request	1350981260557	1350981260570	1350981260557	1350981260570	OK	 
ACTION	Send GET requests to Queue Manager	1	Request GET request	1350981260571	1350981260615	1350981260572	1350981260615	OK	 
ACTION	Send GET requests to Queue Manager	1	Request GET request	1350981260618	1350981260631	1350981260618	1350981260631	OK	 
ACTION	Send GET requests to Queue Manager	1	Request GET request	1350981260635	1350981260645	1350981260635	1350981260645	OK	 
ACTION	Send GET requests to Queue Manager	1	Request GET request	1350981260646	1350981260654	1350981260646	1350981260654	OK	 
ACTION	Send GET requests to Queue Manager	1	Request GET request	1350981260657	1350981260672	1350981260657	1350981260672	OK	 
ACTION	Send GET requests to Queue Manager	1	Request GET request	1350981260675	1350981260684	1350981260675	1350981260684	OK	 
ACTION	Send GET requests to Queue Manager	1	Request GET request	1350981260685	1350981260694	1350981260685	1350981260694	OK	 
ACTION	Send GET requests to Queue Manager	1	Request GET request	1350981260698	1350981260707	1350981260698	1350981260706	OK	 
ACTION	Send GET requests to Queue Manager	1	Request GET request	1350981260709	1350981260740	1350981260709	1350981260740	OK	 
ACTION	Send GET requests to Queue Manager	1	Request GET request	1350981260742	1350981260812	1350981260742	1350981260812	OK	 
ACTION	Send GET requests to Queue Manager	1	Request GET request	1350981260813	1350981260849	1350981260813	1350981260849	OK	 
ACTION	Send GET requests to Queue Manager	1	Request GET request	1350981260852	1350981260870	1350981260852	1350981260869	OK	 
ACTION	Send GET requests to Queue Manager	1	Request GET request	1350981260872	1350981260885	1350981260872	1350981260885	OK	 
ACTION	Send GET requests to Queue Manager	1	Request GET request	1350981260888	1350981260898	1350981260889	1350981260898	OK	 
ACTION	Send GET requests to Queue Manager	1	Request GET request	1350981260900	1350981260909	1350981260900	1350981260909	OK	 
ACTION	Send GET requests to Queue Manager	1	Request GET request	1350981260911	1350981260920	1350981260912	1350981260920	OK	 
ACTION	Send GET requests to Queue Manager	1	Request GET request	1350981260923	1350981260933	1350981260923	1350981260933	OK	 
ACTION	Send GET requests to Queue Manager	1	Request GET request	1350981260934	1350981260942	1350981260934	1350981260942	OK	 
ACTION	Send GET requests to Queue Manager	1	Request GET request	1350981260943	1350981260962	1350981260943	1350981260961	OK	 
ACTION	Send GET requests to Queue Manager	1	Request GET request	1350981260967	1350981261012	1350981260967	1350981261011	OK	 
ACTION	Send GET requests to Queue Manager	1	Request GET request	1350981261013	1350981261027	1350981261013	1350981261026	OK	 
ACTION	Send GET requests to Queue Manager	1	Request GET request	1350981261038	1350981261064	1350981261042	1350981261064	OK	 
ACTION	Send GET requests to Queue Manager	1	Request GET request	1350981261065	1350981261083	1350981261065	1350981261083	OK	 
ACTION	Send GET requests to Queue Manager	1	Request GET request	1350981261084	1350981261097	1350981261084	1350981261097	OK	 
ACTION	Send GET requests to Queue Manager	1	Request GET request	1350981261099	1350981261126	1350981261099	1350981261126	OK	 
ACTION	Send GET requests to Queue Manager	1	Request GET request	1350981261128	1350981261179	1350981261128	1350981261179	OK	 
ACTION	Send GET requests to Queue Manager	1	Request GET request	1350981261184	1350981261196	1350981261184	1350981261196	OK	 
ACTION	Send GET requests to Queue Manager	1	Request GET request	1350981261199	1350981261224	1350981261200	1350981261223	OK	 
ACTION	Send GET requests to Queue Manager	1	Request GET request	1350981261226	1350981261250	1350981261226	1350981261250	OK	 
ACTION	Send GET requests to Queue Manager	1	Request GET request	1350981261251	1350981261262	1350981261251	1350981261262	OK	 
ACTION	Send GET requests to Queue Manager	1	Request GET request	1350981261266	1350981261286	1350981261266	1350981261286	OK	 
ACTION	Send GET requests to Queue Manager	1	Request GET request	1350981261288	1350981261301	1350981261288	1350981261301	OK	 
ACTION	Send GET requests to Queue Manager	1	Request GET request	1350981261302	1350981261317	1350981261302	1350981261317	OK	 
ACTION	Send GET requests to Queue Manager	1	Request GET request	1350981261319	1350981261330	1350981261319	1350981261330	OK	 
ACTION	Send GET requests to Queue Manager	1	Request GET request	1350981261333	1350981261341	1350981261333	1350981261341	OK	 
ACTION	Send GET requests to Queue Manager	1	Request GET request	1350981261343	1350981261354	1350981261343	1350981261354	OK	 
ACTION	Send GET requests to Queue Manager	1	Request GET request	1350981261355	1350981261364	1350981261355	1350981261363	OK	 
ACTION	Send GET requests to Queue Manager	1	Request GET request	1350981261366	1350981261376	1350981261366	1350981261376	OK	 
ACTION	Send GET requests to Queue Manager	1	Request GET request	1350981261378	1350981261390	1350981261378	1350981261390	OK	 
ACTION	Send GET requests to Queue Manager	1	Request GET request	1350981261391	1350981261401	1350981261391	1350981261401	OK	 
ACTION	Send GET requests to Queue Manager	1	Request GET request	1350981261403	1350981261413	1350981261404	1350981261412	OK	 
ACTION	Send GET requests to Queue Manager	1	Request GET request	1350981261416	1350981261424	1350981261416	1350981261424	OK	 
ACTION	Send GET requests to Queue Manager	1	Request GET request	1350981261426	1350981261440	1350981261426	1350981261440	OK	 
ACTION	Send GET requests to Queue Manager	1	Request GET request	1350981261443	1350981261455	1350981261443	1350981261455	OK	 
ACTION	Send GET requests to Queue Manager	1	Request GET request	1350981261457	1350981261465	1350981261457	1350981261465	OK	 
ACTION	Send GET requests to Queue Manager	1	Request GET request	1350981261467	1350981261478	1350981261467	1350981261478	OK	 
ACTION	Send GET requests to Queue Manager	1	Request GET request	1350981261479	1350981261492	1350981261479	1350981261492	OK	 
ACTION	Send GET requests to Queue Manager	1	Request GET request	1350981261494	1350981261508	1350981261494	1350981261507	OK	 
ACTION	Send GET requests to Queue Manager	1	Request GET request	1350981261509	1350981261528	1350981261509	1350981261527	OK	 
ACTION	Send GET requests to Queue Manager	1	Request GET request	1350981261529	1350981261544	1350981261536	1350981261544	OK	 
ACTION	Send GET requests to Queue Manager	1	Request GET request	1350981261547	1350981261556	1350981261547	1350981261556	OK	 
ACTION	Send GET requests to Queue Manager	1	Request GET request	1350981261559	1350981261577	1350981261559	1350981261577	OK	 
ACTION	Send GET requests to Queue Manager	1	Request GET request	1350981261579	1350981261587	1350981261579	1350981261587	OK	 
ACTION	Send GET requests to Queue Manager	1	Request GET request	1350981261589	1350981261606	1350981261589	1350981261606	OK	 
ACTION	Send GET requests to Queue Manager	1	Request GET request	1350981261609	1350981261619	1350981261609	1350981261619	OK	 
ACTION	Send GET requests to Queue Manager	1	Request GET request	1350981261621	1350981261631	1350981261621	1350981261631	OK	 
ACTION	Send GET requests to Queue Manager	1	Request GET request	1350981261633	1350981261652	1350981261633	1350981261652	OK	 
ACTION	Send GET requests to Queue Manager	1	Request GET request	1350981261656	1350981261667	1350981261657	1350981261667	OK	 
ACTION	Send GET requests to Queue Manager	1	Request GET request	1350981261669	1350981261684	1350981261669	1350981261684	OK	 
ACTION	Send GET requests to Queue Manager	1	Request GET request	1350981261686	1350981261697	1350981261686	1350981261697	OK	 
ACTION	Send GET requests to Queue Manager	1	Request GET request	1350981261699	1350981261710	1350981261699	1350981261710	OK	 
ACTION	Send GET requests to Queue Manager	1	Request GET request	1350981261712	1350981261722	1350981261712	1350981261722	OK	 
ACTION	Send GET requests to Queue Manager	1	Request GET request	1350981261724	1350981261735	1350981261724	1350981261735	OK	 
ACTION	Send GET requests to Queue Manager	1	Request GET request	1350981261736	1350981261747	1350981261736	1350981261747	OK	 
ACTION	Send GET requests to Queue Manager	1	Request GET request	1350981261749	1350981261773	1350981261749	1350981261773	OK	 
ACTION	Send GET requests to Queue Manager	1	Request GET request	1350981261775	1350981261783	1350981261775	1350981261783	OK	 
ACTION	Send GET requests to Queue Manager	1	Request GET request	1350981261788	1350981261798	1350981261788	1350981261798	OK	 
ACTION	Send GET requests to Queue Manager	1	Request GET request	1350981261800	1350981261815	1350981261801	1350981261815	OK	 
ACTION	Send GET requests to Queue Manager	1	Request GET request	1350981261820	1350981261831	1350981261820	1350981261831	OK	 
ACTION	Send GET requests to Queue Manager	1	Request GET request	1350981261832	1350981261853	1350981261832	1350981261853	OK	 
ACTION	Send GET requests to Queue Manager	1	Request GET request	1350981261855	1350981261877	1350981261855	1350981261877	OK	 
ACTION	Send GET requests to Queue Manager	1	Request GET request	1350981261878	1350981261892	1350981261878	1350981261892	OK	 
ACTION	Send GET requests to Queue Manager	1	Request GET request	1350981261895	1350981261905	1350981261895	1350981261905	OK	 
ACTION	Send GET requests to Queue Manager	1	Request GET request	1350981261907	1350981261919	1350981261907	1350981261919	OK	 
ACTION	Send GET requests to Queue Manager	1	Request GET request	1350981261922	1350981261932	1350981261922	1350981261932	OK	 
ACTION	Send GET requests to Queue Manager	1	Request GET request	1350981261933	1350981261943	1350981261933	1350981261943	OK	 
ACTION	Send GET requests to Queue Manager	1	Request GET request	1350981261946	1350981261958	1350981261947	1350981261958	OK	 
ACTION	Send GET requests to Queue Manager	1	Request GET request	1350981261960	1350981261972	1350981261960	1350981261972	OK	 
ACTION	Send GET requests to Queue Manager	1	Request GET request	1350981261974	1350981261997	1350981261974	1350981261997	OK	 
ACTION	Send GET requests to Queue Manager	1	Request GET request	1350981261999	1350981262008	1350981261999	1350981262008	OK	 
ACTION	Send GET requests to Queue Manager	1	Request GET request	1350981262010	1350981262020	1350981262010	1350981262020	OK	 
ACTION	Send GET requests to Queue Manager	1	Request GET request	1350981262022	1350981262032	1350981262022	1350981262032	OK	 
ACTION	Send GET requests to Queue Manager	1	Request GET request	1350981262034	1350981262054	1350981262034	1350981262054	OK	 
ACTION	Send GET requests to Queue Manager	1	Request GET request	1350981262055	1350981262068	1350981262055	1350981262067	OK	 
ACTION	Send GET requests to Queue Manager	1	Request GET request	1350981262070	1350981262085	1350981262070	1350981262085	OK	 
ACTION	Send GET requests to Queue Manager	1	Request GET request	1350981262087	1350981262096	1350981262087	1350981262096	OK	 
ACTION	Send GET requests to Queue Manager	1	Request GET request	1350981262098	1350981262111	1350981262098	1350981262111	OK	 
ACTION	Send GET requests to Queue Manager	1	Request GET request	1350981262113	1350981262128	1350981262113	1350981262128	OK	 
ACTION	Send GET requests to Queue Manager	1	Request GET request	1350981262129	1350981262138	1350981262129	1350981262138	OK	 
ACTION	Send GET requests to Queue Manager	1	Request GET request	1350981262140	1350981262149	1350981262140	1350981262149	OK	 
ACTION	Send GET requests to Queue Manager	1	Request GET request	1350981262151	1350981262162	1350981262151	1350981262161	OK	 
ACTION	Send GET requests to Queue Manager	1	Request GET request	1350981262163	1350981262174	1350981262163	1350981262174	OK	 
ACTION	Send GET requests to Queue Manager	1	Request GET request	1350981262176	1350981262190	1350981262176	1350981262190	OK	 
ACTION	Send GET requests to Queue Manager	1	Request GET request	1350981262191	1350981262203	1350981262192	1350981262203	OK	 
ACTION	Send GET requests to Queue Manager	1	Request GET request	1350981262204	1350981262217	1350981262204	1350981262217	OK	 
ACTION	Send GET requests to Queue Manager	1	Request GET request	1350981262219	1350981262228	1350981262219	1350981262228	OK	 
ACTION	Send GET requests to Queue Manager	1	Request GET request	1350981262230	1350981262245	1350981262230	1350981262245	OK	 
ACTION	Send GET requests to Queue Manager	1	Request GET request	1350981262248	1350981262257	1350981262248	1350981262257	OK	 
ACTION	Send GET requests to Queue Manager	1	Request GET request	1350981262258	1350981262267	1350981262258	1350981262267	OK	 
ACTION	Send GET requests to Queue Manager	1	Request GET request	1350981262270	1350981262284	1350981262274	1350981262283	OK	 
ACTION	Send GET requests to Queue Manager	1	Request GET request	1350981262285	1350981262301	1350981262285	1350981262301	OK	 
ACTION	Send GET requests to Queue Manager	1	Request GET request	1350981262304	1350981262323	1350981262304	1350981262323	OK	 
ACTION	Send GET requests to Queue Manager	1	Request GET request	1350981262325	1350981262351	1350981262327	1350981262350	OK	 
ACTION	Send GET requests to Queue Manager	1	Request GET request	1350981262352	1350981262380	1350981262352	1350981262380	OK	 
ACTION	Send GET requests to Queue Manager	1	Request GET request	1350981262382	1350981262402	1350981262382	1350981262402	OK	 
ACTION	Send GET requests to Queue Manager	1	Request GET request	1350981262404	1350981262430	1350981262404	1350981262430	OK	 
ACTION	Send GET requests to Queue Manager	1	Request GET request	1350981262453	1350981262483	1350981262454	1350981262483	OK	 
ACTION	Send GET requests to Queue Manager	1	Request GET request	1350981262497	1350981262513	1350981262497	1350981262513	OK	 
ACTION	Send GET requests to Queue Manager	1	Request GET request	1350981262515	1350981262527	1350981262515	1350981262527	OK	 
ACTION	Send GET requests to Queue Manager	1	Request GET request	1350981262529	1350981262542	1350981262529	1350981262542	OK	 
ACTION	Send GET requests to Queue Manager	1	Request GET request	1350981262544	1350981262555	1350981262544	1350981262555	OK	 
ACTION	Send GET requests to Queue Manager	1	Request GET request	1350981262556	1350981262568	1350981262556	1350981262568	OK	 
ACTION	Send GET requests to Queue Manager	1	Request GET request	1350981262570	1350981262583	1350981262571	1350981262583	OK	 
ACTION	Send GET requests to Queue Manager	1	Request GET request	1350981262585	1350981262600	1350981262585	1350981262600	OK	 
ACTION	Send GET requests to Queue Manager	1	Request GET request	1350981262602	1350981262620	1350981262603	1350981262620	OK	 
ACTION	Send GET requests to Queue Manager	1	Request GET request	1350981262622	1350981262641	1350981262622	1350981262640	OK	 
ACTION	Send GET requests to Queue Manager	1	Request GET request	1350981262642	1350981262662	1350981262642	1350981262662	OK	 
ACTION	Send GET requests to Queue Manager	1	Request GET request	1350981262664	1350981262677	1350981262667	1350981262677	OK	 
ACTION	Send GET requests to Queue Manager	1	Request GET request	1350981262679	1350981262692	1350981262680	1350981262692	OK	 
ACTION	Send GET requests to Queue Manager	1	Request GET request	1350981262694	1350981262703	1350981262694	1350981262703	OK	 
ACTION	Send GET requests to Queue Manager	1	Request GET request	1350981262705	1350981262716	1350981262705	1350981262716	OK	 
ACTION	Send GET requests to Queue Manager	1	Request GET request	1350981262718	1350981262728	1350981262718	1350981262727	OK	 
ACTION	Send GET requests to Queue Manager	1	Request GET request	1350981262729	1350981262739	1350981262729	1350981262739	OK	 
ACTION	Send GET requests to Queue Manager	1	Request GET request	1350981262741	1350981262751	1350981262741	1350981262751	OK	 
ACTION	Send GET requests to Queue Manager	1	Request GET request	1350981262752	1350981262764	1350981262752	1350981262764	OK	 
ACTION	Send GET requests to Queue Manager	1	Request GET request	1350981262768	1350981262782	1350981262768	1350981262782	OK	 
ACTION	Send GET requests to Queue Manager	1	Request GET request	1350981262785	1350981262791	1350981262785	1350981262790	KO	Check 'is' failed, found 500 but expected 200
ACTION	Send GET requests to Queue Manager	1	Request GET request	1350981262802	1350981262815	1350981262802	1350981262815	OK	 
ACTION	Send GET requests to Queue Manager	1	Request GET request	1350981262817	1350981262826	1350981262818	1350981262826	OK	 
ACTION	Send GET requests to Queue Manager	1	Request GET request	1350981262827	1350981262839	1350981262828	1350981262839	OK	 
ACTION	Send GET requests to Queue Manager	1	Request GET request	1350981262843	1350981262858	1350981262843	1350981262858	OK	 
ACTION	Send GET requests to Queue Manager	1	Request GET request	1350981262860	1350981262869	1350981262860	1350981262868	OK	 
ACTION	Send GET requests to Queue Manager	1	Request GET request	1350981262876	1350981262931	1350981262876	1350981262931	OK	 
ACTION	Send GET requests to Queue Manager	1	Request GET request	1350981262933	1350981262941	1350981262933	1350981262941	OK	 
ACTION	Send GET requests to Queue Manager	1	Request GET request	1350981262942	1350981262950	1350981262942	1350981262950	OK	 
ACTION	Send GET requests to Queue Manager	1	Request GET request	1350981262951	1350981262958	1350981262951	1350981262958	OK	 
ACTION	Send GET requests to Queue Manager	1	Request GET request	1350981262960	1350981262969	1350981262960	1350981262968	OK	 
ACTION	Send GET requests to Queue Manager	1	Request GET request	1350981262969	1350981262977	1350981262969	1350981262977	OK	 
ACTION	Send GET requests to Queue Manager	1	Request GET request	1350981262978	1350981262986	1350981262978	1350981262985	OK	 
ACTION	Send GET requests to Queue Manager	1	Request GET request	1350981262987	1350981262994	1350981262987	1350981262994	OK	 
ACTION	Send GET requests to Queue Manager	1	Request GET request	1350981262996	1350981263005	1350981262996	1350981263005	OK	 
ACTION	Send GET requests to Queue Manager	1	Request GET request	1350981263007	1350981263015	1350981263007	1350981263015	OK	 
ACTION	Send GET requests to Queue Manager	1	Request GET request	1350981263016	1350981263024	1350981263016	1350981263024	OK	 
ACTION	Send GET requests to Queue Manager	1	Request GET request	1350981263026	1350981263036	1350981263026	1350981263036	OK	 
ACTION	Send GET requests to Queue Manager	1	Request GET request	1350981263037	1350981263046	1350981263037	1350981263046	OK	 
ACTION	Send GET requests to Queue Manager	1	Request GET request	1350981263048	1350981263058	1350981263048	1350981263058	OK	 
ACTION	Send GET requests to Queue Manager	1	Request GET request	1350981263060	1350981263069	1350981263060	1350981263069	OK	 
ACTION	Send GET requests to Queue Manager	1	Request GET request	1350981263072	1350981263084	1350981263072	1350981263084	OK	 
ACTION	Send GET requests to Queue Manager	1	Request GET request	1350981263087	1350981263096	1350981263087	1350981263096	OK	 
ACTION	Send GET requests to Queue Manager	1	Request GET request	1350981263097	1350981263105	1350981263097	1350981263105	OK	 
ACTION	Send GET requests to Queue Manager	1	Request GET request	1350981263106	1350981263113	1350981263106	1350981263113	OK	 
ACTION	Send GET requests to Queue Manager	1	Request GET request	1350981263114	1350981263123	1350981263114	1350981263123	OK	 
ACTION	Send GET requests to Queue Manager	1	Request GET request	1350981263125	1350981263132	1350981263125	1350981263132	OK	 
ACTION	Send GET requests to Queue Manager	1	Request GET request	1350981263133	1350981263144	1350981263136	1350981263144	OK	 
ACTION	Send GET requests to Queue Manager	1	Request GET request	1350981263146	1350981263154	1350981263146	1350981263154	OK	 
ACTION	Send GET requests to Queue Manager	1	Request GET request	1350981263155	1350981263163	1350981263155	1350981263163	OK	 
ACTION	Send GET requests to Queue Manager	1	Request GET request	1350981263164	1350981263172	1350981263164	1350981263172	OK	 
ACTION	Send GET requests to Queue Manager	1	Request GET request	1350981263174	1350981263182	1350981263174	1350981263182	OK	 
ACTION	Send GET requests to Queue Manager	1	Request GET request	1350981263183	1350981263193	1350981263183	1350981263193	OK	 
ACTION	Send GET requests to Queue Manager	1	Request GET request	1350981263194	1350981263204	1350981263194	1350981263204	OK	 
ACTION	Send GET requests to Queue Manager	1	Request GET request	1350981263206	1350981263218	1350981263206	1350981263217	OK	 
ACTION	Send GET requests to Queue Manager	1	Request GET request	1350981263220	1350981263248	1350981263220	1350981263248	OK	 
ACTION	Send GET requests to Queue Manager	1	Request GET request	1350981263252	1350981263265	1350981263256	1350981263265	OK	 
ACTION	Send GET requests to Queue Manager	1	Request GET request	1350981263266	1350981263274	1350981263266	1350981263274	OK	 
ACTION	Send GET requests to Queue Manager	1	Request GET request	1350981263275	1350981263283	1350981263275	1350981263283	OK	 
ACTION	Send GET requests to Queue Manager	1	Request GET request	1350981263284	1350981263296	1350981263284	1350981263296	OK	 
ACTION	Send GET requests to Queue Manager	1	Request GET request	1350981263298	1350981263305	1350981263298	1350981263305	OK	 
ACTION	Send GET requests to Queue Manager	1	Request GET request	1350981263307	1350981263314	1350981263307	1350981263314	OK	 
ACTION	Send GET requests to Queue Manager	1	Request GET request	1350981263315	1350981263324	1350981263315	1350981263324	OK	 
ACTION	Send GET requests to Queue Manager	1	Request GET request	1350981263326	1350981263333	1350981263326	1350981263333	OK	 
ACTION	Send GET requests to Queue Manager	1	Request GET request	1350981263334	1350981263344	1350981263334	1350981263344	OK	 
ACTION	Send GET requests to Queue Manager	1	Request GET request	1350981263345	1350981263352	1350981263345	1350981263352	OK	 
ACTION	Send GET requests to Queue Manager	1	Request GET request	1350981263353	1350981263360	1350981263353	1350981263360	OK	 
ACTION	Send GET requests to Queue Manager	1	Request GET request	1350981263364	1350981263374	1350981263364	1350981263374	OK	 
ACTION	Send GET requests to Queue Manager	1	Request GET request	1350981263382	1350981263397	1350981263382	1350981263397	OK	 
ACTION	Send GET requests to Queue Manager	1	Request GET request	1350981263398	1350981263409	1350981263398	1350981263409	OK	 
ACTION	Send GET requests to Queue Manager	1	Request GET request	1350981263411	1350981263421	1350981263411	1350981263421	OK	 
ACTION	Send GET requests to Queue Manager	1	Request GET request	1350981263422	1350981263429	1350981263422	1350981263429	OK	 
ACTION	Send GET requests to Queue Manager	1	Request GET request	1350981263431	1350981263438	1350981263431	1350981263438	OK	 
ACTION	Send GET requests to Queue Manager	1	Request GET request	1350981263439	1350981263446	1350981263439	1350981263446	OK	 
ACTION	Send GET requests to Queue Manager	1	Request GET request	1350981263448	1350981263455	1350981263448	1350981263455	OK	 
ACTION	Send GET requests to Queue Manager	1	Request GET request	1350981263457	1350981263465	1350981263457	1350981263465	OK	 
ACTION	Send GET requests to Queue Manager	1	Request GET request	1350981263467	1350981263474	1350981263467	1350981263474	OK	 
ACTION	Send GET requests to Queue Manager	1	Request GET request	1350981263475	1350981263483	1350981263475	1350981263482	OK	 
ACTION	Send GET requests to Queue Manager	1	Request GET request	1350981263484	1350981263491	1350981263484	1350981263491	OK	 
ACTION	Send GET requests to Queue Manager	1	Request GET request	1350981263492	1350981263499	1350981263492	1350981263499	OK	 
ACTION	Send GET requests to Queue Manager	1	Request GET request	1350981263501	1350981263508	1350981263501	1350981263508	OK	 
ACTION	Send GET requests to Queue Manager	1	Request GET request	1350981263509	1350981263516	1350981263509	1350981263516	OK	 
ACTION	Send GET requests to Queue Manager	1	Request GET request	1350981263518	1350981263530	1350981263518	1350981263530	OK	 
ACTION	Send GET requests to Queue Manager	1	Request GET request	1350981263532	1350981263542	1350981263532	1350981263542	OK	 
ACTION	Send GET requests to Queue Manager	1	Request GET request	1350981263545	1350981263554	1350981263545	1350981263554	OK	 
ACTION	Send GET requests to Queue Manager	1	Request GET request	1350981263557	1350981263567	1350981263557	1350981263566	OK	 
ACTION	Send GET requests to Queue Manager	1	Request GET request	1350981263570	1350981263579	1350981263570	1350981263579	OK	 
ACTION	Send GET requests to Queue Manager	1	Request GET request	1350981263582	1350981263589	1350981263582	1350981263589	OK	 
ACTION	Send GET requests to Queue Manager	1	Request GET request	1350981263591	1350981263599	1350981263591	1350981263598	OK	 
ACTION	Send GET requests to Queue Manager	1	Request GET request	1350981263599	1350981263606	1350981263599	1350981263606	OK	 
ACTION	Send GET requests to Queue Manager	1	Request GET request	1350981263608	1350981263615	1350981263608	1350981263615	OK	 
ACTION	Send GET requests to Queue Manager	1	Request GET request	1350981263616	1350981263624	1350981263616	1350981263624	OK	 
ACTION	Send GET requests to Queue Manager	1	Request GET request	1350981263625	1350981263643	1350981263625	1350981263643	OK	 
ACTION	Send GET requests to Queue Manager	1	Request GET request	1350981263646	1350981263663	1350981263653	1350981263663	OK	 
ACTION	Send GET requests to Queue Manager	1	Request GET request	1350981263664	1350981263671	1350981263664	1350981263671	OK	 
ACTION	Send GET requests to Queue Manager	1	Request GET request	1350981263674	1350981263684	1350981263674	1350981263684	OK	 
ACTION	Send GET requests to Queue Manager	1	Request GET request	1350981263687	1350981263706	1350981263687	1350981263706	OK	 
ACTION	Send GET requests to Queue Manager	1	Request GET request	1350981263708	1350981263719	1350981263708	1350981263718	OK	 
ACTION	Send GET requests to Queue Manager	1	Request GET request	1350981263720	1350981263752	1350981263720	1350981263752	OK	 
ACTION	Send GET requests to Queue Manager	1	Request GET request	1350981263754	1350981263762	1350981263754	1350981263762	OK	 
ACTION	Send GET requests to Queue Manager	1	Request GET request	1350981263763	1350981263770	1350981263763	1350981263770	OK	 
ACTION	Send GET requests to Queue Manager	1	Request GET request	1350981263771	1350981263779	1350981263771	1350981263778	OK	 
ACTION	Send GET requests to Queue Manager	1	Request GET request	1350981263781	1350981263788	1350981263781	1350981263787	OK	 
ACTION	Send GET requests to Queue Manager	1	Request GET request	1350981263789	1350981263796	1350981263789	1350981263796	OK	 
ACTION	Send GET requests to Queue Manager	1	Request GET request	1350981263797	1350981263804	1350981263797	1350981263804	OK	 
ACTION	Send GET requests to Queue Manager	1	Request GET request	1350981263805	1350981263812	1350981263805	1350981263812	OK	 
ACTION	Send GET requests to Queue Manager	1	Request GET request	1350981263813	1350981263820	1350981263813	1350981263820	OK	 
ACTION	Send GET requests to Queue Manager	1	Request GET request	1350981263823	1350981263832	1350981263823	1350981263832	OK	 
ACTION	Send GET requests to Queue Manager	1	Request GET request	1350981263833	1350981263840	1350981263833	1350981263840	OK	 
ACTION	Send GET requests to Queue Manager	1	Request GET request	1350981263842	1350981263850	1350981263842	1350981263850	OK	 
ACTION	Send GET requests to Queue Manager	1	Request GET request	1350981263851	1350981263861	1350981263851	1350981263861	OK	 
ACTION	Send GET requests to Queue Manager	1	Request GET request	1350981263864	1350981263873	1350981263864	1350981263873	OK	 
ACTION	Send GET requests to Queue Manager	1	Request GET request	1350981263875	1350981263886	1350981263875	1350981263886	OK	 
ACTION	Send GET requests to Queue Manager	1	Request GET request	1350981263889	1350981263900	1350981263889	1350981263899	OK	 
ACTION	Send GET requests to Queue Manager	1	Request GET request	1350981263902	1350981263911	1350981263902	1350981263910	OK	 
ACTION	Send GET requests to Queue Manager	1	Request GET request	1350981263913	1350981263920	1350981263913	1350981263920	OK	 
ACTION	Send GET requests to Queue Manager	1	Request GET request	1350981263921	1350981263929	1350981263921	1350981263929	OK	 
ACTION	Send GET requests to Queue Manager	1	Request GET request	1350981263930	1350981263937	1350981263930	1350981263937	OK	 
ACTION	Send GET requests to Queue Manager	1	Request GET request	1350981263938	1350981263945	1350981263938	1350981263945	OK	 
ACTION	Send GET requests to Queue Manager	1	Request GET request	1350981263946	1350981263954	1350981263946	1350981263954	OK	 
ACTION	Send GET requests to Queue Manager	1	Request GET request	1350981263956	1350981263963	1350981263956	1350981263963	OK	 
ACTION	Send GET requests to Queue Manager	1	Request GET request	1350981263964	1350981263971	1350981263964	1350981263971	OK	 
ACTION	Send GET requests to Queue Manager	1	Request GET request	1350981263973	1350981263980	1350981263973	1350981263980	OK	 
ACTION	Send GET requests to Queue Manager	1	Request GET request	1350981263981	1350981263988	1350981263981	1350981263988	OK	 
ACTION	Send GET requests to Queue Manager	1	Request GET request	1350981263989	1350981263996	1350981263989	1350981263996	OK	 
ACTION	Send GET requests to Queue Manager	1	Request GET request	1350981263997	1350981264005	1350981263997	1350981264005	OK	 
ACTION	Send GET requests to Queue Manager	1	End of scenario	1350981264006	1350981264006	1350981264006	1350981264006	OK	 
