RUN	20121023141243	run	run
ACTION	Send POST requests to Queue Manager	1	Start of scenario	1350994366217	1350994366217	1350994366217	1350994366217	OK	 
ACTION	Send POST requests to Queue Manager	1	Request POST request	1350994367314	1350994367503	1350994367371	1350994367500	OK	 
ACTION	Send POST requests to Queue Manager	1	Request POST request	1350994367521	1350994367603	1350994367540	1350994367602	OK	 
ACTION	Send POST requests to Queue Manager	1	Request POST request	1350994367604	1350994367665	1350994367604	1350994367665	OK	 
ACTION	Send POST requests to Queue Manager	1	Request POST request	1350994367671	1350994367713	1350994367672	1350994367713	OK	 
ACTION	Send POST requests to Queue Manager	1	Request POST request	1350994367746	1350994367790	1350994367746	1350994367790	OK	 
ACTION	Send POST requests to Queue Manager	1	Request POST request	1350994367795	1350994367846	1350994367802	1350994367846	OK	 
ACTION	Send POST requests to Queue Manager	1	Request POST request	1350994367848	1350994367938	1350994367849	1350994367938	OK	 
ACTION	Send POST requests to Queue Manager	1	Request POST request	1350994367941	1350994367999	1350994367943	1350994367999	OK	 
ACTION	Send POST requests to Queue Manager	1	Request POST request	1350994368001	1350994368054	1350994368005	1350994368054	OK	 
ACTION	Send POST requests to Queue Manager	1	Request POST request	1350994368058	1350994368161	1350994368072	1350994368161	OK	 
ACTION	Send POST requests to Queue Manager	1	Request POST request	1350994368164	1350994368194	1350994368166	1350994368194	OK	 
ACTION	Send POST requests to Queue Manager	1	Request POST request	1350994368197	1350994368265	1350994368228	1350994368264	OK	 
ACTION	Send POST requests to Queue Manager	1	Request POST request	1350994368266	1350994368298	1350994368267	1350994368298	OK	 
ACTION	Send POST requests to Queue Manager	1	Request POST request	1350994368300	1350994368351	1350994368302	1350994368351	OK	 
ACTION	Send POST requests to Queue Manager	1	Request POST request	1350994368353	1350994368419	1350994368355	1350994368419	OK	 
ACTION	Send POST requests to Queue Manager	1	Request POST request	1350994368421	1350994368484	1350994368423	1350994368483	OK	 
ACTION	Send POST requests to Queue Manager	1	Request POST request	1350994368485	1350994368539	1350994368485	1350994368539	OK	 
ACTION	Send POST requests to Queue Manager	1	Request POST request	1350994368541	1350994368623	1350994368542	1350994368623	OK	 
ACTION	Send POST requests to Queue Manager	1	Request POST request	1350994368625	1350994368665	1350994368627	1350994368665	OK	 
ACTION	Send POST requests to Queue Manager	1	Request POST request	1350994368667	1350994368710	1350994368669	1350994368710	OK	 
ACTION	Send POST requests to Queue Manager	1	Request POST request	1350994368711	1350994368784	1350994368711	1350994368783	OK	 
ACTION	Send POST requests to Queue Manager	1	Request POST request	1350994368785	1350994368831	1350994368785	1350994368831	OK	 
ACTION	Send POST requests to Queue Manager	1	Request POST request	1350994368833	1350994368908	1350994368837	1350994368908	OK	 
ACTION	Send POST requests to Queue Manager	1	Request POST request	1350994368922	1350994369000	1350994368929	1350994369000	OK	 
ACTION	Send POST requests to Queue Manager	1	Request POST request	1350994369001	1350994369054	1350994369002	1350994369054	OK	 
ACTION	Send POST requests to Queue Manager	1	Request POST request	1350994369055	1350994369139	1350994369057	1350994369138	OK	 
ACTION	Send POST requests to Queue Manager	1	Request POST request	1350994369140	1350994369200	1350994369141	1350994369200	OK	 
ACTION	Send POST requests to Queue Manager	1	Request POST request	1350994369202	1350994369285	1350994369209	1350994369285	OK	 
ACTION	Send POST requests to Queue Manager	1	Request POST request	1350994369287	1350994369390	1350994369288	1350994369390	OK	 
ACTION	Send POST requests to Queue Manager	1	Request POST request	1350994369391	1350994369447	1350994369394	1350994369447	OK	 
ACTION	Send POST requests to Queue Manager	1	Request POST request	1350994369449	1350994369478	1350994369450	1350994369476	OK	 
ACTION	Send POST requests to Queue Manager	1	Request POST request	1350994369480	1350994369520	1350994369481	1350994369520	OK	 
ACTION	Send POST requests to Queue Manager	1	Request POST request	1350994369521	1350994369550	1350994369522	1350994369550	OK	 
ACTION	Send POST requests to Queue Manager	1	Request POST request	1350994369552	1350994369587	1350994369552	1350994369586	OK	 
ACTION	Send POST requests to Queue Manager	1	Request POST request	1350994369588	1350994369630	1350994369589	1350994369630	OK	 
ACTION	Send POST requests to Queue Manager	1	Request POST request	1350994369632	1350994369658	1350994369632	1350994369658	OK	 
ACTION	Send POST requests to Queue Manager	1	Request POST request	1350994369661	1350994369697	1350994369662	1350994369697	OK	 
ACTION	Send POST requests to Queue Manager	1	Request POST request	1350994369699	1350994369727	1350994369700	1350994369727	OK	 
ACTION	Send POST requests to Queue Manager	1	Request POST request	1350994369730	1350994369770	1350994369731	1350994369770	OK	 
ACTION	Send POST requests to Queue Manager	1	Request POST request	1350994369771	1350994369798	1350994369771	1350994369798	OK	 
ACTION	Send POST requests to Queue Manager	1	Request POST request	1350994369801	1350994369831	1350994369801	1350994369830	OK	 
ACTION	Send POST requests to Queue Manager	1	Request POST request	1350994369832	1350994369871	1350994369832	1350994369871	OK	 
ACTION	Send POST requests to Queue Manager	1	Request POST request	1350994369872	1350994369928	1350994369873	1350994369928	OK	 
ACTION	Send POST requests to Queue Manager	1	Request POST request	1350994369930	1350994369960	1350994369930	1350994369960	OK	 
ACTION	Send POST requests to Queue Manager	1	Request POST request	1350994369962	1350994369998	1350994369964	1350994369998	OK	 
ACTION	Send POST requests to Queue Manager	1	Request POST request	1350994369999	1350994370042	1350994369999	1350994370041	OK	 
ACTION	Send POST requests to Queue Manager	1	Request POST request	1350994370044	1350994370077	1350994370044	1350994370077	OK	 
ACTION	Send POST requests to Queue Manager	1	Request POST request	1350994370079	1350994370117	1350994370079	1350994370117	OK	 
ACTION	Send POST requests to Queue Manager	1	Request POST request	1350994370118	1350994370158	1350994370118	1350994370158	OK	 
ACTION	Send POST requests to Queue Manager	1	Request POST request	1350994370160	1350994370187	1350994370160	1350994370187	OK	 
ACTION	Send POST requests to Queue Manager	1	Request POST request	1350994370189	1350994370242	1350994370189	1350994370242	OK	 
ACTION	Send POST requests to Queue Manager	1	Request POST request	1350994370244	1350994370281	1350994370244	1350994370281	OK	 
ACTION	Send POST requests to Queue Manager	1	Request POST request	1350994370284	1350994370313	1350994370284	1350994370313	OK	 
ACTION	Send POST requests to Queue Manager	1	Request POST request	1350994370319	1350994370352	1350994370319	1350994370352	OK	 
ACTION	Send POST requests to Queue Manager	1	Request POST request	1350994370353	1350994370380	1350994370353	1350994370380	OK	 
ACTION	Send POST requests to Queue Manager	1	Request POST request	1350994370385	1350994370437	1350994370385	1350994370437	OK	 
ACTION	Send POST requests to Queue Manager	1	Request POST request	1350994370440	1350994370474	1350994370440	1350994370474	OK	 
ACTION	Send POST requests to Queue Manager	1	Request POST request	1350994370475	1350994370512	1350994370475	1350994370512	OK	 
ACTION	Send POST requests to Queue Manager	1	Request POST request	1350994370514	1350994370552	1350994370514	1350994370552	OK	 
ACTION	Send POST requests to Queue Manager	1	Request POST request	1350994370556	1350994370600	1350994370557	1350994370600	OK	 
ACTION	Send POST requests to Queue Manager	1	Request POST request	1350994370602	1350994370643	1350994370603	1350994370643	OK	 
ACTION	Send POST requests to Queue Manager	1	Request POST request	1350994370644	1350994370671	1350994370644	1350994370671	OK	 
ACTION	Send POST requests to Queue Manager	1	Request POST request	1350994370673	1350994370709	1350994370673	1350994370709	OK	 
ACTION	Send POST requests to Queue Manager	1	Request POST request	1350994370712	1350994370767	1350994370712	1350994370766	OK	 
ACTION	Send POST requests to Queue Manager	1	Request POST request	1350994370768	1350994370797	1350994370768	1350994370796	OK	 
ACTION	Send POST requests to Queue Manager	1	Request POST request	1350994370798	1350994370840	1350994370800	1350994370839	OK	 
ACTION	Send POST requests to Queue Manager	1	Request POST request	1350994370841	1350994370883	1350994370841	1350994370883	OK	 
ACTION	Send POST requests to Queue Manager	1	Request POST request	1350994370886	1350994370921	1350994370886	1350994370920	OK	 
ACTION	Send POST requests to Queue Manager	1	Request POST request	1350994370922	1350994370963	1350994370922	1350994370958	OK	 
ACTION	Send POST requests to Queue Manager	1	Request POST request	1350994370967	1350994371002	1350994370967	1350994371002	OK	 
ACTION	Send POST requests to Queue Manager	1	Request POST request	1350994371004	1350994371040	1350994371004	1350994371040	OK	 
ACTION	Send POST requests to Queue Manager	1	Request POST request	1350994371042	1350994371082	1350994371042	1350994371082	OK	 
ACTION	Send POST requests to Queue Manager	1	Request POST request	1350994371083	1350994371112	1350994371083	1350994371111	OK	 
ACTION	Send POST requests to Queue Manager	1	Request POST request	1350994371115	1350994371150	1350994371116	1350994371150	OK	 
ACTION	Send POST requests to Queue Manager	1	Request POST request	1350994371152	1350994371184	1350994371152	1350994371184	OK	 
ACTION	Send POST requests to Queue Manager	1	Request POST request	1350994371185	1350994371217	1350994371186	1350994371217	OK	 
ACTION	Send POST requests to Queue Manager	1	Request POST request	1350994371219	1350994371249	1350994371219	1350994371249	OK	 
ACTION	Send POST requests to Queue Manager	1	Request POST request	1350994371251	1350994371294	1350994371251	1350994371294	OK	 
ACTION	Send POST requests to Queue Manager	1	Request POST request	1350994371296	1350994371339	1350994371296	1350994371339	OK	 
ACTION	Send POST requests to Queue Manager	1	Request POST request	1350994371340	1350994371371	1350994371340	1350994371371	OK	 
ACTION	Send POST requests to Queue Manager	1	Request POST request	1350994371373	1350994371406	1350994371375	1350994371405	OK	 
ACTION	Send POST requests to Queue Manager	1	Request POST request	1350994371407	1350994371445	1350994371407	1350994371444	OK	 
ACTION	Send POST requests to Queue Manager	1	Request POST request	1350994371446	1350994371489	1350994371446	1350994371489	OK	 
ACTION	Send POST requests to Queue Manager	1	Request POST request	1350994371492	1350994371524	1350994371492	1350994371524	OK	 
ACTION	Send POST requests to Queue Manager	1	Request POST request	1350994371526	1350994371558	1350994371526	1350994371558	OK	 
ACTION	Send POST requests to Queue Manager	1	Request POST request	1350994371562	1350994371594	1350994371562	1350994371593	OK	 
ACTION	Send POST requests to Queue Manager	1	Request POST request	1350994371595	1350994371637	1350994371596	1350994371636	OK	 
ACTION	Send POST requests to Queue Manager	1	Request POST request	1350994371641	1350994371668	1350994371641	1350994371667	OK	 
ACTION	Send POST requests to Queue Manager	1	Request POST request	1350994371672	1350994371703	1350994371673	1350994371703	OK	 
ACTION	Send POST requests to Queue Manager	1	Request POST request	1350994371704	1350994371739	1350994371704	1350994371739	OK	 
ACTION	Send POST requests to Queue Manager	1	Request POST request	1350994371741	1350994371773	1350994371741	1350994371772	OK	 
ACTION	Send POST requests to Queue Manager	1	Request POST request	1350994371776	1350994371814	1350994371777	1350994371814	OK	 
ACTION	Send POST requests to Queue Manager	1	Request POST request	1350994371817	1350994371866	1350994371828	1350994371866	OK	 
ACTION	Send POST requests to Queue Manager	1	Request POST request	1350994371867	1350994371893	1350994371867	1350994371893	OK	 
ACTION	Send POST requests to Queue Manager	1	Request POST request	1350994371896	1350994371928	1350994371897	1350994371928	OK	 
ACTION	Send POST requests to Queue Manager	1	Request POST request	1350994371931	1350994371957	1350994371932	1350994371957	OK	 
ACTION	Send POST requests to Queue Manager	1	Request POST request	1350994371958	1350994371989	1350994371958	1350994371989	OK	 
ACTION	Send POST requests to Queue Manager	1	Request POST request	1350994371990	1350994372017	1350994371990	1350994372017	OK	 
ACTION	Send POST requests to Queue Manager	1	Request POST request	1350994372021	1350994372075	1350994372022	1350994372075	OK	 
ACTION	Send POST requests to Queue Manager	1	Request POST request	1350994372078	1350994372110	1350994372078	1350994372110	OK	 
ACTION	Send POST requests to Queue Manager	1	Request POST request	1350994372112	1350994372138	1350994372112	1350994372138	OK	 
ACTION	Send POST requests to Queue Manager	1	Request POST request	1350994372142	1350994372169	1350994372142	1350994372169	OK	 
ACTION	Send POST requests to Queue Manager	1	Request POST request	1350994372171	1350994372206	1350994372172	1350994372206	OK	 
ACTION	Send POST requests to Queue Manager	1	Request POST request	1350994372208	1350994372237	1350994372208	1350994372237	OK	 
ACTION	Send POST requests to Queue Manager	1	Request POST request	1350994372239	1350994372270	1350994372239	1350994372270	OK	 
ACTION	Send POST requests to Queue Manager	1	Request POST request	1350994372271	1350994372301	1350994372271	1350994372300	OK	 
ACTION	Send POST requests to Queue Manager	1	Request POST request	1350994372303	1350994372333	1350994372304	1350994372333	OK	 
ACTION	Send POST requests to Queue Manager	1	Request POST request	1350994372336	1350994372368	1350994372336	1350994372368	OK	 
ACTION	Send POST requests to Queue Manager	1	Request POST request	1350994372369	1350994372401	1350994372369	1350994372401	OK	 
ACTION	Send POST requests to Queue Manager	1	Request POST request	1350994372403	1350994372436	1350994372403	1350994372436	OK	 
ACTION	Send POST requests to Queue Manager	1	Request POST request	1350994372439	1350994372467	1350994372439	1350994372467	OK	 
ACTION	Send POST requests to Queue Manager	1	Request POST request	1350994372468	1350994372501	1350994372468	1350994372500	OK	 
ACTION	Send POST requests to Queue Manager	1	Request POST request	1350994372502	1350994372528	1350994372502	1350994372528	OK	 
ACTION	Send POST requests to Queue Manager	1	Request POST request	1350994372529	1350994372585	1350994372529	1350994372585	OK	 
ACTION	Send POST requests to Queue Manager	1	Request POST request	1350994372587	1350994372618	1350994372587	1350994372618	OK	 
ACTION	Send POST requests to Queue Manager	1	Request POST request	1350994372620	1350994372647	1350994372620	1350994372647	OK	 
ACTION	Send POST requests to Queue Manager	1	Request POST request	1350994372650	1350994372690	1350994372651	1350994372690	OK	 
ACTION	Send POST requests to Queue Manager	1	Request POST request	1350994372692	1350994372725	1350994372695	1350994372724	OK	 
ACTION	Send POST requests to Queue Manager	1	Request POST request	1350994372726	1350994372755	1350994372727	1350994372755	OK	 
ACTION	Send POST requests to Queue Manager	1	Request POST request	1350994372758	1350994372783	1350994372758	1350994372783	OK	 
ACTION	Send POST requests to Queue Manager	1	Request POST request	1350994372785	1350994372827	1350994372785	1350994372826	OK	 
ACTION	Send POST requests to Queue Manager	1	Request POST request	1350994372828	1350994372854	1350994372828	1350994372854	OK	 
ACTION	Send POST requests to Queue Manager	1	Request POST request	1350994372856	1350994372890	1350994372857	1350994372889	OK	 
ACTION	Send POST requests to Queue Manager	1	Request POST request	1350994372891	1350994372922	1350994372891	1350994372922	OK	 
ACTION	Send POST requests to Queue Manager	1	Request POST request	1350994372923	1350994372954	1350994372923	1350994372954	OK	 
ACTION	Send POST requests to Queue Manager	1	Request POST request	1350994372955	1350994372984	1350994372955	1350994372984	OK	 
ACTION	Send POST requests to Queue Manager	1	Request POST request	1350994372986	1350994373020	1350994372986	1350994373020	OK	 
ACTION	Send POST requests to Queue Manager	1	Request POST request	1350994373021	1350994373055	1350994373021	1350994373055	OK	 
ACTION	Send POST requests to Queue Manager	1	Request POST request	1350994373059	1350994373089	1350994373059	1350994373089	OK	 
ACTION	Send POST requests to Queue Manager	1	Request POST request	1350994373090	1350994373120	1350994373090	1350994373119	OK	 
ACTION	Send POST requests to Queue Manager	1	Request POST request	1350994373121	1350994373152	1350994373121	1350994373152	OK	 
ACTION	Send POST requests to Queue Manager	1	Request POST request	1350994373154	1350994373183	1350994373154	1350994373183	OK	 
ACTION	Send POST requests to Queue Manager	1	Request POST request	1350994373184	1350994373222	1350994373184	1350994373222	OK	 
ACTION	Send POST requests to Queue Manager	1	Request POST request	1350994373224	1350994373259	1350994373224	1350994373259	OK	 
ACTION	Send POST requests to Queue Manager	1	Request POST request	1350994373260	1350994373291	1350994373260	1350994373291	OK	 
ACTION	Send POST requests to Queue Manager	1	Request POST request	1350994373293	1350994373336	1350994373293	1350994373335	OK	 
ACTION	Send POST requests to Queue Manager	1	Request POST request	1350994373338	1350994373377	1350994373343	1350994373377	OK	 
ACTION	Send POST requests to Queue Manager	1	Request POST request	1350994373385	1350994373410	1350994373385	1350994373410	OK	 
ACTION	Send POST requests to Queue Manager	1	Request POST request	1350994373416	1350994373461	1350994373417	1350994373461	OK	 
ACTION	Send POST requests to Queue Manager	1	Request POST request	1350994373463	1350994373500	1350994373463	1350994373499	OK	 
ACTION	Send POST requests to Queue Manager	1	Request POST request	1350994373501	1350994373527	1350994373501	1350994373527	OK	 
ACTION	Send POST requests to Queue Manager	1	Request POST request	1350994373528	1350994373558	1350994373528	1350994373558	OK	 
ACTION	Send POST requests to Queue Manager	1	Request POST request	1350994373561	1350994373594	1350994373561	1350994373594	OK	 
ACTION	Send POST requests to Queue Manager	1	Request POST request	1350994373595	1350994373633	1350994373595	1350994373633	OK	 
ACTION	Send POST requests to Queue Manager	1	Request POST request	1350994373635	1350994373666	1350994373635	1350994373666	OK	 
ACTION	Send POST requests to Queue Manager	1	Request POST request	1350994373668	1350994373703	1350994373668	1350994373703	OK	 
ACTION	Send POST requests to Queue Manager	1	Request POST request	1350994373704	1350994373737	1350994373704	1350994373737	OK	 
ACTION	Send POST requests to Queue Manager	1	Request POST request	1350994373738	1350994373781	1350994373738	1350994373780	OK	 
ACTION	Send POST requests to Queue Manager	1	Request POST request	1350994373782	1350994373849	1350994373782	1350994373848	OK	 
ACTION	Send POST requests to Queue Manager	1	Request POST request	1350994373850	1350994373883	1350994373850	1350994373883	OK	 
ACTION	Send POST requests to Queue Manager	1	Request POST request	1350994373886	1350994373921	1350994373887	1350994373920	OK	 
ACTION	Send POST requests to Queue Manager	1	Request POST request	1350994373922	1350994373956	1350994373922	1350994373956	OK	 
ACTION	Send POST requests to Queue Manager	1	Request POST request	1350994373959	1350994373991	1350994373959	1350994373991	OK	 
ACTION	Send POST requests to Queue Manager	1	Request POST request	1350994373992	1350994374030	1350994373992	1350994374030	OK	 
ACTION	Send POST requests to Queue Manager	1	Request POST request	1350994374032	1350994374061	1350994374032	1350994374060	OK	 
ACTION	Send POST requests to Queue Manager	1	Request POST request	1350994374062	1350994374101	1350994374062	1350994374101	OK	 
ACTION	Send POST requests to Queue Manager	1	Request POST request	1350994374102	1350994374134	1350994374102	1350994374133	OK	 
ACTION	Send POST requests to Queue Manager	1	Request POST request	1350994374135	1350994374172	1350994374135	1350994374172	OK	 
ACTION	Send POST requests to Queue Manager	1	Request POST request	1350994374175	1350994374206	1350994374175	1350994374206	OK	 
ACTION	Send POST requests to Queue Manager	1	Request POST request	1350994374207	1350994374247	1350994374207	1350994374247	OK	 
ACTION	Send POST requests to Queue Manager	1	Request POST request	1350994374251	1350994374288	1350994374251	1350994374287	OK	 
ACTION	Send POST requests to Queue Manager	1	Request POST request	1350994374288	1350994374314	1350994374288	1350994374314	OK	 
ACTION	Send POST requests to Queue Manager	1	Request POST request	1350994374319	1350994374366	1350994374329	1350994374365	OK	 
ACTION	Send POST requests to Queue Manager	1	Request POST request	1350994374367	1350994374394	1350994374367	1350994374393	OK	 
ACTION	Send POST requests to Queue Manager	1	Request POST request	1350994374396	1350994374435	1350994374396	1350994374435	OK	 
ACTION	Send POST requests to Queue Manager	1	Request POST request	1350994374436	1350994374468	1350994374436	1350994374468	OK	 
ACTION	Send POST requests to Queue Manager	1	Request POST request	1350994374471	1350994374495	1350994374471	1350994374495	OK	 
ACTION	Send POST requests to Queue Manager	1	Request POST request	1350994374497	1350994374538	1350994374497	1350994374538	OK	 
ACTION	Send POST requests to Queue Manager	1	Request POST request	1350994374539	1350994374564	1350994374539	1350994374564	OK	 
ACTION	Send POST requests to Queue Manager	1	Request POST request	1350994374566	1350994374605	1350994374567	1350994374605	OK	 
ACTION	Send POST requests to Queue Manager	1	Request POST request	1350994374606	1350994374655	1350994374607	1350994374655	OK	 
ACTION	Send POST requests to Queue Manager	1	Request POST request	1350994374657	1350994374686	1350994374657	1350994374686	OK	 
ACTION	Send POST requests to Queue Manager	1	Request POST request	1350994374689	1350994374743	1350994374689	1350994374743	OK	 
ACTION	Send POST requests to Queue Manager	1	Request POST request	1350994374744	1350994374772	1350994374744	1350994374771	OK	 
ACTION	Send POST requests to Queue Manager	1	Request POST request	1350994374775	1350994374826	1350994374775	1350994374826	OK	 
ACTION	Send POST requests to Queue Manager	1	Request POST request	1350994374829	1350994374865	1350994374830	1350994374865	OK	 
ACTION	Send POST requests to Queue Manager	1	Request POST request	1350994374869	1350994374902	1350994374869	1350994374902	OK	 
ACTION	Send POST requests to Queue Manager	1	Request POST request	1350994374903	1350994374930	1350994374903	1350994374930	OK	 
ACTION	Send POST requests to Queue Manager	1	Request POST request	1350994374931	1350994374965	1350994374931	1350994374965	OK	 
ACTION	Send POST requests to Queue Manager	1	Request POST request	1350994374967	1350994374996	1350994374967	1350994374995	OK	 
ACTION	Send POST requests to Queue Manager	1	Request POST request	1350994374997	1350994375029	1350994374997	1350994375028	OK	 
ACTION	Send POST requests to Queue Manager	1	Request POST request	1350994375030	1350994375055	1350994375030	1350994375055	OK	 
ACTION	Send POST requests to Queue Manager	1	Request POST request	1350994375058	1350994375093	1350994375058	1350994375093	OK	 
ACTION	Send POST requests to Queue Manager	1	Request POST request	1350994375094	1350994375129	1350994375094	1350994375126	OK	 
ACTION	Send POST requests to Queue Manager	1	Request POST request	1350994375131	1350994375160	1350994375131	1350994375159	OK	 
ACTION	Send POST requests to Queue Manager	1	Request POST request	1350994375161	1350994375198	1350994375162	1350994375198	OK	 
ACTION	Send POST requests to Queue Manager	1	Request POST request	1350994375200	1350994375226	1350994375200	1350994375226	OK	 
ACTION	Send POST requests to Queue Manager	1	Request POST request	1350994375227	1350994375261	1350994375227	1350994375260	OK	 
ACTION	Send POST requests to Queue Manager	1	Request POST request	1350994375263	1350994375292	1350994375264	1350994375292	OK	 
ACTION	Send POST requests to Queue Manager	1	Request POST request	1350994375293	1350994375317	1350994375293	1350994375316	OK	 
ACTION	Send POST requests to Queue Manager	1	Request POST request	1350994375318	1350994375351	1350994375318	1350994375351	OK	 
ACTION	Send POST requests to Queue Manager	1	Request POST request	1350994375353	1350994375386	1350994375353	1350994375386	OK	 
ACTION	Send POST requests to Queue Manager	1	Request POST request	1350994375389	1350994375417	1350994375389	1350994375416	OK	 
ACTION	Send POST requests to Queue Manager	1	Request POST request	1350994375419	1350994375445	1350994375419	1350994375445	OK	 
ACTION	Send POST requests to Queue Manager	1	Request POST request	1350994375447	1350994375479	1350994375447	1350994375479	OK	 
ACTION	Send POST requests to Queue Manager	1	Request POST request	1350994375480	1350994375513	1350994375480	1350994375512	OK	 
ACTION	Send POST requests to Queue Manager	1	Request POST request	1350994375515	1350994375554	1350994375516	1350994375553	OK	 
ACTION	Send POST requests to Queue Manager	1	Request POST request	1350994375555	1350994375600	1350994375555	1350994375599	OK	 
ACTION	Send POST requests to Queue Manager	1	Request POST request	1350994375601	1350994375625	1350994375601	1350994375625	OK	 
ACTION	Send POST requests to Queue Manager	1	Request POST request	1350994375627	1350994375660	1350994375627	1350994375659	OK	 
ACTION	Send POST requests to Queue Manager	1	Request POST request	1350994375661	1350994375687	1350994375661	1350994375687	OK	 
ACTION	Send POST requests to Queue Manager	1	Request POST request	1350994375688	1350994375713	1350994375688	1350994375713	OK	 
ACTION	Send POST requests to Queue Manager	1	Request POST request	1350994375715	1350994375747	1350994375715	1350994375746	OK	 
ACTION	Send POST requests to Queue Manager	1	Request POST request	1350994375748	1350994375782	1350994375748	1350994375778	OK	 
ACTION	Send POST requests to Queue Manager	1	Request POST request	1350994375785	1350994375820	1350994375785	1350994375820	OK	 
ACTION	Send POST requests to Queue Manager	1	Request POST request	1350994375821	1350994375852	1350994375821	1350994375852	OK	 
ACTION	Send POST requests to Queue Manager	1	Request POST request	1350994375853	1350994375884	1350994375854	1350994375884	OK	 
ACTION	Send POST requests to Queue Manager	1	Request POST request	1350994375886	1350994375945	1350994375886	1350994375945	OK	 
ACTION	Send POST requests to Queue Manager	1	Request POST request	1350994375947	1350994375972	1350994375947	1350994375972	OK	 
ACTION	Send POST requests to Queue Manager	1	Request POST request	1350994375973	1350994376008	1350994375975	1350994376007	OK	 
ACTION	Send POST requests to Queue Manager	1	Request POST request	1350994376009	1350994376036	1350994376009	1350994376036	OK	 
ACTION	Send POST requests to Queue Manager	1	Request POST request	1350994376039	1350994376085	1350994376039	1350994376084	OK	 
ACTION	Send POST requests to Queue Manager	1	Request POST request	1350994376086	1350994376123	1350994376087	1350994376123	OK	 
ACTION	Send POST requests to Queue Manager	1	Request POST request	1350994376124	1350994376156	1350994376124	1350994376156	OK	 
ACTION	Send POST requests to Queue Manager	1	Request POST request	1350994376158	1350994376184	1350994376158	1350994376183	OK	 
ACTION	Send POST requests to Queue Manager	1	Request POST request	1350994376186	1350994376220	1350994376187	1350994376220	OK	 
ACTION	Send POST requests to Queue Manager	1	Request POST request	1350994376221	1350994376266	1350994376221	1350994376266	OK	 
ACTION	Send POST requests to Queue Manager	1	Request POST request	1350994376268	1350994376325	1350994376268	1350994376325	OK	 
ACTION	Send POST requests to Queue Manager	1	Request POST request	1350994376327	1350994376353	1350994376327	1350994376353	OK	 
ACTION	Send POST requests to Queue Manager	1	Request POST request	1350994376354	1350994376381	1350994376354	1350994376381	OK	 
ACTION	Send POST requests to Queue Manager	1	Request POST request	1350994376383	1350994376407	1350994376384	1350994376407	OK	 
ACTION	Send POST requests to Queue Manager	1	Request POST request	1350994376409	1350994376439	1350994376410	1350994376439	OK	 
ACTION	Send POST requests to Queue Manager	1	Request POST request	1350994376441	1350994376469	1350994376441	1350994376469	OK	 
ACTION	Send POST requests to Queue Manager	1	Request POST request	1350994376471	1350994376503	1350994376471	1350994376503	OK	 
ACTION	Send POST requests to Queue Manager	1	Request POST request	1350994376504	1350994376538	1350994376504	1350994376537	OK	 
ACTION	Send POST requests to Queue Manager	1	Request POST request	1350994376539	1350994376564	1350994376539	1350994376564	OK	 
ACTION	Send POST requests to Queue Manager	1	Request POST request	1350994376565	1350994376598	1350994376565	1350994376597	OK	 
ACTION	Send POST requests to Queue Manager	1	Request POST request	1350994376600	1350994376637	1350994376600	1350994376637	OK	 
ACTION	Send POST requests to Queue Manager	1	Request POST request	1350994376639	1350994376684	1350994376639	1350994376684	OK	 
ACTION	Send POST requests to Queue Manager	1	Request POST request	1350994376685	1350994376718	1350994376685	1350994376718	OK	 
ACTION	Send POST requests to Queue Manager	1	Request POST request	1350994376722	1350994376754	1350994376722	1350994376753	OK	 
ACTION	Send POST requests to Queue Manager	1	Request POST request	1350994376755	1350994376787	1350994376755	1350994376786	OK	 
ACTION	Send POST requests to Queue Manager	1	Request POST request	1350994376788	1350994376823	1350994376788	1350994376823	OK	 
ACTION	Send POST requests to Queue Manager	1	Request POST request	1350994376824	1350994376900	1350994376824	1350994376824	KO	Connection refused to http://localhost:3000/post/
ACTION	Send POST requests to Queue Manager	1	Request POST request	1350994376902	1350994376904	1350994376902	1350994376902	KO	Connection refused to http://localhost:3000/post/
ACTION	Send POST requests to Queue Manager	1	Request POST request	1350994376905	1350994376907	1350994376905	1350994376905	KO	Connection refused to http://localhost:3000/post/
ACTION	Send POST requests to Queue Manager	1	Request POST request	1350994376910	1350994376911	1350994376910	1350994376910	KO	Connection refused to http://localhost:3000/post/
ACTION	Send POST requests to Queue Manager	1	Request POST request	1350994376914	1350994376918	1350994376914	1350994376914	KO	Connection refused to http://localhost:3000/post/
ACTION	Send POST requests to Queue Manager	1	Request POST request	1350994376920	1350994376923	1350994376920	1350994376920	KO	Connection refused to http://localhost:3000/post/
ACTION	Send POST requests to Queue Manager	1	Request POST request	1350994376939	1350994376998	1350994376939	1350994376939	KO	Connection refused to http://localhost:3000/post/
ACTION	Send POST requests to Queue Manager	1	Request POST request	1350994376999	1350994377006	1350994376999	1350994376999	KO	Connection refused to http://localhost:3000/post/
ACTION	Send POST requests to Queue Manager	1	Request POST request	1350994377008	1350994377011	1350994377008	1350994377008	KO	Connection refused to http://localhost:3000/post/
ACTION	Send POST requests to Queue Manager	1	Request POST request	1350994377012	1350994377014	1350994377012	1350994377012	KO	Connection refused to http://localhost:3000/post/
ACTION	Send POST requests to Queue Manager	1	Request POST request	1350994377015	1350994377017	1350994377015	1350994377015	KO	Connection refused to http://localhost:3000/post/
ACTION	Send POST requests to Queue Manager	1	Request POST request	1350994377019	1350994377021	1350994377019	1350994377019	KO	Connection refused to http://localhost:3000/post/
ACTION	Send POST requests to Queue Manager	1	Request POST request	1350994377026	1350994377028	1350994377026	1350994377026	KO	Connection refused to http://localhost:3000/post/
ACTION	Send POST requests to Queue Manager	1	Request POST request	1350994377030	1350994377031	1350994377030	1350994377030	KO	Connection refused to http://localhost:3000/post/
ACTION	Send POST requests to Queue Manager	1	Request POST request	1350994377033	1350994377105	1350994377033	1350994377033	KO	Connection refused to http://localhost:3000/post/
ACTION	Send POST requests to Queue Manager	1	Request POST request	1350994377107	1350994377109	1350994377107	1350994377107	KO	Connection refused to http://localhost:3000/post/
ACTION	Send POST requests to Queue Manager	1	Request POST request	1350994377112	1350994377113	1350994377112	1350994377112	KO	Connection refused to http://localhost:3000/post/
ACTION	Send POST requests to Queue Manager	1	Request POST request	1350994377114	1350994377115	1350994377114	1350994377114	KO	Connection refused to http://localhost:3000/post/
ACTION	Send POST requests to Queue Manager	1	Request POST request	1350994377117	1350994377118	1350994377117	1350994377117	KO	Connection refused to http://localhost:3000/post/
ACTION	Send POST requests to Queue Manager	1	Request POST request	1350994377119	1350994377120	1350994377119	1350994377119	KO	Connection refused to http://localhost:3000/post/
ACTION	Send POST requests to Queue Manager	1	Request POST request	1350994377121	1350994377122	1350994377121	1350994377121	KO	Connection refused to http://localhost:3000/post/
ACTION	Send POST requests to Queue Manager	1	Request POST request	1350994377124	1350994377125	1350994377124	1350994377124	KO	Connection refused to http://localhost:3000/post/
ACTION	Send POST requests to Queue Manager	1	Request POST request	1350994377127	1350994377129	1350994377127	1350994377127	KO	Connection refused to http://localhost:3000/post/
ACTION	Send POST requests to Queue Manager	1	Request POST request	1350994377130	1350994377132	1350994377130	1350994377130	KO	Connection refused to http://localhost:3000/post/
ACTION	Send POST requests to Queue Manager	1	Request POST request	1350994377134	1350994377135	1350994377134	1350994377134	KO	Connection refused to http://localhost:3000/post/
ACTION	Send POST requests to Queue Manager	1	Request POST request	1350994377137	1350994377138	1350994377137	1350994377137	KO	Connection refused to http://localhost:3000/post/
ACTION	Send POST requests to Queue Manager	1	Request POST request	1350994377141	1350994377181	1350994377141	1350994377141	KO	Connection refused to http://localhost:3000/post/
ACTION	Send POST requests to Queue Manager	1	Request POST request	1350994377184	1350994377187	1350994377184	1350994377184	KO	Connection refused to http://localhost:3000/post/
ACTION	Send POST requests to Queue Manager	1	Request POST request	1350994377190	1350994377191	1350994377190	1350994377190	KO	Connection refused to http://localhost:3000/post/
ACTION	Send POST requests to Queue Manager	1	Request POST request	1350994377192	1350994377193	1350994377192	1350994377192	KO	Connection refused to http://localhost:3000/post/
ACTION	Send POST requests to Queue Manager	1	Request POST request	1350994377195	1350994377196	1350994377195	1350994377195	KO	Connection refused to http://localhost:3000/post/
ACTION	Send POST requests to Queue Manager	1	Request POST request	1350994377198	1350994377200	1350994377198	1350994377198	KO	Connection refused to http://localhost:3000/post/
ACTION	Send POST requests to Queue Manager	1	Request POST request	1350994377203	1350994377206	1350994377203	1350994377203	KO	Connection refused to http://localhost:3000/post/
ACTION	Send POST requests to Queue Manager	1	Request POST request	1350994377210	1350994377212	1350994377210	1350994377210	KO	Connection refused to http://localhost:3000/post/
ACTION	Send POST requests to Queue Manager	1	Request POST request	1350994377214	1350994377224	1350994377214	1350994377214	KO	Connection refused to http://localhost:3000/post/
ACTION	Send POST requests to Queue Manager	1	Request POST request	1350994377226	1350994377263	1350994377226	1350994377226	KO	Connection refused to http://localhost:3000/post/
ACTION	Send POST requests to Queue Manager	1	Request POST request	1350994377265	1350994377266	1350994377265	1350994377265	KO	Connection refused to http://localhost:3000/post/
ACTION	Send POST requests to Queue Manager	1	Request POST request	1350994377267	1350994377270	1350994377267	1350994377267	KO	Connection refused to http://localhost:3000/post/
ACTION	Send POST requests to Queue Manager	1	Request POST request	1350994377272	1350994377273	1350994377272	1350994377272	KO	Connection refused to http://localhost:3000/post/
ACTION	Send POST requests to Queue Manager	1	Request POST request	1350994377275	1350994377276	1350994377275	1350994377275	KO	Connection refused to http://localhost:3000/post/
ACTION	Send POST requests to Queue Manager	1	Request POST request	1350994377277	1350994377277	1350994377277	1350994377277	KO	Connection refused to http://localhost:3000/post/
ACTION	Send POST requests to Queue Manager	1	Request POST request	1350994377279	1350994377280	1350994377279	1350994377279	KO	Connection refused to http://localhost:3000/post/
ACTION	Send POST requests to Queue Manager	1	Request POST request	1350994377281	1350994377282	1350994377281	1350994377281	KO	Connection refused to http://localhost:3000/post/
ACTION	Send POST requests to Queue Manager	1	Request POST request	1350994377283	1350994377284	1350994377283	1350994377283	KO	Connection refused to http://localhost:3000/post/
ACTION	Send POST requests to Queue Manager	1	Request POST request	1350994377286	1350994377287	1350994377286	1350994377286	KO	Connection refused to http://localhost:3000/post/
ACTION	Send POST requests to Queue Manager	1	Request POST request	1350994377288	1350994377289	1350994377288	1350994377288	KO	Connection refused to http://localhost:3000/post/
ACTION	Send POST requests to Queue Manager	1	Request POST request	1350994377291	1350994377292	1350994377291	1350994377291	KO	Connection refused to http://localhost:3000/post/
ACTION	Send POST requests to Queue Manager	1	Request POST request	1350994377293	1350994377298	1350994377293	1350994377293	KO	Connection refused to http://localhost:3000/post/
ACTION	Send POST requests to Queue Manager	1	Request POST request	1350994377307	1350994377368	1350994377307	1350994377307	KO	Connection refused to http://localhost:3000/post/
ACTION	Send POST requests to Queue Manager	1	Request POST request	1350994377371	1350994377375	1350994377371	1350994377371	KO	Connection refused to http://localhost:3000/post/
ACTION	Send POST requests to Queue Manager	1	Request POST request	1350994377378	1350994377379	1350994377378	1350994377378	KO	Connection refused to http://localhost:3000/post/
ACTION	Send POST requests to Queue Manager	1	Request POST request	1350994377380	1350994377381	1350994377380	1350994377380	KO	Connection refused to http://localhost:3000/post/
ACTION	Send POST requests to Queue Manager	1	Request POST request	1350994377383	1350994377385	1350994377383	1350994377383	KO	Connection refused to http://localhost:3000/post/
ACTION	Send POST requests to Queue Manager	1	Request POST request	1350994377386	1350994377387	1350994377386	1350994377386	KO	Connection refused to http://localhost:3000/post/
ACTION	Send POST requests to Queue Manager	1	Request POST request	1350994377389	1350994377390	1350994377389	1350994377389	KO	Connection refused to http://localhost:3000/post/
ACTION	Send POST requests to Queue Manager	1	Request POST request	1350994377391	1350994377392	1350994377391	1350994377391	KO	Connection refused to http://localhost:3000/post/
ACTION	Send POST requests to Queue Manager	1	Request POST request	1350994377393	1350994377394	1350994377393	1350994377393	KO	Connection refused to http://localhost:3000/post/
ACTION	Send POST requests to Queue Manager	1	Request POST request	1350994377395	1350994377396	1350994377395	1350994377395	KO	Connection refused to http://localhost:3000/post/
ACTION	Send POST requests to Queue Manager	1	Request POST request	1350994377397	1350994377398	1350994377397	1350994377397	KO	Connection refused to http://localhost:3000/post/
ACTION	Send POST requests to Queue Manager	1	Request POST request	1350994377399	1350994377400	1350994377399	1350994377399	KO	Connection refused to http://localhost:3000/post/
ACTION	Send POST requests to Queue Manager	1	Request POST request	1350994377401	1350994377402	1350994377401	1350994377401	KO	Connection refused to http://localhost:3000/post/
ACTION	Send POST requests to Queue Manager	1	Request POST request	1350994377404	1350994377405	1350994377404	1350994377404	KO	Connection refused to http://localhost:3000/post/
ACTION	Send POST requests to Queue Manager	1	Request POST request	1350994377406	1350994377408	1350994377406	1350994377406	KO	Connection refused to http://localhost:3000/post/
ACTION	Send POST requests to Queue Manager	1	Request POST request	1350994377410	1350994377483	1350994377410	1350994377410	KO	Connection refused to http://localhost:3000/post/
ACTION	Send POST requests to Queue Manager	1	Request POST request	1350994377485	1350994377487	1350994377485	1350994377485	KO	Connection refused to http://localhost:3000/post/
ACTION	Send POST requests to Queue Manager	1	Request POST request	1350994377489	1350994377491	1350994377489	1350994377489	KO	Connection refused to http://localhost:3000/post/
ACTION	Send POST requests to Queue Manager	1	Request POST request	1350994377492	1350994377492	1350994377492	1350994377492	KO	Connection refused to http://localhost:3000/post/
ACTION	Send POST requests to Queue Manager	1	Request POST request	1350994377494	1350994377495	1350994377494	1350994377494	KO	Connection refused to http://localhost:3000/post/
ACTION	Send POST requests to Queue Manager	1	Request POST request	1350994377496	1350994377498	1350994377496	1350994377496	KO	Connection refused to http://localhost:3000/post/
ACTION	Send POST requests to Queue Manager	1	Request POST request	1350994377499	1350994377500	1350994377499	1350994377499	KO	Connection refused to http://localhost:3000/post/
ACTION	Send POST requests to Queue Manager	1	Request POST request	1350994377502	1350994377503	1350994377502	1350994377502	KO	Connection refused to http://localhost:3000/post/
ACTION	Send POST requests to Queue Manager	1	Request POST request	1350994377503	1350994377504	1350994377503	1350994377503	KO	Connection refused to http://localhost:3000/post/
ACTION	Send POST requests to Queue Manager	1	Request POST request	1350994377505	1350994377506	1350994377505	1350994377505	KO	Connection refused to http://localhost:3000/post/
ACTION	Send POST requests to Queue Manager	1	Request POST request	1350994377508	1350994377510	1350994377508	1350994377508	KO	Connection refused to http://localhost:3000/post/
ACTION	Send POST requests to Queue Manager	1	Request POST request	1350994377511	1350994377512	1350994377511	1350994377511	KO	Connection refused to http://localhost:3000/post/
ACTION	Send POST requests to Queue Manager	1	Request POST request	1350994377514	1350994377514	1350994377514	1350994377514	KO	Connection refused to http://localhost:3000/post/
ACTION	Send POST requests to Queue Manager	1	Request POST request	1350994377515	1350994377516	1350994377515	1350994377515	KO	Connection refused to http://localhost:3000/post/
ACTION	Send POST requests to Queue Manager	1	Request POST request	1350994377517	1350994377518	1350994377517	1350994377517	KO	Connection refused to http://localhost:3000/post/
ACTION	Send POST requests to Queue Manager	1	Request POST request	1350994377521	1350994377586	1350994377521	1350994377521	KO	Connection refused to http://localhost:3000/post/
ACTION	Send POST requests to Queue Manager	1	Request POST request	1350994377587	1350994377590	1350994377587	1350994377587	KO	Connection refused to http://localhost:3000/post/
ACTION	Send POST requests to Queue Manager	1	Request POST request	1350994377592	1350994377594	1350994377592	1350994377592	KO	Connection refused to http://localhost:3000/post/
ACTION	Send POST requests to Queue Manager	1	Request POST request	1350994377595	1350994377597	1350994377595	1350994377595	KO	Connection refused to http://localhost:3000/post/
ACTION	Send POST requests to Queue Manager	1	Request POST request	1350994377598	1350994377599	1350994377598	1350994377598	KO	Connection refused to http://localhost:3000/post/
ACTION	Send POST requests to Queue Manager	1	Request POST request	1350994377600	1350994377601	1350994377600	1350994377600	KO	Connection refused to http://localhost:3000/post/
ACTION	Send POST requests to Queue Manager	1	Request POST request	1350994377601	1350994377602	1350994377601	1350994377601	KO	Connection refused to http://localhost:3000/post/
ACTION	Send POST requests to Queue Manager	1	Request POST request	1350994377603	1350994377604	1350994377603	1350994377603	KO	Connection refused to http://localhost:3000/post/
ACTION	Send POST requests to Queue Manager	1	Request POST request	1350994377605	1350994377606	1350994377605	1350994377605	KO	Connection refused to http://localhost:3000/post/
ACTION	Send POST requests to Queue Manager	1	Request POST request	1350994377607	1350994377608	1350994377607	1350994377607	KO	Connection refused to http://localhost:3000/post/
ACTION	Send POST requests to Queue Manager	1	Request POST request	1350994377609	1350994377610	1350994377609	1350994377609	KO	Connection refused to http://localhost:3000/post/
ACTION	Send POST requests to Queue Manager	1	Request POST request	1350994377611	1350994377612	1350994377611	1350994377611	KO	Connection refused to http://localhost:3000/post/
ACTION	Send POST requests to Queue Manager	1	Request POST request	1350994377614	1350994377616	1350994377614	1350994377614	KO	Connection refused to http://localhost:3000/post/
ACTION	Send POST requests to Queue Manager	1	Request POST request	1350994377617	1350994377618	1350994377617	1350994377617	KO	Connection refused to http://localhost:3000/post/
ACTION	Send POST requests to Queue Manager	1	Request POST request	1350994377619	1350994377684	1350994377619	1350994377619	KO	Connection refused to http://localhost:3000/post/
ACTION	Send POST requests to Queue Manager	1	Request POST request	1350994377686	1350994377689	1350994377686	1350994377686	KO	Connection refused to http://localhost:3000/post/
ACTION	Send POST requests to Queue Manager	1	Request POST request	1350994377691	1350994377693	1350994377691	1350994377691	KO	Connection refused to http://localhost:3000/post/
ACTION	Send POST requests to Queue Manager	1	Request POST request	1350994377694	1350994377696	1350994377694	1350994377694	KO	Connection refused to http://localhost:3000/post/
ACTION	Send POST requests to Queue Manager	1	Request POST request	1350994377698	1350994377699	1350994377698	1350994377698	KO	Connection refused to http://localhost:3000/post/
ACTION	Send POST requests to Queue Manager	1	Request POST request	1350994377700	1350994377700	1350994377700	1350994377700	KO	Connection refused to http://localhost:3000/post/
ACTION	Send POST requests to Queue Manager	1	Request POST request	1350994377702	1350994377703	1350994377702	1350994377702	KO	Connection refused to http://localhost:3000/post/
ACTION	Send POST requests to Queue Manager	1	Request POST request	1350994377705	1350994377706	1350994377705	1350994377705	KO	Connection refused to http://localhost:3000/post/
ACTION	Send POST requests to Queue Manager	1	Request POST request	1350994377707	1350994377708	1350994377707	1350994377707	KO	Connection refused to http://localhost:3000/post/
ACTION	Send POST requests to Queue Manager	1	Request POST request	1350994377710	1350994377711	1350994377710	1350994377710	KO	Connection refused to http://localhost:3000/post/
ACTION	Send POST requests to Queue Manager	1	Request POST request	1350994377712	1350994377714	1350994377712	1350994377712	KO	Connection refused to http://localhost:3000/post/
ACTION	Send POST requests to Queue Manager	1	Request POST request	1350994377716	1350994377717	1350994377716	1350994377716	KO	Connection refused to http://localhost:3000/post/
ACTION	Send POST requests to Queue Manager	1	Request POST request	1350994377719	1350994377790	1350994377719	1350994377719	KO	Connection refused to http://localhost:3000/post/
ACTION	Send POST requests to Queue Manager	1	Request POST request	1350994377792	1350994377794	1350994377792	1350994377792	KO	Connection refused to http://localhost:3000/post/
ACTION	Send POST requests to Queue Manager	1	Request POST request	1350994377795	1350994377795	1350994377795	1350994377795	KO	Connection refused to http://localhost:3000/post/
ACTION	Send POST requests to Queue Manager	1	Request POST request	1350994377797	1350994377798	1350994377797	1350994377797	KO	Connection refused to http://localhost:3000/post/
ACTION	Send POST requests to Queue Manager	1	Request POST request	1350994377799	1350994377800	1350994377799	1350994377799	KO	Connection refused to http://localhost:3000/post/
ACTION	Send POST requests to Queue Manager	1	Request POST request	1350994377802	1350994377803	1350994377802	1350994377802	KO	Connection refused to http://localhost:3000/post/
ACTION	Send POST requests to Queue Manager	1	Request POST request	1350994377805	1350994377806	1350994377805	1350994377805	KO	Connection refused to http://localhost:3000/post/
ACTION	Send POST requests to Queue Manager	1	Request POST request	1350994377807	1350994377808	1350994377807	1350994377807	KO	Connection refused to http://localhost:3000/post/
ACTION	Send POST requests to Queue Manager	1	Request POST request	1350994377810	1350994377811	1350994377810	1350994377810	KO	Connection refused to http://localhost:3000/post/
ACTION	Send POST requests to Queue Manager	1	Request POST request	1350994377812	1350994377813	1350994377812	1350994377812	KO	Connection refused to http://localhost:3000/post/
ACTION	Send POST requests to Queue Manager	1	Request POST request	1350994377814	1350994377815	1350994377814	1350994377814	KO	Connection refused to http://localhost:3000/post/
ACTION	Send POST requests to Queue Manager	1	Request POST request	1350994377817	1350994377902	1350994377817	1350994377817	KO	Connection refused to http://localhost:3000/post/
ACTION	Send POST requests to Queue Manager	1	Request POST request	1350994377905	1350994377908	1350994377905	1350994377905	KO	Connection refused to http://localhost:3000/post/
ACTION	Send POST requests to Queue Manager	1	Request POST request	1350994377910	1350994377912	1350994377910	1350994377910	KO	Connection refused to http://localhost:3000/post/
ACTION	Send POST requests to Queue Manager	1	Request POST request	1350994377913	1350994377914	1350994377913	1350994377913	KO	Connection refused to http://localhost:3000/post/
ACTION	Send POST requests to Queue Manager	1	Request POST request	1350994377915	1350994377916	1350994377915	1350994377915	KO	Connection refused to http://localhost:3000/post/
ACTION	Send POST requests to Queue Manager	1	Request POST request	1350994377918	1350994377919	1350994377918	1350994377918	KO	Connection refused to http://localhost:3000/post/
ACTION	Send POST requests to Queue Manager	1	Request POST request	1350994377919	1350994377920	1350994377919	1350994377919	KO	Connection refused to http://localhost:3000/post/
ACTION	Send POST requests to Queue Manager	1	Request POST request	1350994377922	1350994377923	1350994377922	1350994377922	KO	Connection refused to http://localhost:3000/post/
ACTION	Send POST requests to Queue Manager	1	Request POST request	1350994377924	1350994377925	1350994377924	1350994377924	KO	Connection refused to http://localhost:3000/post/
ACTION	Send POST requests to Queue Manager	1	Request POST request	1350994377926	1350994377927	1350994377926	1350994377926	KO	Connection refused to http://localhost:3000/post/
ACTION	Send POST requests to Queue Manager	1	Request POST request	1350994377928	1350994377930	1350994377928	1350994377928	KO	Connection refused to http://localhost:3000/post/
ACTION	Send POST requests to Queue Manager	1	Request POST request	1350994377931	1350994377932	1350994377931	1350994377931	KO	Connection refused to http://localhost:3000/post/
ACTION	Send POST requests to Queue Manager	1	Request POST request	1350994377936	1350994377939	1350994377936	1350994377936	KO	Connection refused to http://localhost:3000/post/
ACTION	Send POST requests to Queue Manager	1	Request POST request	1350994377940	1350994377941	1350994377940	1350994377940	KO	Connection refused to http://localhost:3000/post/
ACTION	Send POST requests to Queue Manager	1	Request POST request	1350994377942	1350994377999	1350994377942	1350994377942	KO	Connection refused to http://localhost:3000/post/
ACTION	Send POST requests to Queue Manager	1	Request POST request	1350994378001	1350994378003	1350994378001	1350994378001	KO	Connection refused to http://localhost:3000/post/
ACTION	Send POST requests to Queue Manager	1	Request POST request	1350994378005	1350994378007	1350994378005	1350994378005	KO	Connection refused to http://localhost:3000/post/
ACTION	Send POST requests to Queue Manager	1	Request POST request	1350994378008	1350994378009	1350994378008	1350994378008	KO	Connection refused to http://localhost:3000/post/
ACTION	Send POST requests to Queue Manager	1	Request POST request	1350994378011	1350994378012	1350994378011	1350994378011	KO	Connection refused to http://localhost:3000/post/
ACTION	Send POST requests to Queue Manager	1	Request POST request	1350994378013	1350994378014	1350994378013	1350994378013	KO	Connection refused to http://localhost:3000/post/
ACTION	Send POST requests to Queue Manager	1	Request POST request	1350994378015	1350994378017	1350994378015	1350994378015	KO	Connection refused to http://localhost:3000/post/
ACTION	Send POST requests to Queue Manager	1	Request POST request	1350994378023	1350994378027	1350994378023	1350994378023	KO	Connection refused to http://localhost:3000/post/
ACTION	Send POST requests to Queue Manager	1	Request POST request	1350994378029	1350994378031	1350994378029	1350994378029	KO	Connection refused to http://localhost:3000/post/
ACTION	Send POST requests to Queue Manager	1	Request POST request	1350994378032	1350994378171	1350994378032	1350994378032	KO	Connection refused to http://localhost:3000/post/
ACTION	Send POST requests to Queue Manager	1	Request POST request	1350994378172	1350994378231	1350994378172	1350994378172	KO	Connection refused to http://localhost:3000/post/
ACTION	Send POST requests to Queue Manager	1	Request POST request	1350994378234	1350994378235	1350994378234	1350994378234	KO	Connection refused to http://localhost:3000/post/
ACTION	Send POST requests to Queue Manager	1	Request POST request	1350994378236	1350994378239	1350994378236	1350994378236	KO	Connection refused to http://localhost:3000/post/
ACTION	Send POST requests to Queue Manager	1	Request POST request	1350994378240	1350994378242	1350994378240	1350994378240	KO	Connection refused to http://localhost:3000/post/
ACTION	Send POST requests to Queue Manager	1	Request POST request	1350994378244	1350994378245	1350994378244	1350994378244	KO	Connection refused to http://localhost:3000/post/
ACTION	Send POST requests to Queue Manager	1	Request POST request	1350994378246	1350994378247	1350994378246	1350994378246	KO	Connection refused to http://localhost:3000/post/
ACTION	Send POST requests to Queue Manager	1	Request POST request	1350994378249	1350994378250	1350994378249	1350994378249	KO	Connection refused to http://localhost:3000/post/
ACTION	Send POST requests to Queue Manager	1	Request POST request	1350994378251	1350994378252	1350994378251	1350994378251	KO	Connection refused to http://localhost:3000/post/
ACTION	Send POST requests to Queue Manager	1	Request POST request	1350994378254	1350994378255	1350994378254	1350994378254	KO	Connection refused to http://localhost:3000/post/
ACTION	Send POST requests to Queue Manager	1	Request POST request	1350994378258	1350994378259	1350994378258	1350994378258	KO	Connection refused to http://localhost:3000/post/
ACTION	Send POST requests to Queue Manager	1	Request POST request	1350994378261	1350994378262	1350994378261	1350994378261	KO	Connection refused to http://localhost:3000/post/
ACTION	Send POST requests to Queue Manager	1	Request POST request	1350994378275	1350994378299	1350994378275	1350994378275	KO	Connection refused to http://localhost:3000/post/
ACTION	Send POST requests to Queue Manager	1	Request POST request	1350994378303	1350994378305	1350994378303	1350994378303	KO	Connection refused to http://localhost:3000/post/
ACTION	Send POST requests to Queue Manager	1	Request POST request	1350994378306	1350994378307	1350994378306	1350994378306	KO	Connection refused to http://localhost:3000/post/
ACTION	Send POST requests to Queue Manager	1	Request POST request	1350994378308	1350994378310	1350994378308	1350994378308	KO	Connection refused to http://localhost:3000/post/
ACTION	Send POST requests to Queue Manager	1	Request POST request	1350994378312	1350994378313	1350994378312	1350994378312	KO	Connection refused to http://localhost:3000/post/
ACTION	Send POST requests to Queue Manager	1	Request POST request	1350994378315	1350994378317	1350994378315	1350994378315	KO	Connection refused to http://localhost:3000/post/
ACTION	Send POST requests to Queue Manager	1	Request POST request	1350994378319	1350994378327	1350994378319	1350994378319	KO	Connection refused to http://localhost:3000/post/
ACTION	Send POST requests to Queue Manager	1	Request POST request	1350994378328	1350994378329	1350994378328	1350994378328	KO	Co