RUN	20121023145615	run	run
ACTION	Send POST requests to Queue Manager	1	Start of scenario	1350996977621	1350996977621	1350996977621	1350996977621	OK	 
ACTION	Send POST requests to Queue Manager	1	Request POST request	1350996978687	1350996978892	1350996978752	1350996978890	OK	 
ACTION	Send POST requests to Queue Manager	1	Request POST request	1350996979870	1350996979974	1350996979877	1350996979974	OK	 
ACTION	Send POST requests to Queue Manager	1	Request POST request	1350996981019	1350996981113	1350996981020	1350996981113	OK	 
ACTION	Send POST requests to Queue Manager	1	Request POST request	1350996982119	1350996982165	1350996982120	1350996982164	OK	 
ACTION	Send POST requests to Queue Manager	1	Request POST request	1350996983169	1350996983207	1350996983172	1350996983207	OK	 
ACTION	Send POST requests to Queue Manager	1	Request POST request	1350996984220	1350996984341	1350996984222	1350996984222	KO	Connection refused to http://localhost:3000/post/
ACTION	Send POST requests to Queue Manager	1	Request POST request	1350996985371	1350996985373	1350996985371	1350996985371	KO	Connection refused to http://localhost:3000/post/
ACTION	Send POST requests to Queue Manager	1	Request POST request	1350996986370	1350996986374	1350996986370	1350996986370	KO	Connection refused to http://localhost:3000/post/
ACTION	Send POST requests to Queue Manager	1	Request POST request	1350996987419	1350996987422	1350996987419	1350996987419	KO	Connection refused to http://localhost:3000/post/
ACTION	Send POST requests to Queue Manager	1	Request POST request	1350996988419	1350996988422	1350996988419	1350996988419	KO	Connection refused to http://localhost:3000/post/
ACTION	Send POST requests to Queue Manager	1	Request POST request	1350996989469	1350996989473	1350996989469	1350996989469	KO	Connection refused to http://localhost:3000/post/
ACTION	Send POST requests to Queue Manager	1	Request POST request	1350996990470	1350996990472	1350996990470	1350996990470	KO	Connection refused to http://localhost:3000/post/
ACTION	Send POST requests to Queue Manager	1	Request POST request	1350996991519	1350996991522	1350996991519	1350996991519	KO	Connection refused to http://localhost:3000/post/
ACTION	Send POST requests to Queue Manager	1	Request POST request	1350996992520	1350996992522	1350996992520	1350996992520	KO	Connection refused to http://localhost:3000/post/
ACTION	Send POST requests to Queue Manager	1	Request POST request	1350996993570	1350996993574	1350996993570	1350996993570	KO	Connection refused to http://localhost:3000/post/
ACTION	Send POST requests to Queue Manager	1	Request POST request	1350996994573	1350996994574	1350996994573	1350996994573	KO	Connection refused to http://localhost:3000/post/
ACTION	Send POST requests to Queue Manager	1	Request POST request	1350996995619	1350996995624	1350996995619	1350996995619	KO	Connection refused to http://localhost:3000/post/
ACTION	Send POST requests to Queue Manager	1	Request POST request	1350996996620	1350996996622	1350996996620	1350996996620	KO	Connection refused to http://localhost:3000/post/
ACTION	Send POST requests to Queue Manager	1	Request POST request	1350996997670	1350996997672	1350996997670	1350996997670	KO	Connection refused to http://localhost:3000/post/
ACTION	Send POST requests to Queue Manager	1	Request POST request	1350996998669	1350996998671	1350996998669	1350996998669	KO	Connection refused to http://localhost:3000/post/
ACTION	Send POST requests to Queue Manager	1	Request POST request	1350996999720	1350996999723	1350996999720	1350996999720	KO	Connection refused to http://localhost:3000/post/
ACTION	Send POST requests to Queue Manager	1	Request POST request	1350997000720	1350997000723	1350997000720	1350997000720	KO	Connection refused to http://localhost:3000/post/
ACTION	Send POST requests to Queue Manager	1	Request POST request	1350997001769	1350997001772	1350997001769	1350997001769	KO	Connection refused to http://localhost:3000/post/
ACTION	Send POST requests to Queue Manager	1	Request POST request	1350997002770	1350997002773	1350997002770	1350997002770	KO	Connection refused to http://localhost:3000/post/
ACTION	Send POST requests to Queue Manager	1	Request POST request	1350997003820	1350997003823	1350997003820	1350997003820	KO	Connection refused to http://localhost:3000/post/
ACTION	Send POST requests to Queue Manager	1	Request POST request	1350997004820	1350997004822	1350997004820	1350997004820	KO	Connection refused to http://localhost:3000/post/
ACTION	Send POST requests to Queue Manager	1	Request POST request	1350997005869	1350997005873	1350997005869	1350997005869	KO	Connection refused to http://localhost:3000/post/
ACTION	Send POST requests to Queue Manager	1	Request POST request	1350997006869	1350997006871	1350997006869	1350997006869	KO	Connection refused to http://localhost:3000/post/
ACTION	Send POST requests to Queue Manager	1	Request POST request	1350997007920	1350997007923	1350997007920	1350997007920	KO	Connection refused to http://localhost:3000/post/
ACTION	Send POST requests to Queue Manager	1	Request POST request	1350997008919	1350997008921	1350997008919	1350997008919	KO	Connection refused to http://localhost:3000/post/
ACTION	Send POST requests to Queue Manager	1	Request POST request	1350997009970	1350997009972	1350997009970	1350997009970	KO	Connection refused to http://localhost:3000/post/
ACTION	Send POST requests to Queue Manager	1	Request POST request	1350997010970	1350997010975	1350997010970	1350997010970	KO	Connection refused to http://localhost:3000/post/
ACTION	Send POST requests to Queue Manager	1	Request POST request	1350997012020	1350997012023	1350997012020	1350997012020	KO	Connection refused to http://localhost:3000/post/
ACTION	Send POST requests to Queue Manager	1	Request POST request	1350997013020	1350997013023	1350997013020	1350997013020	KO	Connection refused to http://localhost:3000/post/
ACTION	Send POST requests to Queue Manager	1	Request POST request	1350997014069	1350997014072	1350997014069	1350997014069	KO	Connection refused to http://localhost:3000/post/
ACTION	Send POST requests to Queue Manager	1	Request POST request	1350997015069	1350997015072	1350997015069	1350997015069	KO	Connection refused to http://localhost:3000/post/
ACTION	Send POST requests to Queue Manager	1	Request POST request	1350997016121	1350997016125	1350997016121	1350997016121	KO	Connection refused to http://localhost:3000/post/
ACTION	Send POST requests to Queue Manager	1	Request POST request	1350997017119	1350997017121	1350997017119	1350997017119	KO	Connection refused to http://localhost:3000/post/
ACTION	Send POST requests to Queue Manager	1	Request POST request	1350997018170	1350997018173	1350997018170	1350997018170	KO	Connection refused to http://localhost:3000/post/
ACTION	Send POST requests to Queue Manager	1	Request POST request	1350997019169	1350997019172	1350997019169	1350997019169	KO	Connection refused to http://localhost:3000/post/
ACTION	Send POST requests to Queue Manager	1	Request POST request	1350997020220	1350997020221	1350997020220	1350997020220	KO	Connection refused to http://localhost:3000/post/
ACTION	Send POST requests to Queue Manager	1	Request POST request	1350997021219	1350997021222	1350997021219	1350997021219	KO	Connection refused to http://localhost:3000/post/
ACTION	Send POST requests to Queue Manager	1	Request POST request	1350997022269	1350997022272	1350997022269	1350997022269	KO	Connection refused to http://localhost:3000/post/
ACTION	Send POST requests to Queue Manager	1	Request POST request	1350997023269	1350997023271	1350997023269	1350997023269	KO	Connection refused to http://localhost:3000/post/
ACTION	Send POST requests to Queue Manager	1	Request POST request	1350997024320	1350997024322	1350997024320	1350997024320	KO	Connection refused to http://localhost:3000/post/
ACTION	Send POST requests to Queue Manager	1	Request POST request	1350997025319	1350997025321	1350997025319	1350997025319	KO	Connection refused to http://localhost:3000/post/
ACTION	Send POST requests to Queue Manager	1	Request POST request	1350997026369	1350997026371	1350997026369	1350997026369	KO	Connection refused to http://localhost:3000/post/
ACTION	Send POST requests to Queue Manager	1	Request POS