RUN	20121023143159	run	run
ACTION	Send POST requests to Queue Manager	1	Start of scenario	1350995521945	1350995521945	1350995521945	1350995521945	OK	 
ACTION	Send POST requests to Queue Manager	1	Request POST request	1350995523010	1350995523210	1350995523026	1350995523206	OK	 
ACTION	Send POST requests to Queue Manager	1	Request POST request	1350995524198	1350995524253	1350995524204	1350995524253	OK	 
ACTION	Send POST requests to Queue Manager	1	Request POST request	1350995525293	1350995525331	1350995525294	1350995525330	OK	 
ACTION	Send POST requests to Queue Manager	1	Request POST request	1350995526343	1350995526379	1350995526345	1350995526379	OK	 
ACTION	Send POST requests to Queue Manager	1	Request POST request	1350995527394	1350995527515	1350995527395	1350995527515	OK	 
ACTION	Send POST requests to Queue Manager	1	Request POST request	1350995528544	1350995528590	1350995528546	1350995528590	OK	 
ACTION	Send POST requests to Queue Manager	1	Request POST request	1350995529592	1350995529662	1350995529593	1350995529593	KO	Connection refused to http://localhost:3000/post/
ACTION	Send POST requests to Queue Manager	1	Request POST request	1350995530694	1350995530698	1350995530694	1350995530694	KO	Connection refused to http://localhost:3000/post/
ACTION	Send POST requests to Queue Manager	1	Request POST request	1350995531693	1350995531696	1350995531693	1350995531693	KO	Connection refused to http://localhost:3000/post/
ACTION	Send POST requests to Queue Manager	1	Request POST request	1350995532743	1350995532747	1350995532743	1350995532743	KO	Connection refused to http://localhost:3000/post/
ACTION	Send POST requests to Queue Manager	1	Request POST request	1350995533743	1350995533746	1350995533743	1350995533743	KO	Connection refused to http://localhost:3000/post/
ACTION	Send POST requests to Queue Manager	1	Request POST request	1350995534794	1350995534797	1350995534794	1350995534794	KO	Connection refused to http://localhost:3000/post/
ACTION	Send POST requests to Queue Manager	1	Request POST request	1350995535793	1350995535796	1350995535793	1350995535793	KO	Connection refused to http://localhost:3000/post/
ACTION	Send POST requests to Queue Manager	1	Request POST request	1350995536843	1350995536847	1350995536843	1350995536843	KO	Connection refused to http://localhost:3000/post/
ACTION	Send POST requests to Queue Manager	1	Request POST request	1350995537846	1350995537848	1350995537846	1350995537846	KO	Connection refused to http://localhost:3000/post/
ACTION	Send POST requests to Queue Manager	1	Request POST request	1350995538919	1350995538932	1350995538919	1350995538919	KO	Connection refused to http://localhost:3000/post/
ACTION	Send POST requests to Queue Manager	1	Request POST request	1350995539893	1350995539896	1350995539893	1350995539893	KO	Connection refused to http://localhost:3000/post/
ACTION	Send POST requests to Queue Manager	1	Request POST request	1350995540994	1350995540997	1350995540994	1350995540994	KO	Connection refused to http://localhost:3000/post/
ACTION	Send POST requests to Queue Manager	1	Request POST request	1350995541943	1350995541947	1350995541943	1350995541943	KO	Connection refused to http://localhost:3000/post/
ACTION	Send POST requests to Queue Manager	1	Request POST request	1350995543043	1350995543046	1350995543043	1350995543043	KO	Connection refused to http://localhost:3000/post/
ACTION	Send POST requests to Queue Manager	1	Request POST request	1350995543994	1350995543997	1350995543994	1350995543994	KO	Connection refused to http://localhost:3000/post/
ACTION	Send POST requests to Queue Manager	1	Request POST request	1350995545093	1350995545099	1350995545093	1350995545093	KO	Connection refused to http://localhost:3000/post/
ACTION	Send POST requests to Queue Manager	1	Request POST request	1350995546045	1350995546047	1350995546045	1350995546045	KO	Connection refused to http://localhost:3000/post/
ACTION	Send POST requests to Queue Manager	1	Request POST request	1350995547143	1350995547145	1350995547143	1350995547143	KO	Connection refused to http://localhost:3000/post/
ACTION	Send POST requests to Queue Manager	1	Request POST request	1350995548094	1350995548097	1350995548094	1350995548094	KO	Connection refused to http://localhost:3000/post/
ACTION	Send POST requests to Queue Manager	1	Request POST request	1350995549193	1350995549196	1350995549193	1350995549193	KO	Connection refused to http://localhost:3000/post/
ACTION	Send POST requests to Queue Manager	1	Request POST request	1350995550143	1350995550146	1350995550143	1350995550143	KO	Connection refused to http://localhost:3000/post/
ACTION	Send POST requests to Queue Manager	1	Request POST request	1350995551243	1350995551246	1350995551243	1350995551243	KO	Connection refused to http://localhost:3000/post/
ACTION	Send POST requests to Queue Manager	1	Request POST request	1350995552193	1350995552196	1350995552193	1350995552193	KO	Connection refused to http://localhost:3000/post/
ACTION	Send POST requests to Queue Manager	1	Request POST request	1350995553293	1350995553296	1350995553293	1350995553293	KO	Connection refused to http://localhost:3000/post/
ACTION	Send POST requests to Queue Manager	1	Request POST request	1350995554243	1350995554245	1350995554243	1350995554243	KO	Connection refused to http://localhost:3000/post/
ACTION	Send POST requests to Queue Manager	1	Request POST request	1350995555343	1350995555347	1350995555343	1350995555343	KO	Connection refused to http://localhost:3000/post/
ACTION	Send POST requests to Queue Manager	1	Request POST request	1350995556293	1350995556295	1350995556293	1350995556293	KO	Connection refused to http://localhost:3000/post/
ACTION	Send POST requests to Queue Manager	1	Request POST request	1350995557393	1350995557398	1350995557393	1350995557393	KO	Connection refused to http://localhost:3000/post/
ACTION	Send POST requests to Queue Manager	1	Request POST request	1350995558343	1350995558345	1350995558343	1350995558343	KO	Connection refused to http://localhost:3000/post/
ACTION	Send POST requests to Queue Manager	1	Request POST request	1350995559443	1350995559446	1350995559443	1350995559443	KO	Connection refused to http://localhost:3000/post/
ACTION	Send POST requests to Queue Manager	1	Request POST request	1350995560393	1350995560395	1350995560393	1350995560393	KO	Connection refused to http://localhost:3000/post/
ACTION	Send POST requests to Queue Manager	1	Request POST request	1350995561493	1350995561499	1350995561493	1350995561493	KO	Connection refused to http://localhost:3000/post/
ACTION	Send POST requests to Queue Manager	1	Request POST request	1350995562443	1350995562445	1350995562443	1350995562443	KO	Connection refused to http://localhost:3000/post/
ACTION	Send POST requests to Queue Manager	1	Request POST request	1350995563543	1350995563545	1350995563543	1350995563543	KO	Connection refused to http://localhost:3000/post/
ACTION	Send POST requests to Queue Manager	1	Request POST request	1350995564493	1350995564496	1350995564493	1350995564493	KO	Connection refused to http://localhost:3000/post/
ACTION	Send POST requests to Queue Manager	1	Request POST request	1350995565594	1350995565596	1350995565594	1350995565594	KO	Connection refused to http://localhost:3000/post/
ACTION	Send POST requests to Queue Manager	1	Request POST request	1350995566544	1350995566545	1350995566544	1350995566544	KO	Connection refused to http://localhost:3000/post/
ACTION	Send POST requests to Queue Manager	1	Request POST request	1350995567655	1350995567663	1350995567655	1350995567655	KO	Connection refused to http://localhost:3000/post/
ACTION	Send POST requests to Queue Manager	1	Request POST request	1350995568593	1350995568595	1350995568593	1350995568593	KO	Connection refused to http://localhost:3000/post/
ACTION	Send POST requests to Queue Manager	1	Request POST request	1350995569693	1350995569696	1350995569693	1350995569693	KO	Connection refused to http://localhost:3000/post/
ACTION	Send POST requests to Queue Manager	1	Request POST request	1350995570643	1350995570646	1350995570643	1350995570643	KO	Connection refused to http://localhost:3000/post/
ACTION	Send POST requests to Queue Manager	1	Request POST request	1350995571743	1350995571745	1350995571743	1350995571743	KO	Connection refused to http://localhost:3000/post/
ACTION	Send POST requests to Queue Manager	1	Request POST request	1350995572694	1350995572695	1350995572694	1350995572694	KO	Connection refused to http://localhost:3000/post/
ACTION	Send POST requests to Queue Manager	1	Request POST request	1350995573793	1350995573794	1350995573793	1350995573793	KO	Connection refused to http://localhost:3000/post/
ACTION	Send POST requests to Queue Manager	1	Request POST request	1350995574743	1350995574745	1350995574743	1350995574743	KO	Connection refused to http://localhost:3000/post/
ACTION	Send POST requests to Queue Manager	1	Request POST request	1350995575844	1350995575846	1350995575844	1350995575844	KO	Connection refused to http://localhost:3000/post/
ACTION	Send POST requests to Queue Manager	1	Request POST request	1350995576793	1350995576795	1350995576793	1350995576793	KO	Connection refused to http://localhost:3000/post/
ACTION	Send POST requests to Queue Manager	1	Request POST request	1350995577893	1350995577895	1350995577893	1350995577893	KO	Connection refused to http://localhost:3000/post/
ACTION	Send POST requests to Queue Manager	1	Request POST request	1350995578844	1350995578846	1350995578844	1350995578844	KO	Connection refused to http://localhost:3000/post/
ACTION	Send POST requests to Queue Manager	1	Request POST request	1350995579943	1350995579945	1350995579943	1350995579943	KO	Connection refused to http://localhost:3000/post/
ACTION	Send POST requests to Queue Manager	1	Request POST request	1350995580908	1350995580910	1350995580908	1350995580908	KO	Connection refused to http://localhost:3000/post/
ACTION	Send POST requests to Queue Manager	1	Request POST request	1350995582002	1350995582004	1350995582002	1350995582002	KO	Connection refused to http://localhost:3000/post/
ACTION	Send POST requests to Queue Manager	1	Request POST request	1350995582944	1350995582945	1350995582944	1350995582944	KO	Connection refused to http://localhost:3000/post/
ACTION	Send POST requests to Queue Manager	1	Request POST request	1350995584042	1350995584045	1350995584042	1350995584042	KO	Connection refused to http://localhost:3000/post/
ACTION	Send POST requests to Queue Manager	1	Request POST request	1350995584994	1350995584996	1350995584994	1350995584994	KO	Connection refused to http://localhost:3000/post/
ACTION	Send POST requests to Queue Manager	1	Request POST request	1350995586094	1350995586096	1350995586094	1350995586094	KO	Connection refused to http://localhost:3000/post/
ACTION	Send POST requests to Queue Manager	1	Request POST request	1350995587043	1350995587045	1350995587043	1350995587043	KO	Connection refused to http://localhost:3000/post/
ACTION	Send POST requests to Queue Manager	1	Request POST request	1350995588143	1350995588145	1350995588143	1350995588143	KO	Connection refused to http://localhost:3000/post/
ACTION	Send POST requests to Queue Manager	1	Request POST request	1350995589109	1350995589114	1350995589109	1350995589109	KO	Connection refused to http://localhost:3000/post/
ACTION	Send POST requests to Queue Manager	1	Request POST request	1350995590194	1350995590196	1350995590194	1350995590194	KO	Connection refused to http://localhost:3000/post/
ACTION	Send POST requests to Queue Manager	1	Request POST request	1350995591142	1350995591144	1350995591142	1350995591142	KO	Connection refused to http://localhost:3000/post/
ACTION	Send POST requests to Queue Manager	1	Request POST request	1350995592244	1350995592246	1350995592244	1350995592244	KO	Connection refused to http://localhost:3000/post/
ACTION	Send POST requests to Queue Manager	1	Request POST request	1350995593193	1350995593195	1350995593193	1350995593193	KO	Connection refused to http://localhost:3000/post/
ACTION	Send POST requests to Queue Manager	1	Request POST request	1350995594294	1350995594296	1350995594294	1350995594294	KO	Connection refused to http://localhost:3000/post/
ACTION	Send POST requests to Queue Manager	1	Request POST request	1350995595246	1350995595248	1350995595246	1350995595246	KO	Connection refused to http://localhost:3000/post/
ACTION	Send POST requests to Queue Manager	1	Request POST request	1350995596345	1350995596347	1350995596345	1350995596345	KO	Connection refused to http://localhost:3000/post/
ACTION	Send POST requests to Queue Manager	1	Request POST request	1350995597294	1350995597295	1350995597294	1350995597294	KO	Connection refused to http://localhost:3000/post/
ACTION	Send POST requests to Queue Manager	1	Request POST request	1350995598393	1350995598394	1350995598393	1350995598393	KO	Connection refused to http://localhost:3000/post/
ACTION	Send POST requests to Queue Manager	1	Request POST request	1350995599343	1350995599345	1350995599343	1350995599343	KO	Connection refused to http://localhost:3000/post/
ACTION	Send POST requests to Queue Manager	1	Request POST request	1350995600444	1350995600446	1350995600444	1350995600444	KO	Connection refused to http://localhost:3000/post/
ACTION	Send POST requests to Queue Manager	1	Request POST request	1350995601393	1350995601394	1350995601393	1350995601393	KO	Connection refused to http://localhost:3000/post/
ACTION	Send POST requests to Queue Manager	1	Request POST request	1350995602493	1350995602496	1350995602493	1350995602493	KO	Connection refused to http://localhost:3000/post/
ACTION	Send POST requests to Queue Manager	1	Request POST request	1350995603442	1350995603444	1350995603442	1350995603442	KO	Connection refused to http://localhost:3000/post/
ACTION	Send POST requests to Queue Manager	1	Request POST request	1350995604543	1350995604544	1350995604543	1350995604543	KO	Connection refused to http://localhost:3000/post/
ACTION	Send POST requests to Queue Manager	1	Request POST request	1350995605493	1350995605496	1350995605493	1350995605493	KO	Connection refused to http://localhost:3000/post/
ACTION	Send POST requests to Queue Manager	1	Request POST request	1350995606593	1350995606595	1350995606593	1350995606593	KO	Connection refused to http://localhost:3000/post/
ACTION	Send POST requests to Queue Manager	1	Request POST request	1350995607544	1350995607545	1350995607544	1350995607544	KO	Connection refused to http://localhost:3000/post/
ACTION	Send POST requests to Queue Manager	1	Request POST request	1350995608643	1350995608645	1350995608643	1350995608643	KO	Connection refused to http://localhost:3000/post/
ACTION	Send POST requests to Queue Manager	1	Request POST request	1350995609594	1350995609595	1350995609594	1350995609594	KO	Connection refused to http://localhost:3000/post/
ACTION	Send POST requests to Queue Manager	1	Request POST request	1350995610693	1350995610695	1350995610693	1350995610693	KO	Connection refused to http://localhost:3000/post/
ACTION	Send POST requests to Queue Manager	1	Request POST request	1350995611643	1350995611646	1350995611643	1350995611643	KO	Connection refused to http://localhost:3000/post/
ACTION	Send POST requests to Queue Manager	1	Request POST request	1350995612744	1350995612746	1350995612744	1350995612744	KO	Connection refused to http://localhost:3000/post/
ACTION	Send POST requests to Queue Manager	1	Request POST request	1350995613694	1350995613696	1350995613694	1350995613694	KO	Connection refused to http://localhost:3000/post/
ACTION	Send POST requests to Queue Manager	1	Request POST request	1350995614793	1350995614800	1350995614793	1350995614793	KO	Connection refused to http://localhost:3000/post/
ACTION	Send POST requests to Queue Manager	1	Request POST request	1350995615743	1350995615745	1350995615743	1350995615743	KO	Connection refused to http://localhost:3000/post/
ACTION	Send POST requests to Queue Manager	1	Request POST request	1350995616843	1350995616845	1350995616843	1350995616843	KO	Connection refused to http://localhost:3000/post/
ACTION	Send POST requests to Queue Manager	1	Request POST request	1350995617793	1350995617795	1350995617793	1350995617793	KO	Connection refused to http://localhost:3000/post/
ACTION	Send POST requests to Queue Manager	1	Request POST request	1350995618893	1350995618895	1350995618893	1350995618893	KO	Connection refused to http://localhost:3000/post/
ACTION	Send POST requests to Queue Manager	1	Request POST request	1350995619845	1350995619848	1350995619845	1350995619845	KO	Connection refused to http://localhost:3000/post/
ACTION	Send POST requests to Queue Manager	1	Request POST request	1350995620943	1350995620945	1350995620943	1350995620943	KO	Connection refused to http://localhost:3000/post/
ACTION	Send POST requests to Queue Manager	1	Request POST request	1350995621893	1350995621895	1350995621893	1350995621893	KO	Connection refused to http://localhost:3000/post/
ACTION	Send POST requests to Queue Manager	1	Request POST request	1350995622993	1350995622996	1350995622993	1350995622993	KO	Connection refused to http://localhost:3000/post/
ACTION	Send POST requests to Queue Manager	1	Request POST request	1350995623946	1350995623948	1350995623946	1350995623946	KO	Connection refused to http://localhost:3000/post/
ACTION	Send POST requests to Queue Manager	1	Request POST request	1350995625042	1350995625044	1350995625042	1350995625042	KO	Connection refused to http://localhost:3000/post/
ACTION	Send POST requests to Queue Manager	1	Request POST request	1350995625994	1350995625996	1350995625994	1350995625994	KO	Connection refused to http://localhost:3000/post/
ACTION	Send POST requests to Queue Manager	1	Request POST request	1350995627093	1350995627095	1350995627093	1350995627093	KO	Connection refused to http://localhost:3000/post/
ACTION	Send POST requests to Queue Manager	1	Request POST request	1350995628043	1350995628045	1350995628043	1350995628043	KO	Connection refused to http://localhost:3000/post/
ACTION	Send POST requests to Queue Manager	1	Request POST request	1350995629145	1350995629146	1350995629145	1350995629145	KO	Connection refused to http://localhost:3000/post/
ACTION	Send POST requests to Queue Manager	1	Request POST request	1350995630094	1350995630096	1350995630094	1350995630094	KO	Connection refused to http://localhost:3000/post/
ACTION	Send POST requests to Queue Manager	1	Request POST request	1350995631195	1350995631195	1350995631195	1350995631195	KO	Connection refused to http://localhost:3000/post/
ACTION	Send POST requests to Queue Manager	1	Request POST request	1350995632143	1350995632145	1350995632143	1350995632143	KO	Connection refused to http://localhost:3000/post/
ACTION	Send POST requests to Queue Manager	1	Request POST request	1350995633255	1350995633256	1350995633255	1350995633255	KO	Connection refused to http://localhost:3000/post/
ACTION	Send POST requests to Queue Manager	1	Request POST request	1350995634193	1350995634195	1350995634193	1350995634193	KO	Connection refused to http://localhost:3000/post/
ACTION	Send POST requests to Queue Manager	1	Request POST request	1350995635294	1350995635296	1350995635294	1350995635294	KO	Connection refused to http://localhost:3000/post/
ACTION	Send POST requests to Queue Manager	1	Request POST request	1350995636243	1350995636245	1350995636243	1350995636243	KO	Connection refused to http://localhost:3000/post/
ACTION	Send POST requests to Queue Manager	1	Request POST request	1350995637343	1350995637345	1350995637343	1350995637343	KO	Connection refused to http://localhost:3000/post/
ACTION	Send POST requests to Queue Manager	1	Request POST request	1350995638293	1350995638295	1350995638293	1350995638293	KO	Connection refused to http://localhost:3000/post/
ACTION	Send POST requests to Queue Manager	1	Request POST request	1350995639392	1350995639393	1350995639392	1350995639392	KO	Connection refused to http://localhost:3000/post/
ACTION	Send POST requests to Queue Manager	1	Request POST request	1350995640344	1350995640345	1350995640344	1350995640344	KO	Connection refused to http://localhost:3000/post/
ACTION	Send POST requests to Queue Manager	1	Request POST request	1350995641444	1350995641445	1350995641444	1350995641444	KO	Connection refused to http://localhost:3000/post/
ACTION	Send POST requests to Queue Manager	1	Request POST request	1350995642393	1350995642397	1350995642393	1350995642393	KO	Connection refused to http://localhost:3000/post/
ACTION	Send POST requests to Queue Manager	1	Request POST request	1350995643493	1350995643496	1350995643493	1350995643493	KO	Connection refused to http://localhost:3000/post/
ACTION	Send POST requests to Queue Manager	1	Request POST request	1350995644445	1350995644446	1350995644445	1350995644445	KO	Connection refused to http://localhost:3000/post/
ACTION	Send POST requests to Queue Manager	1	Request POST request	1350995645543	1350995645545	1350995645543	1350995645543	KO	Connection refused to http://localhost:3000/post/
ACTION	Send POST requests to Queue Manager	1	Request POST request	1350995646494	1350995646496	1350995646494	1350995646494	KO	Connection refused to http://localhost:3000/post/
ACTION	Send POST requests to Queue Manager	1	Request POST request	1350995647593	1350995647595	1350995647593	1350995647593	KO	Connection refused to http://localhost:3000/post/
ACTION	Send POST requests to Queue Manager	1	Request POST request	1350995648543	1350995648545	1350995648543	1350995648543	KO	Connection refused to http://localhost:3000/post/
ACTION	Send POST requests to Queue Manager	1	Request POST request	1350995649644	1350995649646	1350995649644	1350995649644	KO	Connection refused to http://localhost:3000/post/
ACTION	Send POST requests to Queue Manager	1	Request POST request	1350995650594	1350995650596	1350995650594	1350995650594	KO	Connection refused to http://localhost:3000/post/
ACTION	Send POST requests to Queue Manager	1	Request POST request	1350995651694	1350995651695	1350995651694	1350995651694	KO	Connection refused to http://localhost:3000/post/
ACTION	Send POST requests to Queue Manager	1	Request POST request	1350995652643	1350995652645	1350995652643	1350995652643	KO	Connection refused to http://localhost:3000/post/
ACTION	Send POST requests to Queue Manager	1	Request POST request	1350995653744	1350995653746	1350995653744	1350995653744	KO	Connection refused to http://localhost:3000/post/
ACTION	Send POST requests to Queue Manager	1	Request POST request	1350995654693	1350995654695	1350995654693	1350995654693	KO	Connection refused to http://localhost:3000/post/
ACTION	Send POST requests to Queue Manager	1	Request POST request	1350995655793	1350995655795	1350995655793	1350995655793	KO	Connection refused to http://localhost:3000/post/
ACTION	Send POST requests to Queue Manager	1	Request POST request	1350995656745	1350995656747	1350995656745	1350995656745	KO	Connection refused to http://localhost:3000/post/
ACTION	Send POST requests to Queue Manager	1	Request POST request	1350995657843	1350995657845	1350995657843	1350995657843	KO	Connection refused to http://localhost:3000/post/
ACTION	Send POST requests to Queue Manager	1	Request POST request	1350995658792	1350995658794	1350995658792	1350995658792	KO	Connection refused to http://localhost:3000/post/
ACTION	Send POST requests to Queue Manager	1	Request POST request	1350995659893	1350995659895	1350995659893	1350995659893	KO	Connection refused to http://localhost:3000/post/
ACTION	Send POST requests to Queue Manager	1	Request POST request	1350995660843	1350995660845	1350995660843	1350995660843	KO	Connection refused to http://localhost:3000/post/
ACTION	Send POST requests to Queue Manager	1	Request POST request	1350995661943	1350995661945	1350995661943	1350995661943	KO	Connection refused to http://localhost:3000/post/
ACTION	Send POST requests to Queue Manager	1	Request POST request	1350995662894	1350995662904	1350995662894	1350995662894	KO	Connection refused to http://localhost:3000/post/
ACTION	Send POST requests to Queue Manager	1	Request POST request	1350995663993	1350995663995	1350995663993	1350995663993	KO	Connection refused to http://localhost:3000/post/
ACTION	Send POST requests to Queue Manager	1	Request POST request	1350995664944	1350995664949	1350995664944	1350995664944	KO	Connection refused to http://localhost:3000/post/
ACTION	Send POST requests to Queue Manager	1	Request POST request	1350995666043	1350995666045	1350995666043	1350995666043	KO	Connection refused to http://localhost:3000/post/
ACTION	Send POST requests to Queue Manager	1	Request POST request	1350995666993	1350995666995	1350995666993	1350995666993	KO	Connection refused to http://localhost:3000/post/
ACTION	Send POST requests to Queue Manager	1	Request POST request	1350995668094	1350995668095	1350995668094	1350995668094	KO	Connection refused to http://localhost:3000/post/
ACTION	Send POST requests to Queue Manager	1	Request POST request	1350995669044	1350995669046	1350995669044	1350995669044	KO	Connection refused to http://localhost:3000/post/
ACTION	Send POST requests to Queue Manager	1	Request POST request	1350995670143	1350995670145	1350995670143	1350995670143	KO	Connection refused to http://localhost:3000/post/
ACTION	Send POST requests to Queue Manager	1	Request POST request	1350995671094	1350995671095	1350995671094	1350995671094	KO	Connection refused to http://localhost:3000/post/
ACTION	Send POST requests to Queue Manager	1	Request POST request	1350995672193	1350995672195	1350995672193	1350995672193	KO	Connection refused to http://localhost:3000/post/
ACTION	Send POST requests to Queue Manager	1	Request POST request	1350995673144	1350995673147	1350995673144	1350995673144	KO	Connection refused to http://localhost:3000/post/
ACTION	Send POST requests to Queue Manager	1	Request POST request	1350995674244	1350995674246	1350995674244	1350995674244	KO	Connection refused to http://localhost:3000/post/
ACTION	Send POST requests to Queue Manager	1	Request POST request	1350995675193	1350995675196	1350995675193	1350995675193	KO	Connection refused to http://localhost:3000/post/
ACTION	Send POST requests to Queue Manager	1	Request POST request	1350995676292	1350995676295	1350995676292	1350995676292	KO	Connection refused to http://localhost:3000/post/
ACTION	Send POST requests to Queue Manager	1	Request POST request	1350995677245	1350995677247	1350995677245	1350995677245	KO	Connection refused to http://localhost:3000/post/
ACTION	Send POST requests to Queue Manager	1	Request POST request	1350995678344	1350995678346	1350995678344	1350995678344	KO	Connection refused to http://localhost:3000/post/
ACTION	Send POST requests to Queue Manager	1	Request POST request	1350995679294	1350995679297	1350995679294	1350995679294	KO	Connection refused to http://localhost:3000/post/
ACTION	Send POST requests to Queue Manager	1	Request POST request	1350995680393	1350995680395	1350995680393	1350995680393	KO	Connection refused to http://localhost:3000/post/
ACTION	Send POST requests to Queue Manager	1	Request POST request	1350995681343	1350995681345	1350995681343	1350995681343	KO	Connection refused to http://localhost:3000/post/
ACTION	Send POST requests to Queue Manager	1	Request POST request	1350995682443	1350995682445	1350995682443	1350995682443	KO	Connection refused to http://localhost:3000/post/
ACTION	Send POST requests to Queue Manager	1	Request POST request	1350995683394	1350995683397	1350995683394	1350995683394	KO	Connection refused to http://localhost:3000/post/
ACTION	Send POST requests to Queue Manager	1	Request POST request	1350995684494	1350995684495	1350995684494	1350995684494	KO	Connection refused to http://localhost:3000/post/
ACTION	Send POST requests to Queue Manager	1	Request POST request	1350995685443	1350995685445	1350995685443	1350995685443	KO	Connection refused to http://localhost:3000/post/
ACTION	Send POST requests to Queue Manager	1	Request POST request	1350995686543	1350995686545	1350995686543	1350995686543	KO	Connection refused to http://localhost:3000/post/
ACTION	Send POST requests to Queue Manager	1	Request POST request	1350995687493	1350995687495	1350995687493	1350995687493	KO	Connection refused to http://localhost:3000/post/
ACTION	Send POST requests to Queue Manager	1	Request POST request	1350995688593	1350995688595	1350995688593	1350995688593	KO	Connection refused to http://localhost:3000/post/
ACTION	Send POST requests to Queue Manager	1	Request POST request	1350995689543	1350995689545	1350995689543	1350995689543	KO	Connection refused to http://localhost:3000/post/
ACTION	Send POST requests to Queue Manager	1	Request POST request	1350995690643	1350995690645	1350995690643	1350995690643	KO	Connection refused to http://localhost:3000/post/
ACTION	Send POST requests to Queue Manager	1	Request POST request	1350995691593	1350995691595	1350995691593	1350995691593	KO	Connection refused to http://localhost:3000/post/
ACTION	Send POST requests to Queue Manager	1	Request POST request	1350995692693	1350995692696	1350995692693	1350995692693	KO	Connection refused to http://localhost:3000/post/
ACTION	Send POST requests to Queue Manager	1	Request POST request	1350995693644	1350995693647	1350995693644	1350995693644	KO	Connection refused to http://localhost:3000/post/
ACTION	Send POST requests to Queue Manager	1	Request POST request	1350995694744	1350995694746	1350995694744	1350995694744	KO	Connection refused to http://localhost:3000/post/
ACTION	Send POST requests to Queue Manager	1	Request POST request	1350995695693	1350995695694	1350995695693	1350995695693	KO	Connection refused to http://localhost:3000/post/
ACTION	Send POST requests to Queue Manager	1	Request POST request	1350995696793	1350995696794	1350995696793	1350995696793	KO	Connection refused to http://localhost:3000/post/
ACTION	Send POST requests to Queue Manager	1	Request POST request	1350995697743	1350995697745	1350995697743	1350995697743	KO	Connection refused to http://localhost:3000/post/
ACTION	Send POST requests to Queue Manager	1	Request POST request	1350995698844	1350995698846	1350995698844	1350995698844	KO	Connection refused to http://localhost:3000/post/
ACTION	Send POST requests to Queue Manager	1	Request POST request	1350995699793	1350995699795	1350995699793	1350995699793	KO	Connection refused to http://localhost:3000/post/
ACTION	Send POST requests to Queue Manager	1	Request POST request	1350995700894	1350995700897	1350995700894	1350995700894	KO	Connection refused to http://localhost:3000/post/
ACTION	Send POST requests to Queue Manager	1	Request POST request	1350995701843	1350995701845	1350995701843	1350995701843	KO	Connection refused to http://localhost:3000/post/
ACTION	Send POST requests to Queue Manager	1	Request POST request	1350995702943	1350995702946	1350995702943	1350995702943	KO	Connection refused to http://localhost:3000/post/
ACTION	Send POST requests to Queue Manager	1	Request POST request	1350995703893	1350995703895	1350995703893	1350995703893	KO	Connection refused to http://localhost:3000/post/
ACTION	Send POST requests to Queue Manager	1	Request POST request	1350995704993	1350995704995	1350995704993	1350995704993	KO	Connection refused to http://localhost:3000/post/
ACTION	Send POST requests to Queue Manager	1	Request POST request	1350995705944	1350995705945	1350995705944	1350995705944	KO	Connection refused to http://localhost:3000/post/
ACTION	Send POST requests to Queue Manager	1	Request POST request	1350995707043	1350995707086	1350995707043	1350995707043	KO	Connection refused to http://localhost:3000/post/
ACTION	Send POST requests to Queue Manager	1	Request POST request	1350995707994	1350995707996	1350995707994	1350995707994	KO	Connection refused to http://localhost:3000/post/
ACTION	Send POST requests to Queue Manager	1	Request POST request	1350995709143	1350995709145	1350995709143	1350995709143	KO	Connection refused to http://localhost:3000/post/
ACTION	Send POST requests to Queue Manager	1	Request POST request	1350995710042	1350995710044	1350995710042	1350995710042	KO	Connection refused to http://localhost:3000/post/
ACTION	Send POST requests to Queue Manager	1	Request POST request	1350995711193	1350995711195	1350995711193	1350995711193	KO	Connection refused to http://localhost:3000/post/
ACTION	Send POST requests to Queue Manager	1	Request POST request	1350995712093	1350995712095	1350995712093	1350995712093	KO	Connection refused to http://localhost:3000/post/
ACTION	Send POST requests to Queue Manager	1	Request POST request	1350995713243	1350995713245	1350995713243	1350995713243	KO	Connection refused to http://localhost:3000/post/
ACTION	Send POST requests to Queue Manager	1	Request POST request	1350995714144	1350995714146	1350995714144	1350995714144	KO	Connection refused to http://localhost:3000/post/
ACTION	Send POST requests to Queue Manager	1	Request POST request	1350995715293	1350995715295	1350995715293	1350995715293	KO	Connection refused to http://localhost:3000/post/
ACTION	Send POST requests to Queue Manager	1	Request POST request	1350995716196	1350995716197	1350995716196	1350995716196	KO	Connection refused to http://localhost:3000/post/
ACTION	Send POST requests to Queue Manager	1	Request POST request	1350995717343	1350995717345	1350995717343	1350995717343	KO	Connection refused to http://localhost:3000/post/
ACTION	Send POST requests to Queue Manager	1	Request POST request	1350995718244	1350995718245	1350995718244	1350995718244	KO	Connection refused to http://localhost:3000/post/
ACTION	Send POST requests to Queue Manager	1	Request POST request	1350995719392	1350995719394	1350995719392	1350995719392	KO	Connection refused to http://localhost:3000/post/
ACTION	Send POST requests to Queue Manager	1	Request POST request	1350995720296	1350995720298	1350995720296	1350995720296	KO	Connection refused to http://localhost:3000/post/
ACTION	Send POST requests to Queue Manager	1	Request POST request	1350995721443	1350995721445	1350995721443	1350995721443	KO	Connection refused to http://localhost:3000/post/
ACTION	Send POST requests to Queue Manager	1	Request POST request	1350995722343	1350995722345	1350995722343	1350995722343	KO	Connection refused to http://localhost:3000/post/
ACTION	Send POST requests to Queue Manager	1	Request POST request	1350995723493	1350995723495	1350995723493	1350995723493	KO	Connection refused to http://localhost:3000/post/
ACTION	Send POST requests to Queue Manager	1	Request POST request	1350995724394	1350995724396	1350995724394	1350995724394	KO	Connection refused to http://localhost:3000/post/
ACTION	Send POST requests to Queue Manager	1	Request POST request	1350995725543	1350995725545	1350995725543	1350995725543	KO	Connection refused to http://localhost:3000/post/
ACTION	Send POST requests to Queue Manager	1	Request POST request	1350995726443	1350995726445	1350995726443	1350995726443	KO	Connection refused to http://localhost:3000/post/
ACTION	Send POST requests to Queue Manager	1	Request POST request	1350995727593	1350995727595	1350995727593	1350995727593	KO	Connection refused to http://localhost:3000/post/
ACTION	Send POST requests to Queue Manager	1	Request POST request	1350995728493	1350995728495	1350995728493	1350995728493	KO	Connection refused to http://localhost:3000/post/
ACTION	Send POST requests to Queue Manager	1	Request POST request	1350995729643	1350995729645	1350995729643	1350995729643	KO	Connection refused to http://localhost:3000/post/
ACTION	Send POST requests to Queue Manager	1	Request POST request	1350995730543	1350995730545	1350995730543	1350995730543	KO	Connection refused to http://localhost:3000/post/
ACTION	Send POST requests to Queue Manager	1	Request POST request	1350995731694	1350995731696	1350995731694	1350995731694	KO	Connection refused to http://localhost:3000/post/
ACTION	Send POST requests to Queue Manager	1	Request POST request	1350995732593	1350995732596	1350995732593	1350995732593	KO	Connection refused to http://localhost:3000/post/
ACTION	Send POST requests to Queue Manager	1	Request POST request	1350995733744	1350995733745	1350995733744	1350995733744	KO	Connection refused to http://localhost:3000/post/
ACTION	Send POST requests to Queue Manager	1	Request POST request	1350995734643	1350995734645	1350995734643	1350995734643	KO	Connection refused to http://localhost:3000/post/
ACTION	Send POST requests to Queue Manager	1	Request POST request	1350995735793	1350995735795	1350995735793	1350995735793	KO	Connection refused to http://localhost:3000/post/
ACTION	Send POST requests to Queue Manager	1	Request POST request	1350995736696	1350995736711	1350995736696	1350995736696	KO	Connection refused to http://localhost:3000/post/
ACTION	Send POST requests to Queue Manager	1	Request POST request	1350995737843	1350995737846	1350995737843	1350995737843	KO	Connection refused to http://localhost:3000/post/
ACTION	Send POST requests to Queue Manager	1	Request POST request	1350995738743	1350995738745	1350995738743	1350995738743	KO	Connection refused to http://localhost:3000/post/
ACTION	Send POST requests to Queue Manager	1	Request POST request	1350995739893	1350995739895	1350995739893	1350995739893	KO	Connection refused to http://localhost:3000/post/
ACTION	Send POST requests to Queue Manager	1	Request POST request	1350995740793	1350995740795	1350995740793	1350995740793	KO	Connection refused to http://localhost:3000/post/
ACTION	Send POST requests to Queue Manager	1	Request POST request	1350995741943	1350995741947	1350995741943	1350995741943	KO	Connection refused to http://localhost:3000/post/
ACTION	Send POST requests to Queue Manager	1	Request POST request	1350995742843	1350995742845	1350995742843	1350995742843	KO	Connection refused to http://localhost:3000/post/
ACTION	Send POST requests to Queue Manager	1	Request POST request	1350995743994	1350995743995	1350995743994	1350995743994	KO	Connection refused to http://localhost:3000/post/
ACTION	Send POST requests to Queue Manager	1	Request POST request	1350995744893	1350995744895	1350995744893	1350995744893	KO	Connection refused to http://localhost:3000/post/
ACTION	Send POST requests to Queue Manager	1	Request POST request	1350995746045	1350995746048	1350995746045	1350995746045	KO	Connection refused to http://localhost:3000/post/
ACTION	Send POST requests to Queue Manager	1	Request POST request	1350995746944	1350995746946	1350995746944	1350995746944	KO	Connection refused to http://localhost:3000/post/
ACTION	Send POST requests to Queue Manager	1	Request POST request	1350995748093	1350995748095	1350995748093	1350995748093	KO	Connection refused to http://localhost:3000/post/
ACTION	Send POST requests to Queue Manager	1	Request POST request	1350995748994	1350995748996	1350995748994	1350995748994	KO	Connection refused to http://localhost:3000/post/
ACTION	Send POST requests to Queue Manager	1	Request POST request	1350995750144	1350995750146	1350995750144	1350995750144	KO	Connection refused to http://localhost:3000/post/
ACTION	Send POST requests to Queue Manager	1	Request POST request	1350995751043	1350995751045	1350995751043	1350995751043	KO	Connection refused to http://localhost:3000/post/
ACTION	Send POST requests to Queue Manager	1	Request POST request	1350995752198	1350995752202	1350995752198	1350995752198	KO	Connection refused to http://localhost:3000/post/
ACTION	Send POST requests to Queue Manager	1	Request POST request	1350995753093	1350995753097	1350995753093	1350995753093	KO	Connection refused to http://localhost:3000/post/
ACTION	Send POST requests to Queue Manager	1	Request POST request	1350995754245	1350995754247	1350995754245	1350995754245	KO	Connection refused to http://localhost:3000/post/
ACTION	Send POST requests to Queue Manager	1	Request POST request	1350995755143	1350995755145	1350995755143	1350995755143	KO	Connection refused to http://localhost:3000/post/
ACTION	Send POST requests to Queue Manager	1	Request POST request	1350995756294	1350995756299	1350995756294	1350995756294	KO	Connection refused to http://localhost:3000/post/
ACTION	Send POST requests to Queue Manager	1	Request POST request	1350995757193	1350995757195	1350995757193	1350995757193	KO	Connection refused to http://localhost:3000/post/
ACTION	Send POST requests to Queue Manager	1	Request POST request	1350995758343	1350995758345	1350995758343	1350995758343	KO	Connection refused to http://localhost:3000/post/
ACTION	Send POST requests to Queue Manager	1	Request POST request	1350995759243	1350995759245	1350995759243	1350995759243	KO	Connection refused to http://localhost:3000/post/
ACTION	Send POST requests to Queue Manager	1	Request POST request	1350995760393	1350995760395	1350995760393	1350995760393	KO	Connection refused to http://localhost:3000/post/
ACTION	Send POST requests to Queue Manager	1	Request POST request	1350995761293	1350995761295	1350995761293	1350995761293	KO	Connection refused to http://localhost:3000/post/
ACTION	Send POST requests to Queue Manager	1	Request POST request	1350995762443	1350995762445	1350995762443	1350995762443	KO	Connection refused to http://localhost:3000/post/
ACTION	Send POST requests to Queue Manager	1	Request POST request	1350995763342	1350995763344	1350995763342	1350995763342	KO	Connection refused to http://localhost:3000/post/
ACTION	Send POST requests to Queue Manager	1	Request POST request	1350995764493	1350995764496	1350995764493	1350995764493	KO	Connection refused to http://localhost:3000/post/
ACTION	Send POST requests to Queue Manager	1	Request POST request	1350995765395	1350995765397	1350995765395	1350995765395	KO	Connection refused to http://localhost:3000/post/
ACTION	Send POST requests to Queue Manager	1	Request POST request	1350995766543	1350995766545	1350995766543	1350995766543	KO	Connection refused to http://localhost:3000/post/
ACTION	Send POST requests to Queue Manager	1	Request POST request	1350995767443	1350995767445	1350995767443	1350995767443	KO	Connection refused to http://localhost:3000/post/
ACTION	Send POST requests to Queue Manager	1	Request POST request	1350995768593	1350995768597	1350995768593	1350995768593	KO	Connection refused to http://localhost:3000/post/
ACTION	Send POST requests to Queue Manager	1	Request POST request	1350995769493	1350995769495	1350995769493	1350995769493	KO	Connection refused to http://localhost:3000/post/
ACTION	Send POST requests to Queue Manager	1	Request POST request	1350995770646	1350995770647	1350995770646	1350995770646	KO	Connection refused to http://localhost:3000/post/
ACTION	Send POST requests to Queue Manager	1	Request POST request	1350995771543	1350995771545	1350995771543	1350995771543	KO	Connection refused to http://localhost:3000/post/
ACTION	Send POST requests to Queue Manager	1	Request POST request	1350995772693	1350995772695	1350995772693	1350995772693	KO	Connection refused to http://localhost:3000/post/
ACTION	Send POST requests to Queue Manager	1	Request POST request	1350995773593	1350995773595	1350995773593	1350995773593	KO	Connection refused to http://localhost:3000/post/
ACTION	Send POST requests to Queue Manager	1	Request POST request	1350995774745	1350995774746	1350995774745	1350995774745	KO	Connection refused to http://localhost:3000/post/
ACTION	Send POST requests to Queue Manager	1	Request POST request	1350995775643	1350995775645	1350995775643	1350995775643	KO	Connection refused to http://localhost:3000/post/
ACTION	Send POST requests to Queue Manager	1	Request POST request	1350995776794	1350995776795	1350995776794	1350995776794	KO	Connection refused to http://localhost:3000/post/
ACTION	Send POST requests to Queue Manager	1	Request POST request	1350995777693	1350995777695	1350995777693	1350995777693	KO	Connection refused to http://localhost:3000/post/
ACTION	Send POST requests to Queue Manager	1	Request POST request	1350995778844	1350995778846	1350995778844	1350995778844	KO	Connection refused to http://localhost:3000/post/
ACTION	Send POST requests to Queue Manager	1	Request POST request	1350995779744	1350995779746	1350995779744	1350995779744	KO	Connection refused to http://localhost:3000/post/
ACTION	Send POST requests to Queue Manager	1	Request POST request	1350995780893	1350995780895	1350995780893	1350995780893	KO	Connection refused to http://localhost:3000/post/
ACTION	Send POST requests to Queue Manager	1	Request POST request	1350995781793	1350995781795	1350995781793	1350995781793	KO	Connection refused to http://localhost:3000/post/
ACTION	Send POST requests to Queue Manager	1	Request POST request	1350995782944	1350995782945	1350995782944	1350995782944	KO	Connection refused to http://localhost:3000/post/
ACTION	Send POST requests to Queue Manager	1	Request POST request	1350995783845	1350995783848	1350995783845	1350995783845	KO	Connection refused to http://localhost:3000/post/
ACTION	Send POST requests to Queue Manager	1	Request POST request	1350995784994	1350995784996	1350995784994	1350995784994	KO	Connection refused to http://localhost:3000/post/
ACTION	Send POST requests to Queue Manager	1	Request POST request	1350995785893	1350995785895	1350995785893	1350995785893	KO	Connection refused to http://localhost:3000/post/
ACTION	Send POST requests to Queue Manager	1	Request POST request	1350995787043	1350995787045	1350995787043	1350995787043	KO	Connection refused to http://localhost:3000/post/
ACTION	Send POST requests to Queue Manager	1	Request POST request	1350995787943	1350995787944	1350995787943	1350995787943	KO	Connection refused to http://localhost:3000/post/
ACTION	Send POST requests to Queue Manager	1	Request POST request	1350995789094	1350995789096	1350995789094	1350995789094	KO	Connection refused to http://localhost:3000/post/
ACTION	Send POST requests to Queue Manager	1	Request POST request	1350995789993	1350995789996	1350995789993	1350995789993	KO	Connection refused to http://localhost:3000/post/
ACTION	Send POST requests to Queue Manager	1	Request POST request	1350995791144	1350995791146	1350995791144	1350995791144	KO	Connection refused to http://localhost:3000/post/
ACTION	Send POST requests to Queue Manager	1	Request POST request	1350995792043	1350995792045	1350995792043	1350995792043	KO	Connection refused to http://localhost:3000/post/
ACTION	Send POST requests to Queue Manager	1	Request POST request	1350995793193	1350995793195	1350995793193	1350995793193	KO	Connection refused to http://localhost:3000/post/
ACTION	Send POST requests to Queue Manager	1	Request POST request	1350995794094	1350995794095	1350995794094	1350995794094	KO	Connection refused to http://localhost:3000/post/
ACTION	Send POST requests to Queue Manager	1	Request POST request	1350995795244	1350995795246	1350995795244	1350995795244	KO	Connection refused to http://localhost:3000/post/
ACTION	Send POST requests to Queue Manager	1	Request POST request	1350995796143	1350995796145	1350995796143	1350995796143	KO	Connection refused to http://localhost:3000/post/
ACTION	Send POST requests to Queue Manager	1	Request POST request	1350995797293	1350995797295	1350995797293	1350995797293	KO	Connection refused to http://localhost:3000/post/
ACTION	Send POST requests to Queue Manager	1	Request POST request	1350995798192	1350995798194	1350995798192	1350995798192	KO	Connection refused to http://localhost:3000/post/
ACTION	Send POST requests to Queue Manager	1	Request POST request	1350995799343	1350995799349	1350995799343	1350995799343	KO	Connection refused to http://localhost:3000/post/
ACTION	Send POST requests to Queue Manager	1	Request POST request	1350995800243	1350995800245	1350995800243	1350995800243	KO	Connection refused to http://localhost:3000/post/
ACTION	Send POST requests to Queue Manager	1	Request POST request	1350995801393	1350995801395	1350995801393	1350995801393	KO	Connection refused to http://localhost:3000/post/
ACTION	Send POST requests to Queue Manager	1	Request POST request	1350995802293	1350995802295	1350995802293	1350995802293	KO	Connection refused to http://localhost:3000/post/
ACTION	Send POST requests to Queue Manager	1	Request POST request	1350995803444	1350995803446	1350995803444	1350995803444	KO	Connection refused to http://localhost:3000/post/
ACTION	Send POST requests to Queue Manager	1	Request POST request	1350995804343	1350995804345	1350995804343	1350995804343	KO	Connection refused to http://localhost:3000/post/
ACTION	Send POST requests to Queue Manager	1	Request POST request	1350995805493	1350995805495	1350995805493	1350995805493	KO	Connection refused to http://localhost:3000/post/
ACTION	Send POST requests to Queue Manager	1	Request POST request	1350995806393	1350995806395	1350995806393	1350995806393	KO	Connection refused to http://localhost:3000/post/
ACTION	Send POST requests to Queue Manager	1	Request POST request	1350995807543	1350995807545	1350995807543	1350995807543	KO	Connection refused to http://localhost:3000/post/
ACTION	Send POST requests to Queue Manager	1	Request POST request	1350995808443	1350995808445	1350995808443	1350995808443	KO	Connection refused to http://localhost:3000/post/
ACTION	Send POST requests to Queue Manager	1	Request POST request	1350995809593	1350995809594	1350995809593	1350995809593	KO	Connection refused to http://localhost:3000/post/
ACTION	Send POST requests to Queue Manager	1	Request POST request	1350995810493	1350995810495	1350995810493	1350995810493	KO	Connection refused to http://localhost:3000/post/
ACTION	Send POST requests to Queue Manager	1	Request POST request	1350995811644	1350995811646	1350995811644	1350995811644	KO	Connection refused to http://localhost:3000/post/
ACTION	Send POST requests to Queue Manager	1	Request POST request	1350995812545	1350995812548	1350995812545	1350995812545	KO	Connection refused to http://localhost:3000/post/
ACTION	Send POST requests to Queue Manager	1	Request POST request	1350995813705	1350995813708	1350995813705	1350995813705	KO	Connection refused to http://localhost:3000/post/
ACTION	Send POST requests to Queue Manager	1	Request POST request	1350995814593	1350995814597	1350995814593	1350995814593	KO	Connection refused to http://localhost:3000/post/
ACTION	Send POST requests to Queue Manager	1	Request POST request	1350995815764	1350995815772	1350995815764	1350995815764	KO	Connection refused to http://localhost:3000/post/
ACTION	Send POST requests to Queue Manager	1	Request POST request	1350995816654	1350995816661	1350995816654	1350995816654	KO	Connection refused to http://localhost:3000/post/
ACTION	Send POST requests to Queue Manager	1	Request POST request	1350995817793	1350995817795	1350995817793	1350995817793	KO	Connection refused to http://localhost:3000/post/
ACTION	Send POST requests to Queue Manager	1	Request POST request	1350995818694	1350995818696	1350995818694	1350995818694	KO	Connection refused to http://localhost:3000/post/
ACTION	Send POST requests to Queue Manager	1	Request POST request	1350995819843	1350995819845	1350995819843	1350995819843	KO	Connection refused to http://localhost:3000/post/
ACTION	Send POST requests to Queue Manager	1	Request POST request	1350995820743	1350995820745	1350995820743	1350995820743	KO	Connection refused to http://localhost:3000/post/
ACTION	Send POST requests to Queue Manager	1	Request POST request	1350995821893	1350995821895	1350995821893	1350995821893	KO	Connection refused to http://localhost:3000/post/
ACTION	Send POST requests to Queue Manager	1	Request POST request	1350995822793	1350995822796	1350995822793	1350995822793	KO	Connection refused to http://localhost:3000/post/
ACTION	Send POST requests to Queue Manager	1	Request POST request	1350995823944	1350995823946	1350995823944	1350995823944	KO	Connection refused to http://localhost:3000/post/
ACTION	Send POST requests to Queue Manager	1	Request POST request	1350995824843	1350995824845	1350995824843	1350995824843	KO	Connection refused to http://localhost:3000/post/
ACTION	Send POST requests to Queue Manager	1	Request POST request	1350995825994	1350995825996	1350995825994	1350995825994	KO	Connection refused to http://localhost:3000/post/
ACTION	Send POST requests to Queue Manager	1	Request POST request	1350995826892	1350995826894	1350995826892	1350995826892	KO	Connection refused to http://localhost:3000/post/
ACTION	Send POST requests to Queue Manager	1	Request POST request	1350995828043	1350995828045	1350995828043	1350995828043	KO	Connection refused to http://localhost:3000/post/
ACTION	Send POST requests to Queue Manager	1	Request POST request	1350995828943	1350995828945	1350995828943	1350995828943	KO	Connection refused to http://localhost:3000/post/
ACTION	Send POST requests to Queue Manager	1	Request POST request	1350995830094	1350995830097	1350995830094	1350995830094	KO	Connection refused to http://localhost:3000/post/
ACTION	Send POST requests to Queue Manager	1	Request POST request	1350995830993	1350995830995	1350995830993	1350995830993	KO	Connection refused to http://localhost:3000/post/
ACTION	Send POST requests to Queue Manager	1	Request POST request	1350995832143	1350995832144	1350995832143	1350995832143	KO	Connection refused to http://localhost:3000/post/
ACTION	Send POST requests to Queue Manager	1	Request POST request	1350995833043	1350995833045	1350995833043	1350995833043	KO	Connection refused to http://localhost:3000/post/
ACTION	Send POST requests to Queue Manager	1	Request POST request	1350995834193	1350995834195	1350995834193	1350995834193	KO	Connection refused to http://localhost:3000/post/
ACTION	Send POST requests to Queue Manager	1	Request POST request	1350995835093	1350995835095	1350995835093	1350995835093	KO	Connection refused to http://localhost:3000/post/
ACTION	Send POST requests to Queue Manager	1	Request POST request	1350995836243	1350995836244	1350995836243	1350995836243	KO	Connection refused to http://localhost:3000/post/
ACTION	Send POST requests to Queue Manager	1	Request POST request	1350995837143	1350995837145	1350995837143	1350995837143	KO	Connection refused to http://localhost:3000/post/
ACTION	Send POST requests to Queue Manager	1	Request POST request	1350995838293	1350995838295	1350995838293	1350995838293	KO	Connection refused to http://localhost:3000/post/
ACTION	Send POST requests to Queue Manager	1	Request POST request	1350995839193	1350995839195	1350995839193	1350995839193	KO	Connection refused to http://localhost:3000/post/
ACTION	Send POST requests to Queue Manager	1	Request POST request	1350995840343	1350995840344	1350995840343	1350995840343	KO	Connection refused to http://localhost:3000/post/
ACTION	Send POST requests to Queue Manager	1	Request POST request	1350995841243	1350995841245	1350995841243	1350995841243	KO	Connection refused to http://localhost:3000/post/
ACTION	Send POST requests to Queue Manager	1	Request POST request	1350995842393	1350995842395	1350995842393	1350995842393	KO	Connection refused to http://localhost:3000/post/
ACTION	Send POST requests to Queue Manager	1	Request POST request	1350995843293	1350995843295	1350995843293	1350995843293	KO	Connection refused to http://localhost:3000/post/
ACTION	Send POST requests to Queue Manager	1	Request POST request	1350995844444	1350995844446	1350995844444	1350995844444	KO	Connection refused to http://localhost:3000/post/
ACTION	Send POST requests to Queue Manager	1	Request POST request	1350995845344	1350995845345	1350995845344	1350995845344	KO	Connection refused to http://localhost:3000/post/
ACTION	Send POST requests to Queue Manager	1	Request POST request	1350995846493	1350995846495	1350995846493	1350995846493	KO	Connection refused to http://localhost:3000/post/
ACTION	Send POST requests to Queue Manager	1	Request POST request	1350995847392	1350995847394	1350995847392	1350995847392	KO	Connection refused to http://localhost:3000/post/
ACTION	Send POST requests to Queue Manager	1	Request POST request	1350995848543	1350995848545	1350995848543	1350995848543	KO	Connection refused to http://localhost:3000/post/
ACTION	Send POST requests to Queue Manager	1	Request POST request	1350995849444	1350995849446	1350995849444	1350995849444	KO	Connection refused to http://localhost:3000/post/
ACTION	Send POST requests to Queue Manager	1	Request POST request	1350995850594	1350995850596	1350995850594	1350995850594	KO	Connection refused to http://localhost:3000/post/
ACTION	Send POST requests to Queue Manager	1	Request POST request	1350995851493	1350995851495	1350995851493	1350995851493	KO	Connection refused to http://localhost:3000/post/
ACTION	Send POST requests to Queue Manager	1	Request POST request	1350995852643	1350995852645	1350995852643	1350995852643	KO	Connection refused to http://localhost:3000/post/
ACTION	Send POST requests to Queue Manager	1	Request POST request	1350995853543	1350995853545	1350995853543	1350995853543	KO	Connection refused to http://localhost:3000/post/
ACTION	Send POST requests to Queue Manager	1	Request POST request	1350995854693	1350995854695	1350995854693	1350995854693	KO	Connection refused to http://localhost:3000/post/
ACTION	Send POST requests to Queue Manager	1	Request POST request	1350995855594	1350995855595	1350995855594	1350995855594	KO	Connection refused to http://localhost:3000/post/
ACTION	Send POST requests to Queue Manager	1	Request POST request	1350995856743	1350995856745	1350995856743	1350995856743	KO	Connection refused to http://localhost:3000/post/
ACTION	Send POST requests to Queue Manager	1	Request POST request	1350995857643	1350995857645	1350995857643	1350995857643	KO	Connection refused to http://localhost:3000/post/
ACTION	Send POST requests to Queue Manager	1	Request POST request	1350995858794	1350995858796	1350995858794	1350995858794	KO	Connection refused to http://localhost:3000/post/
ACTION	Send POST requests to Queue Manager	1	Request POST request	1350995859693	1350995859695	1350995859693	1350995859693	KO	Connection refused to http://localhost:3000/post/
ACTION	Send POST requests to Queue Manager	1	Request POST request	1350995860844	1350995860847	1350995860844	1350995860844	KO	Connection refused to http://localhost:3000/post/
ACTION	Send POST requests to Queue Manager	1	Request POST request	1350995861743	1350995861745	1350995861743	1350995861743	KO	Connection refused to http://localhost:3000/post/
ACTION	Send POST requests to Queue Manager	1	Request POST request	1350995862893	1350995862895	1350995862893	1350995862893	KO	Connection refused to http://localhost:3000/post/
ACTION	Send POST requests to Queue Manager	1	Request POST request	1350995863793	1350995863795	1350995863793	1350995863793	KO	Connection refused to http://localhost:3000/post/
ACTION	Send POST requests to Queue Manager	1	Request POST request	1350995864943	1350995864945	1350995864943	1350995864943	KO	Connection refused to http://localhost:3000/post/
ACTION	Send POST requests to Queue Manager	1	Request POST request	1350995865844	1350995865845	1350995865844	1350995865844	KO	Connection refused to http://localhost:3000/post/
ACTION	Send POST requests to Queue Manager	1	Request POST request	1350995866995	1350995866997	1350995866995	1350995866995	KO	Connection refused to http://localhost:3000/post/
ACTION	Send POST requests to Queue Manager	1	Request POST request	1350995867905	1350995867907	1350995867905	1350995867905	KO	Connection refused to http://localhost:3000/post/
ACTION	Send POST requests to Queue Manager	1	Request POST request	1350995869043	1350995869045	1350995869043	1350995869043	KO	Connection refused to http://localhost:3000/post/
ACTION	Send POST requests to Queue Manager	1	Request POST request	1350995869943	1350995869945	1350995869943	1350995869943	KO	Connection refused to http://localhost:3000/post/
ACTION	Send POST requests to Queue Manager	1	Request POST request	1350995871093	1350995871094	1350995871093	1350995871093	KO	Connection refused to http://localhost:3000/post/
ACTION	Send POST requests to Queue Manager	1	Request POST request	1350995871993	1350995871995	1350995871993	1350995871993	KO	Connection refused to http://localhost:3000/post/
ACTION	Send POST requests to Queue Manager	1	Request POST request	1350995873143	1350995873145	1350995873143	1350995873143	KO	Connection refused to http://localhost:3000/post/
ACTION	Send POST requests to Queue Manager	1	Request POST request	1350995874043	1350995874046	1350995874043	1350995874043	KO	Connection refused to http://localhost:3000/post/
ACTION	Send POST requests to Queue Manager	1	Request POST request	1350995875193	1350995875195	1350995875193	1350995875193	KO	Connection refused to http://localhost:3000/post/
ACTION	Send POST requests to Queue Manager	1	Request POST request	1350995876094	1350995876095	1350995876094	1350995876094	KO	Connection refused to http://localhost:3000/post/
ACTION	Send POST requests to Queue Manager	1	Request POST request	1350995877242	1350995877244	1350995877242	1350995877242	KO	Connection refused to http://localhost:3000/post/
ACTION	Send POST requests to Queue Manager	1	Request POST request	1350995878143	1350995878145	1350995878143	1350995878143	KO	Connection refused to http://localhost:3000/post/
ACTION	Send POST requests to Queue Manager	1	Request POST request	1350995879293	1350995879295	1350995879293	1350995879293	KO	Connection refused to http://localhost:3000/post/
ACTION	Send POST requests to Queue Manager	1	Request POST request	1350995880193	1350995880195	1350995880193	1350995880193	KO	Connection refused to http://localhost:3000/post/
ACTION	Send POST requests to Queue Manager	1	Request POST request	1350995881343	1350995881345	1350995881343	1350995881343	KO	Connection refused to http://localhost:3000/post/
ACTION	Send POST requests to Queue Manager	1	Request POST request	1350995882243	1350995882245	1350995882243	1350995882243	KO	Connection refused to http://localhost:3000/post/
ACTION	Send POST requests to Queue Manager	1	Request POST request	1350995883393	1350995883395	1350995883393	1350995883393	KO	Connection refused to http://localhost:3000/post/
ACTION	Send POST requests to Queue Manager	1	Request POST request	1350995884293	1350995884295	1350995884293	1350995884293	KO	Connection refused to http://localhost:3000/post/
ACTION	Send POST requests to Queue Manager	1	Request POST request	1350995885443	1350995885444	1350995885443	1350995885443	KO	Connection refused to http://localhost:3000/post/
ACTION	Send POST requests to Queue Manager	1	Request POST request	1350995886343	1350995886345	1350995886343	1350995886343	KO	Connection refused to http://localhost:3000/post/
ACTION	Send POST requests to Queue Manager	1	Request POST request	1350995887493	1350995887495	1350995887493	1350995887493	KO	Connection refused to http://localhost:3000/post/
ACTION	Send POST requests to Queue Manager	1	Request POST request	1350995888393	1350995888395	1350995888393	1350995888393	KO	Connection refused to http://localhost:3000/post/
ACTION	Send POST requests to Queue Manager	1	Request POST request	1350995889543	1350995889545	1350995889543	1350995889543	KO	Connection refused to http://localhost:3000/post/
ACTION	Send POST requests to Queue Manager	1	Request POST request	1350995890443	1350995890445	1350995890443	1350995890443	KO	Connection refused to http://localhost:3000/post/
ACTION	Send POST requests to Queue Manager	1	Request POST request	1350995891593	1350995891599	1350995891593	1350995891593	KO	Connection refused to http://localhost:3000/post/
ACTION	Send POST requests to Queue Manager	1	Request POST request	1350995892493	1350995892495	1350995892493	1350995892493	KO	Connection refused to http://localhost:3000/post/
ACTION	Send POST requests to Queue Manager	1	Request POST request	1350995893644	1350995893646	1350995893644	1350995893644	KO	Connection refused to http://localhost:3000/post/
ACTION	Send POST requests to Queue Manager	1	Request POST request	1350995894544	1350995894545	1350995894544	1350995894544	KO	Connection refused to http://localhost:3000/post/
ACTION	Send POST requests to Queue Manager	1	Request POST request	1350995895693	1350995895695	1350995895693	1350995895693	KO	Connection refused to http://localhost:3000/post/
ACTION	Send POST requests to Queue Manager	1	Request POST request	1350995896593	1350995896595	1350995896593	1350995896593	KO	Connection refused to http://localhost:3000/post/
ACTION	Send POST requests to Queue Manager	1	Request POST request	1350995897743	1350995897745	1350995897743	1350995897743	KO	Connection refused to http://localhost:3000/post/
ACTION	Send POST requests to Queue Manager	1	Request POST request	1350995898643	1350995898645	1350995898643	1350995898643	KO	Connection refused to http://localhost:3000/post/
ACTION	Send POST requests to Queue Manager	1	Request POST request	1350995899794	1350995899796	1350995899794	1350995899794	KO	Connection refused to http://localhost:3000/post/
ACTION	Send POST requests to Queue Manager	1	Request POST request	1350995900693	1350995900695	1350995900693	1350995900693	KO	Connection refused to http://localhost:3000/post/
ACTION	Send POST requests to Queue Manager	1	Request POST request	1350995901844	1350995901846	1350995901844	1350995901844	KO	Connection refused to http://localhost:3000/post/
ACTION	Send POST requests to Queue Manager	1	Request POST request	1350995902743	1350995902745	1350995902743	1350995902743	KO	Connection refused to http://localhost:3000/post/
ACTION	Send POST requests to Queue Manager	1	Request POST request	1350995903893	1350995903895	1350995903893	1350995903893	KO	Connection refused to http://localhost:3000/post/
ACTION	Send POST requests to Queue Manager	1	Request POST request	1350995904793	1350995904794	1350995904793	1350995904793	KO	Connection refused to http://localhost:3000/post/
ACTION	Send POST requests to Queue Manager	1	Request POST request	1350995905944	1350995905946	1350995905944	1350995905944	KO	Connection refused to http://localhost:3000/post/
ACTION	Send POST requests to Queue Manager	1	Request POST request	1350995906844	1350995906846	1350995906844	1350995906844	KO	Connection refused to http://localhost:3000/post/
ACTION	Send POST requests to Queue Manager	1	Request POST request	1350995907993	1350995907995	1350995907993	1350995907993	KO	Connection refused to http://localhost:3000/post/
ACTION	Send POST requests to Queue Manager	1	Request POST request	1350995908893	1350995908895	1350995908893	1350995908893	KO	Connection refused to http://localhost:3000/post/
ACTION	Send POST requests to Queue Manager	1	Request POST request	1350995910044	1350995910046	1350995910044	1350995910044	KO	Connection refused to http://localhost:3000/post/
ACTION	Send POST requests to Queue Manager	1	Request POST request	1350995910943	1350995910945	1350995910943	1350995910943	KO	Connection refused to http://localhost:3000/post/
ACTION	Send POST requests to Queue Manager	1	Request POST request	1350995912093	1350995912095	1350995912093	1350995912093	KO	Connection refused to http://localhost:3000/post/
ACTION	Send POST requests to Queue Manager	1	Request POST request	1350995912993	1350995912995	1350995912993	1350995912993	KO	Connection refused to http://localhost:3000/post/
ACTION	Send POST requests to Queue Manager	1	Request POST request	1350995914143	1350995914145	1350995914143	1350995914143	KO	Connection refused to http://localhost:3000/post/
ACTION	Send POST requests to Queue Manager	1	Request POST request	1350995915043	1350995915045	1350995915043	1350995915043	KO	Connection refused to http://localhost:3000/post/
ACTION	Send POST requests to Queue Manager	1	Request POST request	1350995916193	1350995916195	1350995916193	1350995916193	KO	Connection refused to http://localhost:3000/post/
ACTION	Send POST requests to Queue Manager	1	Request POST request	1350995917093	1350995917095	1350995917093	1350995917093	KO	Connection refused to http://localhost:3000/post/
ACTION	Send POST requests to Queue Manager	1	Request POST request	1350995918243	1350995918245	1350995918243	1350995918243	KO	Connection refused to http://localhost:3000/post/
ACTION	Send POST requests to Queue Manager	1	Request POST request	1350995919144	1350995919145	1350995919144	1350995919144	KO	Connection refused to http://localhost:3000/post/
ACTION	Send POST requests to Queue Manager	1	Request POST request	1350995920293	1350995920294	1350995920293	1350995920293	KO	Connection refused to http://localhost:3000/post/
ACTION	Send POST requests to Queue Manager	1	Request POST request	1350995921193	1350995921195	1350995921193	1350995921193	KO	Connection refused to http://localhost:3000/post/
ACTION	Send POST requests to Queue Manager	1	Request POST request	1350995922343	1350995922346	1350995922343	1350995922343	KO	Connection refused to http://localhost:3000/post/
ACTION	Send POST requests to Queue Manager	1	Request POST request	1350995923243	1350995923245	1350995923243	1350995923243	KO	Connection refused to http://localhost:3000/post/
ACTION	Send POST requests to Queue Manager	1	Request POST request	1350995924394	1350995924396	1350995924394	1350995924394	KO	Connection refused to http://localhost:3000/post/
ACTION	Send POST requests to Queue Manager	1	Request POST request	1350995925295	1350995925297	1350995925295	1350995925295	KO	Connection refused to http://localhost:3000/post/
ACTION	Send POST requests to Queue Manager	1	Request POST request	1350995926444	1350995926446	1350995926444	1350995926444	KO	Connection refused to http://localhost:3000/post/
ACTION	Send POST requests to Queue Manager	1	Request POST request	1350995927344	1350995927346	1350995927344	1350995927344	KO	Connection refused to http://localhost:3000/post/
ACTION	Send POST requests to Queue Manager	1	Request POST request	1350995928494	1350995928496	1350995928494	1350995928494	KO	Connection refused to http://localhost:3000/post/
ACTION	Send POST requests to Queue Manager	1	Request POST request	1350995929398	1350995929509	1350995929398	1350995929398	KO	Connection refused to http://localhost:3000/post/
ACTION	Send POST requests to Queue Manager	1	Request POST request	1350995930652	1350995930655	1350995930652	1350995930652	KO	Connection refused to http://localhost:3000/post/
ACTION	Send POST requests to Queue Manager	1	Request POST request	1350995931543	1350995931545	1350995931543	1350995931543	KO	Connection refused to http://localhost:3000/post/
ACTION	Send POST requests to Queue Manager	1	Request POST request	1350995932694	1350995932696	1350995932694	1350995932694	KO	Connection refused to http://localhost:3000/post/
ACTION	Send POST requests to Queue Manager	1	Request POST request	1350995933593	1350995933595	1350995933593	1350995933593	KO	Connection refused to http://localhost:3000/post/
ACTION	Send POST requests to Queue Manager	1	Request POST request	1350995934742	1350995934744	1350995934742	1350995934742	KO	Connection refused to http://localhost:3000/post/
ACTION	Send POST requests to Queue Manager	1	Request POST request	1350995935644	1350995935645	1350995935644	1350995935644	KO	Connection refused to http://localhost:3000/post/
ACTION	Send POST requests to Queue Manager	1	Request POST request	1350995936794	1350995936796	1350995936794	1350995936794	KO	Connection refused to http://localhost:3000/post/
ACTION	Send POST requests to Queue Manager	1	Request POST request	1350995937694	1350995937696	1350995937694	1350995937694	KO	Connection refused to http://localhost:3000/post/
ACTION	Send POST requests to Queue Manager	1	Request POST request	1350995938843	1350995938845	1350995938843	1350995938843	KO	Connection refused to http://localhost:3000/post/
ACTION	Send POST requests to Queue Manager	1	Request POST request	1350995939743	1350995939745	1350995939743	1350995939743	KO	Connection refused to http://localhost:3000/post/
ACTION	Send POST requests to Queue Manager	1	Request POST request	1350995940893	1350995940895	1350995940893	1350995940893	KO	Connection refused to http://localhost:3000/post/
ACTION	Send POST requests to Queue Manager	1	Request POST request	1350995941793	1350995941795	1350995941793	1350995941793	KO	Connection refused to http://localhost:3000/post/
ACTION	Send POST requests to Queue Manager	1	Request POST request	1350995942943	1350995942945	1350995942943	1350995942943	KO	Connection refused to http://localhost:3000/post/
ACTION	Send POST requests to Queue Manager	1	Request POST request	1350995943844	1350995943846	1350995943844	1350995943844	KO	Connection refused to http://localhost:3000/post/
ACTION	Send POST requests to Queue Manager	1	Request POST request	1350995944994	1350995944996	1350995944994	1350995944994	KO	Connection refused to http://localhost:3000/post/
ACTION	Send POST requests to Queue Manager	1	Request POST request	1350995945894	1350995945895	1350995945894	1350995945894	KO	Connection refused to http://localhost:3000/post/
ACTION	Send POST requests to Queue Manager	1	Request POST request	1350995947044	1350995947046	1350995947044	1350995947044	KO	Connection refused to http://localhost:3000/post/
ACTION	Send POST requests to Queue Manager	1	Request POST request	1350995947943	1350995947945	1350995947943	1350995947943	KO	Connection refused to http://localhost:3000/post/
ACTION	Send POST requests to Queue Manager	1	Request POST request	1350995949093	1350995949095	1350995949093	1350995949093	KO	Connection refused to http://localhost:3000/post/
ACTION	Send POST requests to Queue Manager	1	Request POST request	1350995949992	1350995949994	1350995949992	1350995949992	KO	Connection refused to http://localhost:3000/post/
ACTION	Send POST requests to Queue Manager	1	Request POST request	1350995951143	1350995951145	1350995951143	1350995951143	KO	Connection refused to http://localhost:3000/post/
ACTION	Send POST requests to Queue Manager	1	Request POST request	1350995952043	1350995952045	1350995952043	1350995952043	KO	Connection refused to http://localhost:3000/post/
ACTION	Send POST requests to Queue Manager	1	Request POST request	1350995953193	1350995953195	1350995953193	1350995953193	KO	Connection refused to http://localhost:3000/post/
ACTION	Send POST requests to Queue Manager	1	Request POST request	1350995954093	1350995954095	1350995954093	1350995954093	KO	Connection refused to http://localhost:3000/post/
ACTION	Send POST requests to Queue Manager	1	Request POST request	1350995955243	1350995955245	1350995955243	1350995955243	KO	Connection refused to http://localhost:3000/post/
ACTION	Send POS