RUN	20121023103420	run	run
ACTION	Send POST requests to Queue Manager	1	Start of scenario	1350981262610	1350981262610	1350981262610	1350981262610	OK	 
ACTION	Send POST requests to Queue Manager	1	Request POST request	1350981262777	1350981322802	1350981262782	1350981262782	KO	No response received after 60000
ACTION	Send POST requests to Queue Manager	1	Request POST request	1350981322812	1350981322825	1350981322815	1350981322824	OK	 
ACTION	Send POST requests to Queue Manager	1	Request POST request	1350981322836	1350981322852	1350981322840	1350981322852	OK	 
ACTION	Send POST requests to Queue Manager	1	Request POST request	1350981322855	1350981322865	1350981322858	1350981322865	OK	 
ACTION	Send POST requests to Queue Manager	1	Request POST request	1350981322867	1350981322874	1350981322868	1350981322873	OK	 
ACTION	Send POST requests to Queue Manager	1	Request POST request	1350981322875	1350981322882	1350981322876	1350981322882	OK	 
ACTION	Send POST requests to Queue Manager	1	Request POST request	1350981322883	1350981322889	1350981322885	1350981322889	OK	 
ACTION	Send POST requests to Queue Manager	1	Request POST request	1350981322891	1350981322901	1350981322898	1350981322901	OK	 
ACTION	Send POST requests to Queue Manager	1	Request POST request	1350981322902	1350981322908	1350981322902	1350981322908	OK	 
ACTION	Send POST requests to Queue Manager	1	Request POST request	1350981322910	1350981322916	1350981322910	1350981322916	OK	 
ACTION	Send POST requests to Queue Manager	1	Request POST request	1350981322917	1350981322925	1350981322919	1350981322925	OK	 
ACTION	Send POST requests to Queue Manager	1	Request POST request	1350981322926	1350981322932	1350981322926	1350981322932	OK	 
ACTION	Send POST requests to Queue Manager	1	Request POST request	1350981322934	1350981322940	1350981322934	1350981322940	OK	 
ACTION	Send POST requests to Queue Manager	1	Request POST request	1350981322942	1350981322948	1350981322942	1350981322948	OK	 
ACTION	Send POST requests to Queue Manager	1	Request POST request	1350981322949	1350981322955	1350981322950	1350981322955	OK	 
ACTION	Send POST requests to Queue Manager	1	Request POST request	1350981322956	1350981322963	1350981322957	1350981322963	OK	 
ACTION	Send POST requests to Queue Manager	1	Request POST request	1350981322966	1350981322972	1350981322968	1350981322972	OK	 
ACTION	Send POST requests to Queue Manager	1	Request POST request	1350981322973	1350981322979	1350981322973	1350981322979	OK	 
ACTION	Send POST requests to Queue Manager	1	Request POST request	1350981322981	1350981322987	1350981322981	1350981322987	OK	 
ACTION	Send POST requests to Queue Manager	1	Request POST request	1350981322987	1350981322994	1350981322987	1350981322993	OK	 
ACTION	Send POST requests to Queue Manager	1	Request POST request	1350981322995	1350981323001	1350981322995	1350981323001	OK	 
ACTION	Send POST requests to Queue Manager	1	Request POST request	1350981323003	1350981323010	1350981323004	1350981323009	OK	 
ACTION	Send POST requests to Queue Manager	1	Request POST request	1350981323010	1350981323016	1350981323010	1350981323016	OK	 
ACTION	Send POST requests to Queue Manager	1	Request POST request	1350981323017	1350981323023	1350981323017	1350981323023	OK	 
ACTION	Send POST requests to Queue Manager	1	Request POST request	1350981323025	1350981323032	1350981323027	1350981323032	OK	 
ACTION	Send POST requests to Queue Manager	1	Request POST request	1350981323033	1350981323041	1350981323034	1350981323040	OK	 
ACTION	Send POST requests to Queue Manager	1	Request POST request	1350981323042	1350981323049	1350981323042	1350981323049	OK	 
ACTION	Send POST requests to Queue Manager	1	Request POST request	1350981323051	1350981323058	1350981323051	1350981323058	OK	 
ACTION	Send POST requests to Queue Manager	1	Request POST request	1350981323059	1350981323069	1350981323068	1350981323069	OK	 
ACTION	Send POST requests to Queue Manager	1	Request POST request	1350981323071	1350981323091	1350981323077	1350981323090	OK	 
ACTION	Send POST requests to Queue Manager	1	Request POST request	1350981323092	1350981323099	1350981323094	1350981323099	OK	 
ACTION	Send POST requests to Queue Manager	1	Request POST request	1350981323100	1350981323115	1350981323101	1350981323115	OK	 
ACTION	Send POST requests to Queue Manager	1	Request POST request	1350981323118	1350981323128	1350981323125	1350981323128	OK	 
ACTION	Send POST requests to Queue Manager	1	Request POST request	1350981323130	1350981323136	1350981323131	1350981323136	OK	 
ACTION	Send POST requests to Queue Manager	1	Request POST request	1350981323137	1350981323158	1350981323137	1350981323158	OK	 
ACTION	Send POST requests to Queue Manager	1	Request POST request	1350981323159	1350981323166	1350981323160	1350981323166	OK	 
ACTION	Send POST requests to Queue Manager	1	Request POST request	1350981323168	1350981323192	1350981323168	1350981323192	OK	 
ACTION	Send POST requests to Queue Manager	1	Request POST request	1350981323193	1350981323201	1350981323194	1350981323201	OK	 
ACTION	Send POST requests to Queue Manager	1	Request POST request	1350981323202	1350981323212	1350981323211	1350981323212	OK	 
ACTION	Send POST requests to Queue Manager	1	Request POST request	1350981323214	1350981323227	1350981323216	1350981323227	OK	 
ACTION	Send POST requests to Queue Manager	1	Request POST request	1350981323229	1350981323235	1350981323229	1350981323235	OK	 
ACTION	Send POST requests to Queue Manager	1	Request POST request	1350981323236	1350981323270	1350981323236	1350981323270	OK	 
ACTION	Send POST requests to Queue Manager	1	Request POST request	1350981323274	1350981323282	1350981323274	1350981323282	OK	 
ACTION	Send POST requests to Queue Manager	1	Request POST request	1350981323283	1350981323314	1350981323283	1350981323314	OK	 
ACTION	Send POST requests to Queue Manager	1	Request POST request	1350981323315	1350981323320	1350981323315	1350981323320	OK	 
ACTION	Send POST requests to Queue Manager	1	Request POST request	1350981323323	1350981323336	1350981323323	1350981323335	OK	 
ACTION	Send POST requests to Queue Manager	1	Request POST request	1350981323338	1350981323348	1350981323338	1350981323348	OK	 
ACTION	Send POST requests to Queue Manager	1	Request POST request	1350981323349	1350981323364	1350981323350	1350981323364	OK	 
ACTION	Send POST requests to Queue Manager	1	Request POST request	1350981323369	1350981323379	1350981323371	1350981323379	OK	 
ACTION	Send POST requests to Queue Manager	1	Request POST request	1350981323380	1350981323386	1350981323380	1350981323386	OK	 
ACTION	Send POST requests to Queue Manager	1	Request POST request	1350981323387	1350981323407	1350981323387	1350981323406	OK	 
ACTION	Send POST requests to Queue Manager	1	Request POST request	1350981323408	1350981323415	1350981323408	1350981323414	OK	 
ACTION	Send POST requests to Queue Manager	1	Request POST request	1350981323416	1350981323424	1350981323416	1350981323423	OK	 
ACTION	Send POST requests to Queue Manager	1	Request POST request	1350981323426	1350981323434	1350981323426	1350981323434	OK	 
ACTION	Send POST requests to Queue Manager	1	Request POST request	1350981323436	1350981323450	1350981323436	1350981323450	OK	 
ACTION	Send POST requests to Queue Manager	1	Request POST request	1350981323452	1350981323458	1350981323452	1350981323458	OK	 
ACTION	Send POST requests to Queue Manager	1	Request POST request	1350981323459	1350981323466	1350981323459	1350981323466	OK	 
ACTION	Send POST requests to Queue Manager	1	Request POST request	1350981323468	1350981323474	1350981323468	1350981323474	OK	 
ACTION	Send POST requests to Queue Manager	1	Request POST request	1350981323475	1350981323485	1350981323475	1350981323484	OK	 
ACTION	Send POST requests to Queue Manager	1	Request POST request	1350981323486	1350981323493	1350981323486	1350981323492	OK	 
ACTION	Send POST requests to Queue Manager	1	Request POST request	1350981323495	1350981323502	1350981323495	1350981323502	OK	 
ACTION	Send POST requests to Queue Manager	1	Request POST request	1350981323503	1350981323509	1350981323503	1350981323509	OK	 
ACTION	Send POST requests to Queue Manager	1	Request POST request	1350981323510	1350981323515	1350981323510	1350981323515	OK	 
ACTION	Send POST requests to Queue Manager	1	Request POST request	1350981323517	1350981323526	1350981323517	1350981323526	OK	 
ACTION	Send POST requests to Queue Manager	1	Request POST request	1350981323528	1350981323535	1350981323528	1350981323534	OK	 
ACTION	Send POST requests to Queue Manager	1	Request POST request	1350981323535	1350981323541	1350981323535	1350981323541	OK	 
ACTION	Send POST requests to Queue Manager	1	Request POST request	1350981323542	1350981323548	1350981323542	1350981323548	OK	 
ACTION	Send POST requests to Queue Manager	1	Request POST request	1350981323550	1350981323556	1350981323550	1350981323556	OK	 
ACTION	Send POST requests to Queue Manager	1	Request POST request	1350981323557	1350981323563	1350981323557	1350981323563	OK	 
ACTION	Send POST requests to Queue Manager	1	Request POST request	1350981323564	1350981323570	1350981323564	1350981323570	OK	 
ACTION	Send POST requests to Queue Manager	1	Request POST request	1350981323572	1350981323578	1350981323572	1350981323578	OK	 
ACTION	Send POST requests to Queue Manager	1	Request POST request	1350981323580	1350981323588	1350981323580	1350981323588	OK	 
ACTION	Send POST requests to Queue Manager	1	Request POST request	1350981323590	1350981323596	1350981323590	1350981323595	OK	 
ACTION	Send POST requests to Queue Manager	1	Request POST request	1350981323597	1350981323603	1350981323597	1350981323603	OK	 
ACTION	Send POST requests to Queue Manager	1	Request POST request	1350981323604	1350981323609	1350981323604	1350981323609	OK	 
ACTION	Send POST requests to Queue Manager	1	Request POST request	1350981323611	1350981323616	1350981323611	1350981323616	OK	 
ACTION	Send POST requests to Queue Manager	1	Request POST request	1350981323617	1350981323624	1350981323617	1350981323624	OK	 
ACTION	Send POST requests to Queue Manager	1	Request POST request	1350981323626	1350981323631	1350981323626	1350981323631	OK	 
ACTION	Send POST requests to Queue Manager	1	Request POST request	1350981323632	1350981323637	1350981323632	1350981323637	OK	 
ACTION	Send POST requests to Queue Manager	1	Request POST request	1350981323638	1350981323645	1350981323638	1350981323645	OK	 
ACTION	Send POST requests to Queue Manager	1	Request POST request	1350981323647	1350981323652	1350981323647	1350981323652	OK	 
ACTION	Send POST requests to Queue Manager	1	Request POST request	1350981323654	1350981323660	1350981323654	1350981323660	OK	 
ACTION	Send POST requests to Queue Manager	1	Request POST request	1350981323663	1350981323668	1350981323663	1350981323668	OK	 
ACTION	Send POST requests to Queue Manager	1	Request POST request	1350981323669	1350981323675	1350981323669	1350981323675	OK	 
ACTION	Send POST requests to Queue Manager	1	Request POST request	1350981323676	1350981323682	1350981323676	1350981323682	OK	 
ACTION	Send POST requests to Queue Manager	1	Request POST request	1350981323683	1350981323689	1350981323683	1350981323689	OK	 
ACTION	Send POST requests to Queue Manager	1	Request POST request	1350981323690	1350981323696	1350981323690	1350981323695	OK	 
ACTION	Send POST requests to Queue Manager	1	Request POST request	1350981323698	1350981323703	1350981323698	1350981323703	OK	 
ACTION	Send POST requests to Queue Manager	1	Request POST request	1350981323705	1350981323711	1350981323705	1350981323711	OK	 
ACTION	Send POST requests to Queue Manager	1	Request POST request	1350981323713	1350981323719	1350981323713	1350981323719	OK	 
ACTION	Send POST requests to Queue Manager	1	Request POST request	1350981323720	1350981323726	1350981323720	1350981323726	OK	 
ACTION	Send POST requests to Queue Manager	1	Request POST request	1350981323727	1350981323733	1350981323727	1350981323732	OK	 
ACTION	Send POST requests to Queue Manager	1	Request POST request	1350981323734	1350981323740	1350981323734	1350981323740	OK	 
ACTION	Send POST requests to Queue Manager	1	Request POST request	1350981323741	1350981323746	1350981323741	1350981323746	OK	 
ACTION	Send POST requests to Queue Manager	1	Request POST request	1350981323748	1350981323755	1350981323748	1350981323754	OK	 
ACTION	Send POST requests to Queue Manager	1	Request POST request	1350981323764	1350981323770	1350981323764	1350981323770	OK	 
ACTION	Send POST requests to Queue Manager	1	Request POST request	1350981323772	1350981323781	1350981323772	1350981323781	OK	 
ACTION	Send POST requests to Queue Manager	1	Request POST request	1350981323782	1350981323787	1350981323782	1350981323787	OK	 
ACTION	Send POST requests to Queue Manager	1	Request POST request	1350981323788	1350981323794	1350981323788	1350981323794	OK	 
ACTION	Send POST requests to Queue Manager	1	Request POST request	1350981323796	1350981323803	1350981323796	1350981323802	OK	 
ACTION	Send POST requests to Queue Manager	1	Request POST request	1350981323804	1350981323810	1350981323804	1350981323809	OK	 
ACTION	Send POST requests to Queue Manager	1	Request POST request	1350981323811	1350981323817	1350981323811	1350981323817	OK	 
ACTION	Send POST requests to Queue Manager	1	Request POST request	1350981323818	1350981323823	1350981323818	1350981323823	OK	 
ACTION	Send POST requests to Queue Manager	1	Request POST request	1350981323825	1350981323830	1350981323825	1350981323830	OK	 
ACTION	Send POST requests to Queue Manager	1	Request POST request	1350981323831	1350981323837	1350981323831	1350981323837	OK	 
ACTION	Send POST requests to Queue Manager	1	Request POST request	1350981323838	1350981323843	1350981323838	1350981323843	OK	 
ACTION	Send POST requests to Queue Manager	1	Request POST request	1350981323845	1350981323851	1350981323845	1350981323851	OK	 
ACTION	Send POST requests to Queue Manager	1	Request POST request	1350981323852	1350981323858	1350981323852	1350981323858	OK	 
ACTION	Send POST requests to Queue Manager	1	Request POST request	1350981323859	1350981323865	1350981323859	1350981323864	OK	 
ACTION	Send POST requests to Queue Manager	1	Request POST request	1350981323866	1350981323872	1350981323866	1350981323871	OK	 
ACTION	Send POST requests to Queue Manager	1	Request POST request	1350981323873	1350981323878	1350981323873	1350981323878	OK	 
ACTION	Send POST requests to Queue Manager	1	Request POST request	1350981323879	1350981323884	1350981323879	1350981323884	OK	 
ACTION	Send POST requests to Queue Manager	1	Request POST request	1350981323886	1350981323892	1350981323886	1350981323892	OK	 
ACTION	Send POST requests to Queue Manager	1	Request POST request	1350981323893	1350981323900	1350981323893	1350981323900	OK	 
ACTION	Send POST requests to Queue Manager	1	Request POST request	1350981323902	1350981323909	1350981323902	1350981323908	OK	 
ACTION	Send POST requests to Queue Manager	1	Request POST request	1350981323910	1350981323917	1350981323910	1350981323917	OK	 
ACTION	Send POST requests to Queue Manager	1	Request POST request	1350981323918	1350981323924	1350981323918	1350981323924	OK	 
ACTION	Send POST requests to Queue Manager	1	Request POST request	1350981323925	1350981323930	1350981323925	1350981323930	OK	 
ACTION	Send POST requests to Queue Manager	1	Request POST request	1350981323932	1350981323939	1350981323932	1350981323939	OK	 
ACTION	Send POST requests to Queue Manager	1	Request POST request	1350981323941	1350981323947	1350981323941	1350981323947	OK	 
ACTION	Send POST requests to Queue Manager	1	Request POST request	1350981323949	1350981323955	1350981323949	1350981323954	OK	 
ACTION	Send POST requests to Queue Manager	1	Request POST request	1350981323955	1350981323961	1350981323955	1350981323961	OK	 
ACTION	Send POST requests to Queue Manager	1	Request POST request	1350981323963	1350981323968	1350981323963	1350981323968	OK	 
ACTION	Send POST requests to Queue Manager	1	Request POST request	1350981323969	1350981323975	1350981323969	1350981323975	OK	 
ACTION	Send POST requests to Queue Manager	1	Request POST request	1350981323976	1350981323981	1350981323976	1350981323981	OK	 
ACTION	Send POST requests to Queue Manager	1	Request POST request	1350981323982	1350981323988	1350981323982	1350981323988	OK	 
ACTION	Send POST requests to Queue Manager	1	Request POST request	1350981323990	1350981323996	1350981323990	1350981323995	OK	 
ACTION	Send POST requests to Queue Manager	1	Request POST request	1350981323996	1350981324001	1350981323996	1350981324001	OK	 
ACTION	Send POST requests to Queue Manager	1	Request POST request	1350981324004	1350981324011	1350981324004	1350981324011	OK	 
ACTION	Send POST requests to Queue Manager	1	Request POST request	1350981324012	1350981324018	1350981324012	1350981324018	OK	 
ACTION	Send POST requests to Queue Manager	1	Request POST request	1350981324020	1350981324025	1350981324020	1350981324025	OK	 
ACTION	Send POST requests to Queue Manager	1	Request POST request	1350981324026	1350981324032	1350981324026	1350981324032	OK	 
ACTION	Send POST requests to Queue Manager	1	Request POST request	1350981324034	1350981324041	1350981324034	1350981324041	OK	 
ACTION	Send POST requests to Queue Manager	1	Request POST request	1350981324043	1350981324048	1350981324043	1350981324048	OK	 
ACTION	Send POST requests to Queue Manager	1	Request POST request	1350981324050	1350981324056	1350981324050	1350981324056	OK	 
ACTION	Send POST requests to Queue Manager	1	Request POST request	1350981324057	1350981324063	1350981324057	1350981324063	OK	 
ACTION	Send POST requests to Queue Manager	1	Request POST request	1350981324064	1350981324069	1350981324064	1350981324069	OK	 
ACTION	Send POST requests to Queue Manager	1	Request POST request	1350981324072	1350981324089	1350981324072	1350981324089	OK	 
ACTION	Send POST requests to Queue Manager	1	Request POST request	1350981324090	1350981324097	1350981324091	1350981324096	OK	 
ACTION	Send POST requests to Queue Manager	1	Request POST request	1350981324098	1350981324113	1350981324098	1350981324110	OK	 
ACTION	Send POST requests to Queue Manager	1	Request POST request	1350981324115	1350981324123	1350981324115	1350981324123	OK	 
ACTION	Send POST requests to Queue Manager	1	Request POST request	1350981324125	1350981324131	1350981324125	1350981324131	OK	 
ACTION	Send POST requests to Queue Manager	1	Request POST request	1350981324132	1350981324140	1350981324132	1350981324139	OK	 
ACTION	Send POST requests to Queue Manager	1	Request POST request	1350981324142	1350981324157	1350981324142	1350981324157	OK	 
ACTION	Send POST requests to Queue Manager	1	Request POST request	1350981324159	1350981324166	1350981324159	1350981324165	OK	 
ACTION	Send POST requests to Queue Manager	1	Request POST request	1350981324168	1350981324188	1350981324168	1350981324187	OK	 
ACTION	Send POST requests to Queue Manager	1	Request POST request	1350981324190	1350981324196	1350981324190	1350981324196	OK	 
ACTION	Send POST requests to Queue Manager	1	Request POST request	1350981324197	1350981324213	1350981324197	1350981324213	OK	 
ACTION	Send POST requests to Queue Manager	1	Request POST request	1350981324218	1350981324225	1350981324219	1350981324225	OK	 
ACTION	Send POST requests to Queue Manager	1	Request POST request	1350981324226	1350981324232	1350981324226	1350981324231	OK	 
ACTION	Send POST requests to Queue Manager	1	Request POST request	1350981324233	1350981324249	1350981324233	1350981324249	OK	 
ACTION	Send POST requests to Queue Manager	1	Request POST request	1350981324255	1350981324275	1350981324255	1350981324274	OK	 
ACTION	Send POST requests to Queue Manager	1	Request POST request	1350981324276	1350981324283	1350981324276	1350981324283	OK	 
ACTION	Send POST requests to Queue Manager	1	Request POST request	1350981324285	1350981324305	1350981324285	1350981324304	OK	 
ACTION	Send POST requests to Queue Manager	1	Request POST request	1350981324305	1350981324311	1350981324305	1350981324311	OK	 
ACTION	Send POST requests to Queue Manager	1	Request POST request	1350981324313	1350981324326	1350981324313	1350981324326	OK	 
ACTION	Send POST requests to Queue Manager	1	Request POST request	1350981324330	1350981324340	1350981324330	1350981324340	OK	 
ACTION	Send POST requests to Queue Manager	1	Request POST request	1350981324343	1350981324349	1350981324343	1350981324349	OK	 
ACTION	Send POST requests to Queue Manager	1	Request POST request	1350981324351	1350981324359	1350981324351	1350981324359	OK	 
ACTION	Send POST requests to Queue Manager	1	Request POST request	1350981324362	1350981324382	1350981324364	1350981324382	OK	 
ACTION	Send POST requests to Queue Manager	1	Request POST request	1350981324384	1350981324399	1350981324384	1350981324399	OK	 
ACTION	Send POST requests to Queue Manager	1	Request POST request	1350981324400	1350981324411	1350981324400	1350981324410	OK	 
ACTION	Send POST requests to Queue Manager	1	Request POST request	1350981324416	1350981324425	1350981324417	1350981324425	OK	 
ACTION	Send POST requests to Queue Manager	1	Request POST request	1350981324428	1350981324433	1350981324428	1350981324433	OK	 
ACTION	Send POST requests to Queue Manager	1	Request POST request	1350981324434	1350981324440	1350981324434	1350981324440	OK	 
ACTION	Send POST requests to Queue Manager	1	Request POST request	1350981324442	1350981324448	1350981324442	1350981324448	OK	 
ACTION	Send POST requests to Queue Manager	1	Request POST request	1350981324450	1350981324456	1350981324450	1350981324456	OK	 
ACTION	Send POST requests to Queue Manager	1	Request POST request	1350981324457	1350981324463	1350981324457	1350981324463	OK	 
ACTION	Send POST requests to Queue Manager	1	Request POST request	1350981324465	1350981324473	1350981324465	1350981324473	OK	 
ACTION	Send POST requests to Queue Manager	1	Request POST request	1350981324474	1350981324480	1350981324474	1350981324480	OK	 
ACTION	Send POST requests to Queue Manager	1	Request POST request	1350981324482	1350981324488	1350981324482	1350981324488	OK	 
ACTION	Send POST requests to Queue Manager	1	Request POST request	1350981324490	1350981324497	1350981324490	1350981324497	OK	 
ACTION	Send POST requests to Queue Manager	1	Request POST request	1350981324499	1350981324506	1350981324499	1350981324506	OK	 
ACTION	Send POST requests to Queue Manager	1	Request POST request	1350981324506	1350981324512	1350981324506	1350981324512	OK	 
ACTION	Send POST requests to Queue Manager	1	Request POST request	1350981324514	1350981324521	1350981324514	1350981324520	OK	 
ACTION	Send POST requests to Queue Manager	1	Request POST request	1350981324523	1350981324530	1350981324523	1350981324530	OK	 
ACTION	Send POST requests to Queue Manager	1	Request POST request	1350981324532	1350981324540	1350981324532	1350981324540	OK	 
ACTION	Send POST requests to Queue Manager	1	Request POST request	1350981324542	1350981324551	1350981324544	1350981324551	OK	 
ACTION	Send POST requests to Queue Manager	1	Request POST request	1350981324553	1350981324560	1350981324553	1350981324560	OK	 
ACTION	Send POST requests to Queue Manager	1	Request POST request	1350981324561	1350981324567	1350981324561	1350981324567	OK	 
ACTION	Send POST requests to Queue Manager	1	Request POST request	1350981324568	1350981324574	1350981324568	1350981324574	OK	 
ACTION	Send POST requests to Queue Manager	1	Request POST request	1350981324575	1350981324580	1350981324575	1350981324580	OK	 
ACTION	Send POST requests to Queue Manager	1	Request POST request	1350981324582	1350981324588	1350981324582	1350981324588	OK	 
ACTION	Send POST requests to Queue Manager	1	Request POST request	1350981324590	1350981324595	1350981324590	1350981324595	OK	 
ACTION	Send POST requests to Queue Manager	1	Request POST request	1350981324596	1350981324602	1350981324596	1350981324602	OK	 
ACTION	Send POST requests to Queue Manager	1	Request POST request	1350981324604	1350981324610	1350981324604	1350981324610	OK	 
ACTION	Send POST requests to Queue Manager	1	Request POST request	1350981324611	1350981324617	1350981324611	1350981324617	OK	 
ACTION	Send POST requests to Queue Manager	1	Request POST request	1350981324619	1350981324625	1350981324619	1350981324625	OK	 
ACTION	Send POST requests to Queue Manager	1	Request POST request	1350981324626	1350981324632	1350981324626	1350981324632	OK	 
ACTION	Send POST requests to Queue Manager	1	Request POST request	1350981324633	1350981324638	1350981324633	1350981324638	OK	 
ACTION	Send POST requests to Queue Manager	1	Request POST request	1350981324640	1350981324646	1350981324640	1350981324646	OK	 
ACTION	Send POST requests to Queue Manager	1	Request POST request	1350981324648	1350981324656	1350981324648	1350981324656	OK	 
ACTION	Send POST requests to Queue Manager	1	Request POST request	1350981324657	1350981324663	1350981324657	1350981324663	OK	 
ACTION	Send POST requests to Queue Manager	1	Request POST request	1350981324665	1350981324671	1350981324665	1350981324670	OK	 
ACTION	Send POST requests to Queue Manager	1	Request POST request	1350981324672	1350981324678	1350981324672	1350981324678	OK	 
ACTION	Send POST requests to Queue Manager	1	Request POST request	1350981324680	1350981324686	1350981324680	1350981324685	OK	 
ACTION	Send POST requests to Queue Manager	1	Request POST request	1350981324687	1350981324693	1350981324687	1350981324692	OK	 
ACTION	Send POST requests to Queue Manager	1	Request POST request	1350981324693	1350981324699	1350981324693	1350981324699	OK	 
ACTION	Send POST requests to Queue Manager	1	Request POST request	1350981324700	1350981324706	1350981324700	1350981324706	OK	 
ACTION	Send POST requests to Queue Manager	1	Request POST request	1350981324708	1350981324713	1350981324708	1350981324713	OK	 
ACTION	Send POST requests to Queue Manager	1	Request POST request	1350981324714	1350981324720	1350981324714	1350981324720	OK	 
ACTION	Send POST requests to Queue Manager	1	Request POST request	1350981324722	1350981324729	1350981324722	1350981324729	OK	 
ACTION	Send POST requests to Queue Manager	1	Request POST request	1350981324731	1350981324742	1350981324731	1350981324742	OK	 
ACTION	Send POST requests to Queue Manager	1	Request POST request	1350981324745	1350981324756	1350981324745	1350981324756	OK	 
ACTION	Send POST requests to Queue Manager	1	Request POST request	1350981324757	1350981324763	1350981324757	1350981324763	OK	 
ACTION	Send POST requests to Queue Manager	1	Request POST request	1350981324764	1350981324770	1350981324764	1350981324770	OK	 
ACTION	Send POST requests to Queue Manager	1	Request POST request	1350981324771	1350981324776	1350981324771	1350981324776	OK	 
ACTION	Send POST requests to Queue Manager	1	Request POST request	1350981324778	1350981324783	1350981324778	1350981324783	OK	 
ACTION	Send POST requests to Queue Manager	1	Request POST request	1350981324784	1350981324789	1350981324784	1350981324789	OK	 
ACTION	Send POST requests to Queue Manager	1	Request POST request	1350981324790	1350981324795	1350981324790	1350981324795	OK	 
ACTION	Send POST requests to Queue Manager	1	Request POST request	1350981324796	1350981324803	1350981324796	1350981324802	OK	 
ACTION	Send POST requests to Queue Manager	1	Request POST request	1350981324804	1350981324809	1350981324804	1350981324809	OK	 
ACTION	Send POST requests to Queue Manager	1	Request POST request	1350981324811	1350981324817	1350981324811	1350981324817	OK	 
ACTION	Send POST requests to Queue Manager	1	Request POST request	1350981324818	1350981324823	1350981324818	1350981324823	OK	 
ACTION	Send POST requests to Queue Manager	1	Request POST request	1350981324824	1350981324829	1350981324824	1350981324829	OK	 
ACTION	Send POST requests to Queue Manager	1	Request POST request	1350981324830	1350981324835	1350981324830	1350981324835	OK	 
ACTION	Send POST requests to Queue Manager	1	Request POST request	1350981324837	1350981324842	1350981324837	1350981324842	OK	 
ACTION	Send POST requests to Queue Manager	1	Request POST request	1350981324844	1350981324849	1350981324845	1350981324849	OK	 
ACTION	Send POST requests to Queue Manager	1	Request POST request	1350981324850	1350981324855	1350981324850	1350981324855	OK	 
ACTION	Send POST requests to Queue Manager	1	Request POST request	1350981324857	1350981324862	1350981324857	1350981324862	OK	 
ACTION	Send POST requests to Queue Manager	1	Request POST request	1350981324863	1350981324868	1350981324863	1350981324868	OK	 
ACTION	Send POST requests to Queue Manager	1	Request POST request	1350981324869	1350981324876	1350981324870	1350981324876	OK	 
ACTION	Send POST requests to Queue Manager	1	Request POST request	1350981324878	1350981324883	1350981324878	1350981324883	OK	 
ACTION	Send POST requests to Queue Manager	1	Request POST request	1350981324884	1350981324889	1350981324884	1350981324889	OK	 
ACTION	Send POST requests to Queue Manager	1	Request POST request	1350981324890	1350981324895	1350981324890	1350981324895	OK	 
ACTION	Send POST requests to Queue Manager	1	Request POST request	1350981324896	1350981324901	1350981324896	1350981324901	OK	 
ACTION	Send POST requests to Queue Manager	1	Request POST request	1350981324903	1350981324908	1350981324903	1350981324908	OK	 
ACTION	Send POST requests to Queue Manager	1	Request POST request	1350981324910	1350981324915	1350981324910	1350981324915	OK	 
ACTION	Send POST requests to Queue Manager	1	Request POST request	1350981324916	1350981324922	1350981324916	1350981324922	OK	 
ACTION	Send POST requests to Queue Manager	1	Request POST request	1350981324923	1350981324928	1350981324923	1350981324928	OK	 
ACTION	Send POST requests to Queue Manager	1	Request POST request	1350981324929	1350981324934	1350981324929	1350981324934	OK	 
ACTION	Send POST requests to Queue Manager	1	Request POST request	1350981324936	1350981324942	1350981324936	1350981324941	OK	 
ACTION	Send POST requests to Queue Manager	1	Request POST request	1350981324943	1350981324948	1350981324943	1350981324948	OK	 
ACTION	Send POST requests to Queue Manager	1	Request POST request	1350981324949	1350981324954	1350981324949	1350981324954	OK	 
ACTION	Send POST requests to Queue Manager	1	Request POST request	1350981324955	1350981324960	1350981324955	1350981324960	OK	 
ACTION	Send POST requests to Queue Manager	1	Request POST request	1350981324962	1350981324967	1350981324962	1350981324967	OK	 
ACTION	Send POST requests to Queue Manager	1	Request POST request	1350981324968	1350981324974	1350981324968	1350981324974	OK	 
ACTION	Send POST requests to Queue Manager	1	Request POST request	1350981324975	1350981324980	1350981324975	1350981324980	OK	 
ACTION	Send POST requests to Queue Manager	1	Request POST request	1350981324981	1350981324986	1350981324981	1350981324986	OK	 
ACTION	Send POST requests to Queue Manager	1	Request POST request	1350981324988	1350981324993	1350981324988	1350981324993	OK	 
ACTION	Send POST requests to Queue Manager	1	Request POST request	1350981324994	1350981324999	1350981324994	1350981324999	OK	 
ACTION	Send POST requests to Queue Manager	1	Request POST request	1350981325000	1350981325007	1350981325000	1350981325007	OK	 
ACTION	Send POST requests to Queue Manager	1	Request POST request	1350981325009	1350981325015	1350981325009	1350981325015	OK	 
ACTION	Send POST requests to Queue Manager	1	Request POST request	1350981325016	1350981325022	1350981325016	1350981325022	OK	 
ACTION	Send POST requests to Queue Manager	1	Request POST request	1350981325023	1350981325028	1350981325023	1350981325028	OK	 
ACTION	Send POST requests to Queue Manager	1	Request POST request	1350981325030	1350981325037	1350981325030	1350981325036	OK	 
ACTION	Send POST requests to Queue Manager	1	Request POST request	1350981325038	1350981325044	1350981325038	1350981325044	OK	 
ACTION	Send POST requests to Queue Manager	1	Request POST request	1350981325046	1350981325052	1350981325046	1350981325052	OK	 
ACTION	Send POST requests to Queue Manager	1	Request POST request	1350981325054	1350981325059	1350981325054	1350981325059	OK	 
ACTION	Send POST requests to Queue Manager	1	Request POST request	1350981325061	1350981325067	1350981325064	1350981325066	OK	 
ACTION	Send POST requests to Queue Manager	1	Request POST request	1350981325068	1350981325076	1350981325068	1350981325075	OK	 
ACTION	Send POST requests to Queue Manager	1	Request POST request	1350981325078	1350981325094	1350981325078	1350981325094	OK	 
ACTION	Send POST requests to Queue Manager	1	Request POST request	1350981325095	1350981325101	1350981325095	1350981325101	OK	 
ACTION	Send POST requests to Queue Manager	1	Request POST request	1350981325103	1350981325122	1350981325103	1350981325122	OK	 
ACTION	Send POST requests to Queue Manager	1	Request POST request	1350981325124	1350981325130	1350981325124	1350981325130	OK	 
ACTION	Send POST requests to Queue Manager	1	Request POST request	1350981325131	1350981325142	1350981325131	1350981325142	OK	 
ACTION	Send POST requests to Queue Manager	1	Request POST request	1350981325149	1350981325158	1350981325150	1350981325157	OK	 
ACTION	Send POST requests to Queue Manager	1	Request POST request	1350981325159	1350981325165	1350981325159	1350981325165	OK	 
ACTION	Send POST requests to Queue Manager	1	Request POST request	1350981325166	1350981325184	1350981325166	1350981325184	OK	 
ACTION	Send POST requests to Queue Manager	1	Request POST request	1350981325186	1350981325192	1350981325186	1350981325192	OK	 
ACTION	Send POST requests to Queue Manager	1	Request POST request	1350981325193	1350981325198	1350981325193	1350981325198	OK	 
ACTION	Send POST requests to Queue Manager	1	Request POST request	1350981325200	1350981325216	1350981325201	1350981325216	OK	 
ACTION	Send POST requests to Queue Manager	1	Request POST request	1350981325220	1350981325226	1350981325221	1350981325226	OK	 
ACTION	Send POST requests to Queue Manager	1	Request POST request	1350981325228	1350981325234	1350981325228	1350981325234	OK	 
ACTION	Send POST requests to Queue Manager	1	Request POST request	1350981325235	1350981325256	1350981325235	1350981325256	OK	 
ACTION	Send POST requests to Queue Manager	1	Request POST request	1350981325258	1350981325267	1350981325258	1350981325267	OK	 
ACTION	Send POST requests to Queue Manager	1	Request POST request	1350981325270	1350981325281	1350981325271	1350981325280	OK	 
ACTION	Send POST requests to Queue Manager	1	Request POST request	1350981325282	1350981325295	1350981325282	1350981325295	OK	 
ACTION	Send POST requests to Queue Manager	1	Request POST request	1350981325298	1350981325308	1350981325298	1350981325308	OK	 
ACTION	Send POST requests to Queue Manager	1	Request POST request	1350981325310	1350981325316	1350981325310	1350981325316	OK	 
ACTION	Send POST requests to Queue Manager	1	Request POST request	1350981325317	1350981325337	1350981325317	1350981325337	OK	 
ACTION	Send POST requests to Queue Manager	1	Request POST request	1350981325338	1350981325347	1350981325338	1350981325347	OK	 
ACTION	Send POST requests to Queue Manager	1	Request POST request	1350981325349	1350981325370	1350981325349	1350981325370	OK	 
ACTION	Send POST requests to Queue Manager	1	Request POST request	1350981325372	1350981325378	1350981325372	1350981325378	OK	 
ACTION	Send POST requests to Queue Manager	1	Request POST request	1350981325380	1350981325386	1350981325380	1350981325385	OK	 
ACTION	Send POST requests to Queue Manager	1	Request POST request	1350981325388	1350981325407	1350981325388	1350981325407	OK	 
ACTION	Send POST requests to Queue Manager	1	Request POST request	1350981325408	1350981325414	1350981325408	1350981325414	OK	 
ACTION	Send POST requests to Queue Manager	1	Request POST request	1350981325415	1350981325421	1350981325415	1350981325421	OK	 
ACTION	Send POST requests to Queue Manager	1	Request POST request	1350981325422	1350981325428	1350981325422	1350981325428	OK	 
ACTION	Send POST requests to Queue Manager	1	Request POST request	1350981325430	1350981325436	1350981325430	1350981325436	OK	 
ACTION	Send POST requests to Queue Manager	1	Request POST request	1350981325437	1350981325442	1350981325437	1350981325442	OK	 
ACTION	Send POST requests to Queue Manager	1	Request POST request	1350981325444	1350981325449	1350981325444	1350981325449	OK	 
ACTION	Send POST requests to Queue Manager	1	Request POST request	1350981325451	1350981325460	1350981325451	1350981325460	OK	 
ACTION	Send POST requests to Queue Manager	1	Request POST request	1350981325462	1350981325467	1350981325462	1350981325467	OK	 
ACTION	Send POST requests to Queue Manager	1	Request POST request	1350981325468	1350981325473	1350981325468	1350981325473	OK	 
ACTION	Send POST requests to Queue Manager	1	Request POST request	1350981325475	1350981325480	1350981325475	1350981325480	OK	 
ACTION	Send POST requests to Queue Manager	1	Request POST request	1350981325482	1350981325487	1350981325482	1350981325487	OK	 
ACTION	Send POST requests to Queue Manager	1	Request POST request	1350981325488	1350981325493	1350981325488	1350981325493	OK	 
ACTION	Send POST requests to Queue Manager	1	Request POST request	1350981325494	1350981325499	1350981325494	1350981325499	OK	 
ACTION	Send POST requests to Queue Manager	1	Request POST request	1350981325501	1350981325506	1350981325501	1350981325506	OK	 
ACTION	Send POST requests to Queue Manager	1	Request POST request	1350981325507	1350981325512	1350981325507	1350981325512	OK	 
ACTION	Send POST requests to Queue Manager	1	Request POST request	1350981325513	1350981325518	1350981325513	1350981325518	OK	 
ACTION	Send POST requests to Queue Manager	1	Request POST request	1350981325520	1350981325525	1350981325520	1350981325525	OK	 
ACTION	Send POST requests to Queue Manager	1	Request POST request	1350981325526	1350981325531	1350981325526	1350981325531	OK	 
ACTION	Send POST requests to Queue Manager	1	Request POST request	1350981325532	1350981325538	1350981325532	1350981325537	OK	 
ACTION	Send POST requests to Queue Manager	1	Request POST request	1350981325539	1350981325544	1350981325539	1350981325544	OK	 
ACTION	Send POST requests to Queue Manager	1	Request POST request	1350981325545	1350981325551	1350981325545	1350981325551	OK	 
ACTION	Send POST requests to Queue Manager	1	Request POST request	1350981325553	1350981325558	1350981325553	1350981325558	OK	 
ACTION	Send POST requests to Queue Manager	1	Request POST request	1350981325560	1350981325565	1350981325560	1350981325565	OK	 
ACTION	Send POST requests to Queue Manager	1	Request POST request	1350981325567	1350981325572	1350981325567	1350981325572	OK	 
ACTION	Send POST requests to Queue Manager	1	End of scenario	1350981325573	1350981325573	1350981325573	1350981325573	OK	 
