RUN	20121023141452	run	run
ACTION	Send POST requests to Queue Manager	1	Start of scenario	1350994494872	1350994494872	1350994494872	1350994494872	OK	 
ACTION	Send POST requests to Queue Manager	1	Request POST request	1350994495938	1350994496093	1350994495957	1350994496090	OK	 
ACTION	Send POST requests to Queue Manager	1	Request POST request	1350994497122	1350994497178	1350994497125	1350994497178	OK	 
ACTION	Send POST requests to Queue Manager	1	Request POST request	1350994498207	1350994498266	1350994498208	1350994498266	OK	 
ACTION	Send POST requests to Queue Manager	1	Request POST request	1350994499256	1350994499292	1350994499258	1350994499292	OK	 
ACTION	Send POST requests to Queue Manager	1	Request POST request	1350994500307	1350994500339	1350994500308	1350994500339	OK	 
ACTION	Send POST requests to Queue Manager	1	Request POST request	1350994501356	1350994501411	1350994501357	1350994501411	OK	 
ACTION	Send POST requests to Queue Manager	1	Request POST request	1350994502406	1350994502436	1350994502407	1350994502436	OK	 
ACTION	Send POST requests to Queue Manager	1	Request POST request	1350994503458	1350994563476	1350994503461	1350994503461	KO	No response received after 60000
ACTION	Send POST requests to Queue Manager	1	Request POST request	1350994564506	1350994564539	1350994564515	1350994564539	OK	 
ACTION	Send POST requests to Queue Manager	1	Request POST request	1350994565556	1350994565580	1350994565557	1350994565580	OK	 
ACTION	Send POST requests to Queue Manager	1	Request POST request	1350994566606	1350994566629	1350994566607	1350994566629	OK	 
ACTION	Send POST requests to Queue Manager	1	Request POST request	1350994567656	1350994567681	1350994567657	1350994567681	OK	 
ACTION	Send POST requests to Queue Manager	1	Request POST request	1350994568706	1350994568731	1350994568708	1350994568731	OK	 
ACTION	Send POST requests to Queue Manager	1	Request POST request	1350994569756	1350994569780	1350994569757	1350994569780	OK	 
ACTION	Send POST requests to Queue Manager	1	Request POST request	1350994570807	1350994570834	1350994570810	1350994570834	OK	 
ACTION	Send POST requests to Queue Manager	1	Request POST request	1350994571857	1350994571883	1350994571859	1350994571883	OK	 
ACTION	Send POST requests to Queue Manager	1	Request POST request	1350994572907	1350994572935	1350994572909	1350994572935	OK	 
ACTION	Send POST requests to Queue Manager	1	Request POST request	1350994573956	1350994573980	1350994573957	1350994573980	OK	 
ACTION	Send POST requests to Queue Manager	1	Request POST request	1350994575006	1350994575033	1350994575007	1350994575033	OK	 
ACTION	Send POST requests to Queue Manager	1	Request POST request	1350994576057	1350994576078	1350994576058	1350994576078	OK	 
ACTION	Send POST requests to Queue Manager	1	Request POST request	1350994577106	1350994577127	1350994577107	1350994577127	OK	 
ACTION	Send POST requests to Queue Manager	1	Request POST request	1350994578107	1350994578127	1350994578107	1350994578127	OK	 
ACTION	Send POST requests to Queue Manager	1	Request POST request	1350994579156	1350994579177	1350994579157	1350994579177	OK	 
ACTION	Send POST requests to Queue Manager	1	Request POST request	1350994580157	1350994580180	1350994580157	1350994580180	OK	 
ACTION	Send POST requests to Queue Manager	1	Request POST request	1350994581206	1350994581235	1350994581208	1350994581235	OK	 
ACTION	Send POST requests to Queue Manager	1	Request POST request	1350994582256	1350994582280	1350994582257	1350994582280	OK	 
ACTION	Send POST requests to Queue Manager	1	Request POST request	1350994583306	1350994583332	1350994583307	1350994583332	OK	 
ACTION	Send POST requests to Queue Manager	1	Request POST request	1350994584356	1350994584382	1350994584360	1350994584382	OK	 
ACTION	Send POST requests to Queue Manager	1	Request POST request	1350994585406	1350994585429	1350994585407	1350994585429	OK	 
ACTION	Send POST requests to Queue Manager	1	Request POST request	1350994586456	1350994586477	1350994586457	1350994586477	OK	 
ACTION	Send POST requests to Queue Manager	1	Request POST request	1350994587456	1350994587481	1350994587458	1350994587481	OK	 
ACTION	Send POST requests to Queue Manager	1	Request POST request	1350994588506	1350994588529	1350994588508	1350994588529	OK	 
ACTION	Send POST requests to Queue Manager	1	Request POST request	1350994589556	1350994589587	1350994589559	1350994589587	OK	 
ACTION	Send POST requests to Queue Manager	1	Request POST request	1350994590606	1350994590628	1350994590607	1350994590628	OK	 
ACTION	Send POST requests to Queue Manager	1	Request POST request	1350994591656	1350994591675	1350994591657	1350994591675	OK	 
ACTION	Send POST requests to Queue Manager	1	Request POST request	1350994592656	1350994592678	1350994592657	1350994592678	OK	 
ACTION	Send POST requests to Queue Manager	1	Request POST request	1350994593706	1350994593730	1350994593707	1350994593730	OK	 
ACTION	Send POST requests to Queue Manager	1	Request POST request	1350994594757	1350994594774	1350994594758	1350994594774	OK	 
ACTION	Send POST requests to Queue Manager	1	Request POST request	1350994595756	1350994595775	1350994595758	1350994595775	OK	 
ACTION	Send POST requests to Queue Manager	1	Request POST request	1350994596807	1350994596830	1350994596808	1350994596830	OK	 
ACTION	Send POST requests to Queue Manager	1	Request POST request	1350994597807	1350994597833	1350994597808	1350994597833	OK	 
ACTION	Send POST requests to Queue Manager	1	Request POST request	1350994598906	1350994598930	1350994598906	1350994598930	OK	 
ACTION	Send POST requests to Queue Manager	1	Request POST request	1350994599907	1350994599927	1350994599907	1350994599927	OK	 
ACTION	Send POST requests to Queue Manager	1	Request POST request	1350994600956	1350994600978	1350994600956	1350994600978	OK	 
ACTION	Send POST requests to Queue Manager	1	Request POST request	1350994601956	1350994601990	1350994601956	1350994601990	OK	 
ACTION	Send POST requests to Queue Manager	1	Request POST request	1350994603057	1350994603080	1350994603058	1350994603080	OK	 
ACTION	Send POST requests to Queue Manager	1	Request POST request	1350994604056	1350994604085	1350994604056	1350994604085	OK	 
ACTION	Send POST requests to Queue Manager	1	Request POST request	1350994605157	1350994605177	1350994605158	1350994605177	OK	 
ACTION	Send POST requests to Queue Manager	1	Request POST request	1350994606157	1350994606176	1350994606157	1350994606176	OK	 
ACTION	Send POST requests to Queue Manager	1	Request POST request	1350994607206	1350994607228	1350994607206	1350994607227	OK	 
ACTION	Send POST requests to Queue Manager	1	Request POST request	1350994608206	1350994608226	1350994608206	1350994608226	OK	 
ACTION	Send POST requests to Queue Manager	1	Request POST request	1350994609256	1350994609279	1350994609257	1350994609278	OK	 
ACTION	Send POST requests to Queue Manager	1	Request POST request	1350994610256	1350994610277	1350994610257	1350994610277	OK	 
ACTION	Send POST requests to Queue Manager	1	Request POST request	1350994611306	1350994611327	1350994611307	1350994611327	OK	 
ACTION	Send POST requests to Queue Manager	1	Request POST request	1350994612307	1350994612327	1350994612308	1350994612327	OK	 
ACTION	Send POST requests to Queue Manager	1	Request POST request	1350994613356	1350994613377	1350994613357	1350994613377	OK	 
ACTION	Send POST requests to Queue Manager	1	Request POST request	1350994614356	1350994614376	1350994614357	1350994614376	OK	 
ACTION	Send POST requests to Queue Manager	1	Request POST request	1350994615406	1350994615430	1350994615406	1350994615430	OK	 
ACTION	Send POST requests to Queue Manager	1	Request POST request	1350994616406	1350994616445	1350994616407	1350994616445	OK	 
ACTION	Send POST requests to Queue Manager	1	Request POST request	1350994617506	1350994617527	1350994617507	1350994617527	OK	 
ACTION	Send POST requests to Queue Manager	1	Request POST request	1350994618506	1350994618527	1350994618507	1350994618527	OK	 
ACTION	Send POST requests to Queue Manager	1	Request POST request	1350994619558	1350994619582	1350994619558	1350994619582	OK	 
ACTION	Send POST requests to Queue Manager	1	Request POST request	1350994620606	1350994620627	1350994620606	1350994620627	OK	 
ACTION	Send POST requests to Queue Manager	1	Request POST request	1350994621607	1350994621641	1350994621608	1350994621641	OK	 
ACTION	Send POST requests to Queue Manager	1	Request POST request	1350994622706	1350994622727	1350994622706	1350994622727	OK	 
ACTION	Send POST requests to Queue Manager	1	Request POST request	1350994623706	1350994623725	1350994623707	1350994623725	OK	 
ACTION	Send POST requests to Queue Manager	1	Request POST request	1350994624756	1350994624780	1350994624757	1350994624780	OK	 
ACTION	Send POST requests to Queue Manager	1	Request POST request	1350994625756	1350994625778	1350994625757	1350994625778	OK	 
ACTION	Send POST requests to Queue Manager	1	Request POST request	1350994626857	1350994626878	1350994626858	1350994626878	OK	 
ACTION	Send POST requests to Queue Manager	1	Request POST request	1350994627806	1350994627829	1350994627807	1350994627829	OK	 
ACTION	Send POST requests to Queue Manager	1	Request POST request	1350994628907	1350994628925	1350994628907	1350994628925	OK	 
ACTION	Send POST requests to Queue Manager	1	Request POST request	1350994629856	1350994629876	1350994629856	1350994629876	OK	 
ACTION	Send POST requests to Queue Manager	1	Request POST request	1350994630955	1350994630977	1350994630955	1350994630977	OK	 
ACTION	Send POST requests to Queue Manager	1	Request POST request	1350994631906	1350994631925	1350994631906	1350994631925	OK	 
ACTION	Send POST requests to Queue Manager	1	Request POST request	1350994633006	1350994633027	1350994633006	1350994633027	OK	 
ACTION	Send POST requests to Queue Manager	1	Request POST request	1350994633956	1350994633976	1350994633957	1350994633976	OK	 
ACTION	Send POST requests to Queue Manager	1	Request POST request	1350994635056	1350994635076	1350994635057	1350994635076	OK	 
ACTION	Send POST requests to Queue Manager	1	Request POST request	1350994636006	1350994636024	1350994636006	1350994636023	OK	 
ACTION	Send POST requests to Queue Manager	1	Request POST request	1350994637106	1350994637130	1350994637107	1350994637130	OK	 
ACTION	Send POST requests to Queue Manager	1	Request POST request	1350994638056	1350994638079	1350994638057	1350994638079	OK	 
ACTION	Send POST requests to Queue Manager	1	Request POST request	1350994639206	1350994639227	1350994639206	1350994639227	OK	 
ACTION	Send POST requests to Queue Manager	1	Request POST request	1350994640107	1350994640134	1350994640107	1350994640134	OK	 
ACTION	Send POST requests to Queue Manager	1	Request POST request	1350994641306	1350994641531	1350994641306	1350994641531	OK	 
ACTION	Send POST requests to Queue Manager	1	Request POST request	1350994642406	1350994642434	1350994642407	1350994642434	OK	 
ACTION	Send POST requests to Queue Manager	1	Request POST request	1350994643606	1350994643629	1350994643606	1350994643629	OK	 
ACTION	Send POST requests to Queue Manager	1	Request POST request	1350994644506	1350994644526	1350994644507	1350994644526	OK	 
ACTION	Send POST requests to Queue Manager	1	Request POST request	1350994645656	1350994645678	1350994645657	1350994645678	OK	 
ACTION	Send POST requests to Queue Manager	1	Request POST request	1350994646556	1350994646577	1350994646556	1350994646577	OK	 
ACTION	Send POST requests to Queue Manager	1	Request POST request	1350994647757	1350994647779	1350994647758	1350994647778	OK	 
ACTION	Send POST requests to Queue Manager	1	Request POST request	1350994648656	1350994648676	1350994648657	1350994648676	OK	 
ACTION	Send POST requests to Queue Manager	1	Request POST request	1350994649806	1350994649826	1350994649806	1350994649826	OK	 
ACTION	Send POST requests to Queue Manager	1	Request POST request	1350994650706	1350994650732	1350994650706	1350994650732	OK	 
ACTION	Send POST requests to Queue Manager	1	Request POST request	1350994651858	1350994651878	1350994651858	1350994651878	OK	 
ACTION	Send POST requests to Queue Manager	1	Request POST request	1350994652806	1350994652837	1350994652807	1350994652837	OK	 
ACTION	Send POST requests to Queue Manager	1	Request POST request	1350994653956	1350994653977	1350994653957	1350994653977	OK	 
ACTION	Send POST requests to Queue Manager	1	Request POST request	1350994654906	1350994654929	1350994654907	1350994654929	OK	 
ACTION	Send POST requests to Queue Manager	1	Request POST request	1350994656014	1350994656033	1350994656014	1350994656033	OK	 
ACTION	Send POST requests to Queue Manager	1	Request POST request	1350994656957	1350994656986	1350994656957	1350994656986	OK	 
ACTION	Send POST requests to Queue Manager	1	Request POST request	1350994658106	1350994658131	1350994658107	1350994658131	OK	 
ACTION	Send POST requests to Queue Manager	1	Request POST request	1350994659057	1350994659081	1350994659058	1350994659081	OK	 
ACTION	Send POST requests to Queue Manager	1	Request POST request	1350994660207	1350994660229	1350994660208	1350994660229	OK	 
ACTION	Send POST requests to Queue Manager	1	Request POST request	1350994661156	1350994661179	1350994661156	1350994661179	OK	 
ACTION	Send POST requests to Queue Manager	1	Request POST request	1350994662306	1350994662330	1350994662307	1350994662330	OK	 
ACTION	Send POST requests to Queue Manager	1	Request POST request	1350994663256	1350994663276	1350994663256	1350994663276	OK	 
ACTION	Send POST requests to Queue Manager	1	Request POST request	1350994664356	1350994664383	1350994664357	1350994664382	OK	 
ACTION	Send POST requests to Queue Manager	1	Request POST request	1350994665306	1350994665328	1350994665307	1350994665328	OK	 
ACTION	Send POST requests to Queue Manager	1	Request POST request	1350994666457	1350994666490	1350994666457	1350994666490	OK	 
ACTION	Send POST requests to Queue Manager	1	Request POST request	1350994667406	1350994667439	1350994667406	1350994667439	OK	 
ACTION	Send POST requests to Queue Manager	1	Request POST request	1350994668556	1350994668576	1350994668556	1350994668576	OK	 
ACTION	Send POST requests to Queue Manager	1	Request POST request	1350994669507	1350994669526	1350994669508	1350994669526	OK	 
ACTION	Send POST requests to Queue Manager	1	Request POST request	1350994670606	1350994670625	1350994670606	1350994670625	OK	 
ACTION	Send POST requests to Queue Manager	1	Request POST request	1350994671556	1350994671575	1350994671557	1350994671575	OK	 
ACTION	Send POST requests to Queue Manager	1	Request POST request	1350994672656	1350994672677	1350994672657	1350994672677	OK	 
ACTION	Send POST requests to Queue Manager	1	Request POST request	1350994673607	1350994673639	1350994673607	1350994673639	OK	 
ACTION	Send POST requests to Queue Manager	1	Request POST request	1350994674756	1350994674775	1350994674757	1350994674775	OK	 
ACTION	Send POST requests to Queue Manager	1	Request POST request	1350994675706	1350994675725	1350994675706	1350994675725	OK	 
ACTION	Send POST requests to Queue Manager	1	Request POST request	1350994676807	1350994676826	1350994676808	1350994676826	OK	 
ACTION	Send POST requests to Queue Manager	1	Request POST request	1350994677756	1350994677776	1350994677757	1350994677776	OK	 
ACTION	Send POST requests to Queue Manager	1	Request POST request	1350994678856	1350994678874	1350994678857	1350994678874	OK	 
ACTION	Send POST requests to Queue Manager	1	Request POST request	1350994679806	1350994679825	1350994679807	1350994679825	OK	 
ACTION	Send POST requests to Queue Manager	1	Request POST request	1350994680907	1350994680929	1350994680908	1350994680929	OK	 
ACTION	Send POST requests to Queue Manager	1	Request POST request	1350994681857	1350994681877	1350994681858	1350994681877	OK	 
ACTION	Send POST requests to Queue Manager	1	Request POST request	1350994682956	1350994682978	1350994682956	1350994682978	OK	 
ACTION	Send POST requests to Queue Manager	1	Request POST request	1350994683907	1350994683926	1350994683908	1350994683926	OK	 
ACTION	Send POST requests to Queue Manager	1	Request POST request	1350994685006	1350994685025	1350994685007	1350994685025	OK	 
ACTION	Send POST requests to Queue Manager	1	Request POST request	1350994685956	1350994685977	1350994685957	1350994685977	OK	 
ACTION	Send POST requests to Queue Manager	1	Request POST request	1350994687055	1350994687075	1350994687055	1350994687075	OK	 
ACTION	Send POST requests to Queue Manager	1	Request POST request	1350994688006	1350994688029	1350994688007	1350994688029	OK	 
ACTION	Send POST requests to Queue Manager	1	Request POST request	1350994689106	1350994689125	1350994689107	1350994689125	OK	 
ACTION	Send POST requests to Queue Manager	1	Request POST request	1350994690056	1350994690078	1350994690056	1350994690078	OK	 
ACTION	Send POST requests to Queue Manager	1	Request POST request	1350994691157	1350994691179	1350994691158	1350994691178	OK	 
ACTION	Send POST requests to Queue Manager	1	Request POST request	1350994692107	1350994692129	1350994692108	1350994692129	OK	 
ACTION	Send POST requests to Queue Manager	1	Request POST request	1350994693207	1350994693234	1350994693209	1350994693234	OK	 
ACTION	Send POST requests to Queue Manager	1	Request POST request	1350994694206	1350994694231	1350994694206	1350994694231	OK	 
ACTION	Send POST requests to Queue Manager	1	Request POST request	1350994695307	1350994695328	1350994695308	1350994695327	OK	 
ACTION	Send POST requests to Queue Manager	1	Request POST request	1350994696256	1350994696283	1350994696257	1350994696283	OK	 
ACTION	Send POST requests to Queue Manager	1	Request POST request	1350994697407	1350994697435	1350994697407	1350994697435	OK	 
ACTION	Send POST requests to Queue Manager	1	Request POST request	1350994698356	1350994698375	1350994698357	1350994698374	OK	 
ACTION	Send POST requests to Queue Manager	1	Request POST request	1350994699506	1350994699527	1350994699506	1350994699527	OK	 
ACTION	Send POST requests to Queue Manager	1	Request POST request	1350994700406	1350994700436	1350994700406	1350994700435	OK	 
ACTION	Send POST requests to Queue Manager	1	Request POST request	1350994701606	1350994701633	1350994701607	1350994701633	OK	 
ACTION	Send POST requests to Queue Manager	1	Request POST request	1350994702506	1350994702536	1350994702507	1350994702536	OK	 
ACTION	Send POST requests to Queue Manager	1	Request POST request	1350994703706	1350994703737	1350994703707	1350994703737	OK	 
ACTION	Send POST requests to Queue Manager	1	Request POST request	1350994704606	1350994704631	1350994704607	1350994704630	OK	 
ACTION	Send POST requests to Queue Manager	1	Request POST request	1350994705807	1350994705831	1350994705808	1350994705831	OK	 
ACTION	Send POST requests to Queue Manager	1	Request POST request	1350994706707	1350994706734	1350994706707	1350994706734	OK	 
ACTION	Send POST requests to Queue Manager	1	Request POST request	1350994707905	1350994707930	1350994707905	1350994707929	OK	 
ACTION	Send POST requests to Queue Manager	1	Request POST request	1350994708807	1350994768811	1350994708808	1350994708808	KO	No response received after 60000
ACTION	Send POST requests to Queue Manager	1	Request POST request	1350994769956	1350994770002	1350994769966	1350994770002	OK	 
ACTION	Send POST requests to Queue Manager	1	Request POST request	1350994770906	1350994770939	1350994770907	1350994770939	OK	 
ACTION	Send POST requests to Queue Manager	1	Request POST request	1350994772056	1350994772086	1350994772057	1350994772086	OK	 
ACTION	Send POST requests to Queue Manager	1	Request POST request	1350994773006	1350994773032	1350994773007	1350994773032	OK	 
ACTION	Send POST requests to Queue Manager	1	Request POST request	1350994774156	1350994774186	1350994774158	1350994774185	OK	 
ACTION	Send POST requests to Queue Manager	1	Request POST request	1350994775107	1350994775137	1350994775107	1350994775137	OK	 
ACTION	Send POST requests to Queue Manager	1	Request POST request	1350994776257	1350994776361	1350994776257	1350994776361	OK	 
ACTION	Send POST requests to Queue Manager	1	Request POST request	1350994777256	1350994777285	1350994777256	1350994777285	OK	 
ACTION	Send POST requests to Queue Manager	1	Request POST request	1350994778407	1350994778433	1350994778408	1350994778433	OK	 
ACTION	Send POST requests to Queue Manager	1	Request POST request	1350994779356	1350994779382	1350994779357	1350994779382	OK	 
ACTION	Send POST requests to Queue Manager	1	Request POST request	1350994780506	1350994780532	1350994780506	1350994780532	OK	 
ACTION	Send POST requests to Queue Manager	1	Request POST request	1350994781456	1350994781485	1350994781457	1350994781485	OK	 
ACTION	Send POST requests to Queue Manager	1	Request POST request	1350994782607	1350994782634	1350994782608	1350994782634	OK	 
ACTION	Send POST requests to Queue Manager	1	Request POST request	1350994783556	1350994783583	1350994783556	1350994783583	OK	 
ACTION	Send POST requests to Queue Manager	1	Request POST request	1350994784707	1350994784732	1350994784707	1350994784732	OK	 
ACTION	Send POST requests to Queue Manager	1	Request POST request	1350994785657	1350994785684	1350994785658	1350994785684	OK	 
ACTION	Send POST requests to Queue Manager	1	Request POST request	1350994786806	1350994786831	1350994786806	1350994786831	OK	 
ACTION	Send POST requests to Queue Manager	1	Request POST request	1350994787757	1350994787786	1350994787757	1350994787785	OK	 
ACTION	Send POST requests to Queue Manager	1	Request POST request	1350994788907	1350994788934	1350994788908	1350994788934	OK	 
ACTION	Send POST requests to Queue Manager	1	Request POST request	1350994789856	1350994789880	1350994789856	1350994789880	OK	 
ACTION	Send POST requests to Queue Manager	1	Request POST request	1350994791006	1350994791043	1350994791006	1350994791043	OK	 
ACTION	Send POST requests to Queue Manager	1	Request POST request	1350994791956	1350994791980	1350994791956	1350994791980	OK	 
ACTION	Send POST requests to Queue Manager	1	Request POST request	1350994793116	1350994793247	1350994793116	1350994793246	OK	 
ACTION	Send POST requests to Queue Manager	1	Request POST request	1350994794156	1350994794186	1350994794157	1350994794185	OK	 
ACTION	Send POST requests to Queue Manager	1	Request POST request	1350994795307	1350994795332	1350994795308	1350994795332	OK	 
ACTION	Send POST requests to Queue Manager	1	Request POST request	1350994796257	1350994796281	1350994796257	1350994796281	OK	 
ACTION	Send POST requests to Queue Manager	1	Request POST request	1350994797407	1350994797436	1350994797407	1350994797436	OK	 
ACTION	Send POST requests to Queue Manager	1	Request POST request	1350994798357	1350994798383	1350994798357	1350994798383	OK	 
ACTION	Send POST requests to Queue Manager	1	Request POST request	1350994799506	1350994799536	1350994799507	1350994799536	OK	 
ACTION	Send POST requests to Queue Manager	1	Request POST request	1350994800458	1350994800491	1350994800458	1350994800491	OK	 
ACTION	Send POST requests to Queue Manager	1	Request POST request	1350994801606	1350994801631	1350994801607	1350994801631	OK	 
ACTION	Send POST requests to Queue Manager	1	Request POST request	1350994802557	1350994802583	1350994802557	1350994802583	OK	 
ACTION	Send POST requests to Queue Manager	1	Request POST request	1350994803707	1350994803731	1350994803707	1350994803731	OK	 
ACTION	Send POST requests to Queue Manager	1	Request POST request	1350994804656	1350994804681	1350994804656	1350994804681	OK	 
ACTION	Send POST requests to Queue Manager	1	Request POST request	1350994805806	1350994805836	1350994805807	1350994805836	OK	 
ACTION	Send POST requests to Queue Manager	1	Request POST request	1350994806756	1350994806787	1350994806757	1350994806787	OK	 
ACTION	Send POST requests to Queue Manager	1	Request POST request	1350994807906	1350994807933	1350994807906	1350994807933	OK	 
ACTION	Send POST requests to Queue Manager	1	Request POST request	1350994808857	1350994808885	1350994808858	1350994808884	OK	 
ACTION	Send POST requests to Queue Manager	1	Request POST request	1350994810006	1350994810031	1350994810006	1350994810031	OK	 
ACTION	Send POST requests to Queue Manager	1	Request POST request	1350994810957	1350994810982	1350994810958	1350994810982	OK	 
ACTION	Send POST requests to Queue Manager	1	Request POST request	1350994812106	1350994812130	1350994812106	1350994812130	OK	 
ACTION	Send POST requests to Queue Manager	1	Request POST request	1350994813056	1350994813081	1350994813056	1350994813081	OK	 
ACTION	Send POST requests to Queue Manager	1	Request POST request	1350994814205	1350994814234	1350994814205	1350994814234	OK	 
ACTION	Send POST requests to Queue Manager	1	Request POST request	1350994815157	1350994815187	135099481515